0 verbose cli C:\Program Files\nodejs\node.exe C:\Users\JuanR\AppData\Roaming\npm\node_modules\npm\bin\npm-cli.js
1 info using npm@10.7.0
2 info using node@v21.5.0
3 silly config:load:file:C:\Users\JuanR\AppData\Roaming\npm\node_modules\npm\npmrc
4 silly config:load:file:C:\Users\JuanR\Downloads\git\Commom-League\.npmrc
5 silly config:load:file:C:\Users\JuanR\.npmrc
6 silly config:load:file:C:\Users\JuanR\AppData\Roaming\npm\etc\npmrc
7 verbose title npm install
8 verbose argv "install"
9 verbose logfile logs-max:10 dir:C:\Users\JuanR\Downloads\git\Commom-League\UsersJuanRAppDataRoamingnpm-cache\_logs\2024-08-16T20_42_31_283Z-
10 verbose logfile C:\Users\JuanR\Downloads\git\Commom-League\UsersJuanRAppDataRoamingnpm-cache\_logs\2024-08-16T20_42_31_283Z-debug-0.log
11 silly logfile start cleaning logs, removing 2 files
12 silly logfile done cleaning log files
13 silly idealTree buildDeps
14 silly reify moves {}
15 silly audit bulk request {
15 silly audit   '@ampproject/remapping': [ '2.3.0' ],
15 silly audit   '@babel/code-frame': [ '7.24.7' ],
15 silly audit   '@babel/compat-data': [ '7.25.2' ],
15 silly audit   '@babel/core': [ '7.25.2' ],
15 silly audit   'convert-source-map': [ '2.0.0', '1.9.0' ],
15 silly audit   '@babel/generator': [ '7.25.0' ],
15 silly audit   '@babel/helper-compilation-targets': [ '7.25.2' ],
15 silly audit   '@babel/helper-module-imports': [ '7.24.7' ],
15 silly audit   '@babel/helper-module-transforms': [ '7.25.2' ],
15 silly audit   '@babel/helper-plugin-utils': [ '7.24.8' ],
15 silly audit   '@babel/helper-simple-access': [ '7.24.7' ],
15 silly audit   '@babel/helper-string-parser': [ '7.24.8' ],
15 silly audit   '@babel/helper-validator-identifier': [ '7.24.7' ],
15 silly audit   '@babel/helper-validator-option': [ '7.24.8' ],
15 silly audit   '@babel/helpers': [ '7.25.0' ],
15 silly audit   '@babel/highlight': [ '7.24.7' ],
15 silly audit   '@babel/parser': [ '7.25.3' ],
15 silly audit   '@babel/plugin-transform-react-jsx-self': [ '7.24.7' ],
15 silly audit   '@babel/plugin-transform-react-jsx-source': [ '7.24.7' ],
15 silly audit   '@babel/runtime': [ '7.25.0' ],
15 silly audit   '@babel/template': [ '7.25.0' ],
15 silly audit   '@babel/traverse': [ '7.25.3' ],
15 silly audit   '@babel/types': [ '7.25.2' ],
15 silly audit   '@emotion/babel-plugin': [ '11.12.0' ],
15 silly audit   '@emotion/cache': [ '11.13.1' ],
15 silly audit   '@emotion/hash': [ '0.9.2' ],
15 silly audit   '@emotion/is-prop-valid': [ '1.3.0', '1.2.2' ],
15 silly audit   '@emotion/memoize': [ '0.9.0', '0.8.1' ],
15 silly audit   '@emotion/react': [ '11.13.0' ],
15 silly audit   '@emotion/serialize': [ '1.3.0' ],
15 silly audit   '@emotion/sheet': [ '1.4.0' ],
15 silly audit   '@emotion/styled': [ '11.13.0' ],
15 silly audit   '@emotion/unitless': [ '0.9.0', '0.8.1' ],
15 silly audit   '@emotion/use-insertion-effect-with-fallbacks': [ '1.1.0' ],
15 silly audit   '@emotion/utils': [ '1.4.0' ],
15 silly audit   '@emotion/weak-memoize': [ '0.4.0' ],
15 silly audit   '@esbuild/win32-x64': [ '0.21.5' ],
15 silly audit   '@eslint-community/eslint-utils': [ '4.4.0' ],
15 silly audit   '@eslint-community/regexpp': [ '4.11.0' ],
15 silly audit   '@eslint/eslintrc': [ '2.1.4' ],
15 silly audit   globals: [ '13.24.0', '11.12.0' ],
15 silly audit   'type-fest': [ '0.20.2', '2.19.0' ],
15 silly audit   '@eslint/js': [ '8.57.0' ],
15 silly audit   '@humanwhocodes/config-array': [ '0.11.14' ],
15 silly audit   '@humanwhocodes/module-importer': [ '1.0.1' ],
15 silly audit   '@humanwhocodes/object-schema': [ '2.0.3' ],
15 silly audit   '@jridgewell/gen-mapping': [ '0.3.5' ],
15 silly audit   '@jridgewell/resolve-uri': [ '3.1.2' ],
15 silly audit   '@jridgewell/set-array': [ '1.2.1' ],
15 silly audit   '@jridgewell/sourcemap-codec': [ '1.5.0' ],
15 silly audit   '@jridgewell/trace-mapping': [ '0.3.25' ],
15 silly audit   '@mui/core-downloads-tracker': [ '5.16.7' ],
15 silly audit   '@mui/icons-material': [ '5.16.7' ],
15 silly audit   '@mui/material': [ '5.16.7' ],
15 silly audit   '@mui/private-theming': [ '5.16.6' ],
15 silly audit   '@mui/styled-engine': [ '5.16.6' ],
15 silly audit   '@mui/system': [ '5.16.7' ],
15 silly audit   '@mui/types': [ '7.2.15' ],
15 silly audit   '@mui/utils': [ '5.16.6' ],
15 silly audit   '@nodelib/fs.scandir': [ '2.1.5' ],
15 silly audit   '@nodelib/fs.stat': [ '2.0.5' ],
15 silly audit   '@nodelib/fs.walk': [ '1.2.8' ],
15 silly audit   '@popperjs/core': [ '2.11.8' ],
15 silly audit   '@remix-run/router': [ '1.19.1' ],
15 silly audit   '@rollup/pluginutils': [ '4.2.1' ],
15 silly audit   '@rollup/rollup-win32-x64-msvc': [ '4.20.0' ],
15 silly audit   '@tanstack/query-core': [ '5.51.21' ],
15 silly audit   '@tanstack/react-query': [ '5.51.23' ],
15 silly audit   '@types/babel__core': [ '7.20.5' ],
15 silly audit   '@types/babel__generator': [ '7.6.8' ],
15 silly audit   '@types/babel__template': [ '7.4.4' ],
15 silly audit   '@types/babel__traverse': [ '7.20.6' ],
15 silly audit   '@types/estree': [ '1.0.5' ],
15 silly audit   '@types/hoist-non-react-statics': [ '3.3.5' ],
15 silly audit   '@types/parse-json': [ '4.0.2' ],
15 silly audit   '@types/prop-types': [ '15.7.12' ],
15 silly audit   '@types/react': [ '18.3.3' ],
15 silly audit   '@types/react-dom': [ '18.3.0' ],
15 silly audit   '@types/react-transition-group': [ '4.4.11' ],
15 silly audit   '@types/stylis': [ '4.2.5' ],
15 silly audit   '@ungap/structured-clone': [ '1.2.0' ],
15 silly audit   '@vitejs/plugin-react': [ '4.3.1' ],
15 silly audit   '@vitejs/plugin-react-refresh': [ '1.3.6' ],
15 silly audit   'react-refresh': [ '0.10.0', '0.14.2' ],
15 silly audit   acorn: [ '8.12.1' ],
15 silly audit   'acorn-jsx': [ '5.3.2' ],
15 silly audit   ajv: [ '6.12.6' ],
15 silly audit   'ansi-regex': [ '5.0.1' ],
15 silly audit   'ansi-styles': [ '3.2.1', '4.3.0' ],
15 silly audit   argparse: [ '2.0.1' ],
15 silly audit   'array-buffer-byte-length': [ '1.0.1' ],
15 silly audit   'array-includes': [ '3.1.8' ],
15 silly audit   'array.prototype.findlast': [ '1.2.5' ],
15 silly audit   'array.prototype.flat': [ '1.3.2' ],
15 silly audit   'array.prototype.flatmap': [ '1.3.2' ],
15 silly audit   'array.prototype.tosorted': [ '1.1.4' ],
15 silly audit   'arraybuffer.prototype.slice': [ '1.0.3' ],
15 silly audit   asynckit: [ '0.4.0' ],
15 silly audit   'available-typed-arrays': [ '1.0.7' ],
15 silly audit   axios: [ '1.7.4' ],
15 silly audit   'babel-plugin-macros': [ '3.1.0' ],
15 silly audit   'balanced-match': [ '1.0.2' ],
15 silly audit   'bootstrap-icons': [ '1.11.3' ],
15 silly audit   'brace-expansion': [ '1.1.11' ],
15 silly audit   browserslist: [ '4.23.3' ],
15 silly audit   'call-bind': [ '1.0.7' ],
15 silly audit   callsites: [ '3.1.0' ],
15 silly audit   camelize: [ '1.0.1' ],
15 silly audit   'caniuse-lite': [ '1.0.30001651' ],
15 silly audit   chalk: [ '2.4.2', '4.1.2' ],
15 silly audit   'escape-string-regexp': [ '1.0.5', '4.0.0' ],
15 silly audit   clsx: [ '2.1.1' ],
15 silly audit   'color-convert': [ '1.9.3', '2.0.1' ],
15 silly audit   'color-name': [ '1.1.3', '1.1.4' ],
15 silly audit   'combined-stream': [ '1.0.8' ],
15 silly audit   'concat-map': [ '0.0.1' ],
15 silly audit   cors: [ '2.8.5' ],
15 silly audit   cosmiconfig: [ '7.1.0' ],
15 silly audit   'cross-spawn': [ '7.0.3' ],
15 silly audit   'css-color-keywords': [ '1.0.0' ],
15 silly audit   'css-to-react-native': [ '3.2.0' ],
15 silly audit   csstype: [ '3.1.3' ],
15 silly audit   'data-view-buffer': [ '1.0.1' ],
15 silly audit   'data-view-byte-length': [ '1.0.1' ],
15 silly audit   'data-view-byte-offset': [ '1.0.0' ],
15 silly audit   debug: [ '4.3.6' ],
15 silly audit   'deep-is': [ '0.1.4' ],
15 silly audit   deepmerge: [ '2.2.1' ],
15 silly audit   'define-data-property': [ '1.1.4' ],
15 silly audit   'define-properties': [ '1.2.1' ],
15 silly audit   'delayed-stream': [ '1.0.0' ],
15 silly audit   doctrine: [ '3.0.0', '2.1.0' ],
15 silly audit   'dom-helpers': [ '5.2.1' ],
15 silly audit   'electron-to-chromium': [ '1.5.9' ],
15 silly audit   'error-ex': [ '1.3.2' ],
15 silly audit   'es-abstract': [ '1.23.3' ],
15 silly audit   'es-define-property': [ '1.0.0' ],
15 silly audit   'es-errors': [ '1.3.0' ],
15 silly audit   'es-iterator-helpers': [ '1.0.19' ],
15 silly audit   'es-object-atoms': [ '1.0.0' ],
15 silly audit   'es-set-tostringtag': [ '2.0.3' ],
15 silly audit   'es-shim-unscopables': [ '1.0.2' ],
15 silly audit   'es-to-primitive': [ '1.2.1' ],
15 silly audit   esbuild: [ '0.21.5' ],
15 silly audit   escalade: [ '3.1.2' ],
15 silly audit   eslint: [ '8.57.0' ],
15 silly audit   'has-flag': [ '4.0.0', '3.0.0' ],
15 silly audit   'supports-color': [ '7.2.0', '5.5.0' ],
15 silly audit   'eslint-plugin-react': [ '7.35.0' ],
15 silly audit   resolve: [ '2.0.0-next.5', '1.22.8' ],
15 silly audit   'eslint-plugin-react-hooks': [ '4.6.2' ],
15 silly audit   'eslint-plugin-react-refresh': [ '0.4.9' ],
15 silly audit   'eslint-scope': [ '7.2.2' ],
15 silly audit   'eslint-visitor-keys': [ '3.4.3' ],
15 silly audit   espree: [ '9.6.1' ],
15 silly audit   esquery: [ '1.6.0' ],
15 silly audit   esrecurse: [ '4.3.0' ],
15 silly audit   estraverse: [ '5.3.0' ],
15 silly audit   'estree-walker': [ '2.0.2' ],
15 silly audit   esutils: [ '2.0.3' ],
15 silly audit   exenv: [ '1.2.2' ],
15 silly audit   'fast-deep-equal': [ '3.1.3' ],
15 silly audit   'fast-json-stable-stringify': [ '2.1.0' ],
15 silly audit   'fast-levenshtein': [ '2.0.6' ],
15 silly audit   fastq: [ '1.17.1' ],
15 silly audit   'file-entry-cache': [ '6.0.1' ],
15 silly audit   'find-root': [ '1.1.0' ],
15 silly audit   'find-up': [ '5.0.0' ],
15 silly audit   'flat-cache': [ '3.2.0' ],
15 silly audit   flatted: [ '3.3.1' ],
15 silly audit   'follow-redirects': [ '1.15.6' ],
15 silly audit   'for-each': [ '0.3.3' ],
15 silly audit   'form-data': [ '4.0.0' ],
15 silly audit   formik: [ '2.4.6' ],
15 silly audit   'fs.realpath': [ '1.0.0' ],
15 silly audit   'function-bind': [ '1.1.2' ],
15 silly audit   'function.prototype.name': [ '1.1.6' ],
15 silly audit   'functions-have-names': [ '1.2.3' ],
15 silly audit   gensync: [ '1.0.0-beta.2' ],
15 silly audit   'get-intrinsic': [ '1.2.4' ],
15 silly audit   'get-symbol-description': [ '1.0.2' ],
15 silly audit   glob: [ '7.2.3' ],
15 silly audit   'glob-parent': [ '6.0.2' ],
15 silly audit   globalthis: [ '1.0.4' ],
15 silly audit   gopd: [ '1.0.1' ],
15 silly audit   graphemer: [ '1.4.0' ],
15 silly audit   'has-bigints': [ '1.0.2' ],
15 silly audit   'has-property-descriptors': [ '1.0.2' ],
15 silly audit   'has-proto': [ '1.0.3' ],
15 silly audit   'has-symbols': [ '1.0.3' ],
15 silly audit   'has-tostringtag': [ '1.0.2' ],
15 silly audit   hasown: [ '2.0.2' ],
15 silly audit   'hoist-non-react-statics': [ '3.3.2' ],
15 silly audit   'react-is': [ '16.13.1', '18.3.1' ],
15 silly audit   'html-parse-stringify': [ '3.0.1' ],
15 silly audit   i18next: [ '23.13.0' ],
15 silly audit   'i18next-browser-languagedetector': [ '8.0.0' ],
15 silly audit   ignore: [ '5.3.2' ],
15 silly audit   immediate: [ '3.0.6' ],
15 silly audit   'import-fresh': [ '3.3.0' ],
15 silly audit   imurmurhash: [ '0.1.4' ],
15 silly audit   inflight: [ '1.0.6' ],
15 silly audit   inherits: [ '2.0.4' ],
15 silly audit   install: [ '0.13.0' ],
15 silly audit   'internal-slot': [ '1.0.7' ],
15 silly audit   invariant: [ '2.2.4' ],
15 silly audit   'is-array-buffer': [ '3.0.4' ],
15 silly audit   'is-arrayish': [ '0.2.1' ],
15 silly audit   'is-async-function': [ '2.0.0' ],
15 silly audit   'is-bigint': [ '1.0.4' ],
15 silly audit   'is-boolean-object': [ '1.1.2' ],
15 silly audit   'is-callable': [ '1.2.7' ],
15 silly audit   'is-core-module': [ '2.15.0' ],
15 silly audit   'is-data-view': [ '1.0.1' ],
15 silly audit   'is-date-object': [ '1.0.5' ],
15 silly audit   'is-extglob': [ '2.1.1' ],
15 silly audit   'is-finalizationregistry': [ '1.0.2' ],
15 silly audit   'is-generator-function': [ '1.0.10' ],
15 silly audit   'is-glob': [ '4.0.3' ],
15 silly audit   'is-map': [ '2.0.3' ],
15 silly audit   'is-negative-zero': [ '2.0.3' ],
15 silly audit   'is-number-object': [ '1.0.7' ],
15 silly audit   'is-path-inside': [ '3.0.3' ],
15 silly audit   'is-regex': [ '1.1.4' ],
15 silly audit   'is-set': [ '2.0.3' ],
15 silly audit   'is-shared-array-buffer': [ '1.0.3' ],
15 silly audit   'is-string': [ '1.0.7' ],
15 silly audit   'is-symbol': [ '1.0.4' ],
15 silly audit   'is-typed-array': [ '1.1.13' ],
15 silly audit   'is-weakmap': [ '2.0.2' ],
15 silly audit   'is-weakref': [ '1.0.2' ],
15 silly audit   'is-weakset': [ '2.0.3' ],
15 silly audit   isarray: [ '2.0.5' ],
15 silly audit   isexe: [ '2.0.0' ],
15 silly audit   'iterator.prototype': [ '1.1.2' ],
15 silly audit   'js-tokens': [ '4.0.0' ],
15 silly audit   'js-yaml': [ '4.1.0' ],
15 silly audit   jsesc: [ '2.5.2' ],
15 silly audit   'json-buffer': [ '3.0.1' ],
15 silly audit   'json-parse-even-better-errors': [ '2.3.1' ],
15 silly audit   'json-schema-traverse': [ '0.4.1' ],
15 silly audit   'json-stable-stringify-without-jsonify': [ '1.0.1' ],
15 silly audit   json5: [ '2.2.3' ],
15 silly audit   'jsx-ast-utils': [ '3.3.5' ],
15 silly audit   keyv: [ '4.5.4' ],
15 silly audit   levn: [ '0.4.1' ],
15 silly audit   lie: [ '3.1.1' ],
15 silly audit   'lines-and-columns': [ '1.2.4' ],
15 silly audit   localforage: [ '1.10.0' ],
15 silly audit   'locate-path': [ '6.0.0' ],
15 silly audit   lodash: [ '4.17.21' ],
15 silly audit   'lodash-es': [ '4.17.21' ],
15 silly audit   'lodash.merge': [ '4.6.2' ],
15 silly audit   'loose-envify': [ '1.4.0' ],
15 silly audit   'lru-cache': [ '5.1.1' ],
15 silly audit   'match-sorter': [ '6.3.4' ],
15 silly audit   'mime-db': [ '1.52.0' ],
15 silly audit   'mime-types': [ '2.1.35' ],
15 silly audit   minimatch: [ '3.1.2' ],
15 silly audit   ms: [ '2.1.2' ],
15 silly audit   nanoid: [ '3.3.7' ],
15 silly audit   'natural-compare': [ '1.4.0' ],
15 silly audit   'node-releases': [ '2.0.18' ],
15 silly audit   'object-assign': [ '4.1.1' ],
15 silly audit   'object-inspect': [ '1.13.2' ],
15 silly audit   'object-keys': [ '1.1.1' ],
15 silly audit   'object-path': [ '0.6.0' ],
15 silly audit   'object.assign': [ '4.1.5' ],
15 silly audit   'object.entries': [ '1.1.8' ],
15 silly audit   'object.fromentries': [ '2.0.8' ],
15 silly audit   'object.values': [ '1.2.0' ],
15 silly audit   once: [ '1.4.0' ],
15 silly audit   optionator: [ '0.9.4' ],
15 silly audit   'p-limit': [ '3.1.0' ],
15 silly audit   'p-locate': [ '5.0.0' ],
15 silly audit   'parent-module': [ '1.0.1' ],
15 silly audit   'parse-json': [ '5.2.0' ],
15 silly audit   'path-exists': [ '4.0.0' ],
15 silly audit   'path-is-absolute': [ '1.0.1' ],
15 silly audit   'path-key': [ '3.1.1' ],
15 silly audit   'path-parse': [ '1.0.7' ],
15 silly audit   'path-type': [ '4.0.0' ],
15 silly audit   picocolors: [ '1.0.1' ],
15 silly audit   picomatch: [ '2.3.1' ],
15 silly audit   'possible-typed-array-names': [ '1.0.0' ],
15 silly audit   postcss: [ '8.4.38', '8.4.41' ],
15 silly audit   'postcss-value-parser': [ '4.2.0' ],
15 silly audit   'prelude-ls': [ '1.2.1' ],
15 silly audit   'prop-types': [ '15.8.1' ],
15 silly audit   'property-expr': [ '2.0.6' ],
15 silly audit   'proxy-from-env': [ '1.1.0' ],
15 silly audit   punycode: [ '2.3.1' ],
15 silly audit   'queue-microtask': [ '1.2.3' ],
15 silly audit   react: [ '18.3.1' ],
15 silly audit   'react-dom': [ '18.3.1' ],
15 silly audit   'react-fast-compare': [ '2.0.4' ],
15 silly audit   'react-grid-system': [ '8.2.0' ],
15 silly audit   'react-hook-form': [ '7.52.2' ],
15 silly audit   'react-i18next': [ '14.1.3' ],
15 silly audit   'react-input-mask': [ '2.0.4' ],
15 silly audit   'react-lifecycles-compat': [ '3.0.4' ],
15 silly audit   'react-modal': [ '3.16.1' ],
15 silly audit   'react-router': [ '6.26.1' ],
15 silly audit   'react-router-dom': [ '6.26.1' ],
15 silly audit   'react-text-mask': [ '5.5.0' ],
15 silly audit   'react-transition-group': [ '4.4.5' ],
15 silly audit   'reflect.getprototypeof': [ '1.0.6' ],
15 silly audit   'regenerator-runtime': [ '0.14.1' ],
15 silly audit   'regexp.prototype.flags': [ '1.5.2' ],
15 silly audit   'remove-accents': [ '0.5.0' ],
15 silly audit   'resolve-from': [ '4.0.0' ],
15 silly audit   reusify: [ '1.0.4' ],
15 silly audit   rimraf: [ '3.0.2' ],
15 silly audit   rollup: [ '4.20.0' ],
15 silly audit   'run-parallel': [ '1.2.0' ],
15 silly audit   'safe-array-concat': [ '1.1.2' ],
15 silly audit   'safe-regex-test': [ '1.0.3' ],
15 silly audit   scheduler: [ '0.23.2' ],
15 silly audit   semver: [ '6.3.1' ],
15 silly audit   'set-function-length': [ '1.2.2' ],
15 silly audit   'set-function-name': [ '2.0.2' ],
15 silly audit   shallowequal: [ '1.1.0' ],
15 silly audit   'shebang-command': [ '2.0.0' ],
15 silly audit   'shebang-regex': [ '3.0.0' ],
15 silly audit   'side-channel': [ '1.0.6' ],
15 silly audit   'sort-by': [ '1.2.0' ],
15 silly audit   'source-map': [ '0.5.7' ],
15 silly audit   'source-map-js': [ '1.2.0' ],
15 silly audit   'string.prototype.matchall': [ '4.0.11' ],
15 silly audit   'string.prototype.repeat': [ '1.0.0' ],
15 silly audit   'string.prototype.trim': [ '1.2.9' ],
15 silly audit   'string.prototype.trimend': [ '1.0.8' ],
15 silly audit   'string.prototype.trimstart': [ '1.0.8' ],
15 silly audit   'strip-ansi': [ '6.0.1' ],
15 silly audit   'strip-json-comments': [ '3.1.1' ],
15 silly audit   'styled-components': [ '6.1.12' ],
15 silly audit   stylis: [ '4.3.2', '4.2.0' ],
15 silly audit   tslib: [ '2.6.2', '2.6.3' ],
15 silly audit   'supports-preserve-symlinks-flag': [ '1.0.0' ],
15 silly audit   swiper: [ '11.1.9' ],
15 silly audit   'text-table': [ '0.2.0' ],
15 silly audit   'tiny-case': [ '1.0.3' ],
15 silly audit   'tiny-warning': [ '1.0.3' ],
15 silly audit   'to-fast-properties': [ '2.0.0' ],
15 silly audit   toposort: [ '2.0.2' ],
15 silly audit   'type-check': [ '0.4.0' ],
15 silly audit   'typed-array-buffer': [ '1.0.2' ],
15 silly audit   'typed-array-byte-length': [ '1.0.1' ],
15 silly audit   'typed-array-byte-offset': [ '1.0.2' ],
15 silly audit   'typed-array-length': [ '1.0.6' ],
15 silly audit   typescript: [ '5.5.4' ],
15 silly audit   'unbox-primitive': [ '1.0.2' ],
15 silly audit   'update-browserslist-db': [ '1.1.0' ],
15 silly audit   'uri-js': [ '4.4.1' ],
15 silly audit   vary: [ '1.1.2' ],
15 silly audit   vite: [ '5.4.1' ],
15 silly audit   'void-elements': [ '3.1.0' ],
15 silly audit   warning: [ '4.0.3' ],
15 silly audit   which: [ '2.0.2' ],
15 silly audit   'which-boxed-primitive': [ '1.0.2' ],
15 silly audit   'which-builtin-type': [ '1.1.4' ],
15 silly audit   'which-collection': [ '1.0.2' ],
15 silly audit   'which-typed-array': [ '1.1.15' ],
15 silly audit   'word-wrap': [ '1.2.5' ],
15 silly audit   wrappy: [ '1.0.2' ],
15 silly audit   yallist: [ '3.1.1' ],
15 silly audit   yaml: [ '1.10.2' ],
15 silly audit   'yocto-queue': [ '0.1.0' ],
15 silly audit   yup: [ '1.4.0' ]
15 silly audit }
16 http fetch POST 200 https://registry.npmjs.org/-/npm/v1/security/advisories/bulk 550ms
17 silly audit report {
17 silly audit report   'object-path': [
17 silly audit report     {
17 silly audit report       id: 1093573,
17 silly audit report       url: 'https://github.com/advisories/GHSA-v39p-96qg-c8rf',
17 silly audit report       title: 'Prototype Pollution in object-path',
17 silly audit report       severity: 'moderate',
17 silly audit report       vulnerable_versions: '<0.11.6',
17 silly audit report       cwe: [Array],
17 silly audit report       cvss: [Object]
17 silly audit report     },
17 silly audit report     {
17 silly audit report       id: 1095139,
17 silly audit report       url: 'https://github.com/advisories/GHSA-cwx2-736x-mf6w',
17 silly audit report       title: 'Prototype pollution in object-path',
17 silly audit report       severity: 'high',
17 silly audit report       vulnerable_versions: '<0.11.5',
17 silly audit report       cwe: [Array],
17 silly audit report       cvss: [Object]
17 silly audit report     },
17 silly audit report     {
17 silly audit report       id: 1095140,
17 silly audit report       url: 'https://github.com/advisories/GHSA-8v63-cqqc-6r2c',
17 silly audit report       title: 'Prototype Pollution in object-path',
17 silly audit report       severity: 'high',
17 silly audit report       vulnerable_versions: '<0.11.8',
17 silly audit report       cwe: [Array],
17 silly audit report       cvss: [Object]
17 silly audit report     }
17 silly audit report   ]
17 silly audit report }
18 http fetch GET 200 https://registry.npmjs.org/object-path 55ms (cache revalidated)
19 http fetch GET 200 https://registry.npmjs.org/sort-by 639ms (cache revalidated)
20 verbose exit 0
21 info ok
