0 verbose cli C:\Program Files\nodejs\node.exe C:\Users\JuanR\AppData\Roaming\npm\node_modules\npm\bin\npm-cli.js
1 info using npm@10.7.0
2 info using node@v21.5.0
3 silly config:load:file:C:\Users\JuanR\AppData\Roaming\npm\node_modules\npm\npmrc
4 silly config:load:file:C:\Users\JuanR\Downloads\git\Commom-League\.npmrc
5 silly config:load:file:C:\Users\JuanR\.npmrc
6 silly config:load:file:C:\Users\JuanR\AppData\Roaming\npm\etc\npmrc
7 verbose title npm update
8 verbose argv "update"
9 verbose logfile logs-max:10 dir:C:\Users\JuanR\Downloads\git\Commom-League\UsersJuanRAppDataRoamingnpm-cache\_logs\2024-09-25T14_43_20_353Z-
10 verbose logfile C:\Users\JuanR\Downloads\git\Commom-League\UsersJuanRAppDataRoamingnpm-cache\_logs\2024-09-25T14_43_20_353Z-debug-0.log
11 silly logfile start cleaning logs, removing 2 files
12 silly idealTree buildDeps
13 silly fetch manifest @emotion/react@^11.13.3
14 silly logfile done cleaning log files
15 silly fetch manifest @emotion/styled@^11.13.0
16 silly fetch manifest @mui/icons-material@^5.16.7
17 http fetch GET 200 https://registry.npmjs.org/@mui%2ficons-material 119ms (cache revalidated)
18 silly fetch manifest @mui/material@^5.16.7
19 http fetch GET 200 https://registry.npmjs.org/@mui%2fmaterial 71ms (cache revalidated)
20 silly fetch manifest @emotion/react@^11.5.0
21 http fetch GET 200 https://registry.npmjs.org/@emotion%2freact 86ms (cache miss)
22 silly fetch manifest react@^18.2.0
23 http fetch GET 200 https://registry.npmjs.org/react 50ms (cache revalidated)
24 silly fetch manifest @emotion/styled@^11.3.0
25 http fetch GET 200 https://registry.npmjs.org/@emotion%2fstyled 59ms (cache miss)
26 silly fetch manifest @types/react@^18.3.5
27 http fetch GET 200 https://registry.npmjs.org/@types%2freact 104ms (cache revalidated)
28 silly fetch manifest react-dom@^18.2.0
29 http fetch GET 200 https://registry.npmjs.org/react-dom 73ms (cache revalidated)
30 silly fetch manifest @tanstack/react-query@^5.37.1
31 http fetch GET 200 https://registry.npmjs.org/@tanstack%2freact-query 99ms (cache revalidated)
32 silly fetch manifest axios@^1.6.8
33 http fetch GET 200 https://registry.npmjs.org/axios 59ms (cache revalidated)
34 silly fetch manifest bootstrap-icons@^1.11.3
35 silly fetch manifest cors@^2.8.5
36 silly fetch manifest formik@^2.4.6
37 silly fetch manifest i18next@^23.11.5
38 http fetch GET 200 https://registry.npmjs.org/i18next 46ms (cache revalidated)
39 silly fetch manifest i18next-browser-languagedetector@^8.0.0
40 silly fetch manifest install@^0.13.0
41 silly fetch manifest localforage@^1.10.0
42 silly fetch manifest match-sorter@^6.3.4
43 silly fetch manifest react-grid-system@^8.2.0
44 http fetch GET 200 https://registry.npmjs.org/react-grid-system 46ms (cache revalidated)
45 silly fetch manifest react-hook-form@^7.51.5
46 http fetch GET 200 https://registry.npmjs.org/react-hook-form 65ms (cache revalidated)
47 silly fetch manifest react-i18next@^14.1.1
48 http fetch GET 200 https://registry.npmjs.org/react-i18next 256ms (cache revalidated)
49 silly fetch manifest react-input-mask@^2.0.4
50 silly fetch manifest react-modal@^3.16.1
51 silly fetch manifest react-router-dom@^6.23.1
52 http fetch GET 200 https://registry.npmjs.org/react-router-dom 83ms (cache updated)
53 silly fetch manifest react-select@^5.8.0
54 http fetch GET 200 https://registry.npmjs.org/react-select 58ms (cache revalidated)
55 silly fetch manifest react-text-mask@^5.5.0
56 silly fetch manifest react-toastify@^10.0.5
57 silly fetch manifest sort-by@^1.2.0
58 silly fetch manifest styled-components@^6.1.11
59 http fetch GET 200 https://registry.npmjs.org/styled-components 666ms (cache revalidated)
60 silly fetch manifest swiper@^11.1.9
61 http fetch GET 200 https://registry.npmjs.org/swiper 43ms (cache revalidated)
62 silly fetch manifest yup@^1.4.0
63 silly fetch manifest @types/react-dom@^18.2.22
64 http fetch GET 200 https://registry.npmjs.org/@types%2freact-dom 90ms (cache revalidated)
65 silly fetch manifest @types/react-modal@^3.16.3
66 silly fetch manifest @vitejs/plugin-react@^4.2.1
67 silly fetch manifest @vitejs/plugin-react-refresh@^1.3.6
68 silly fetch manifest eslint@^8.57.0
69 http fetch GET 200 https://registry.npmjs.org/eslint 42ms (cache revalidated)
70 silly fetch manifest eslint-plugin-react@^7.34.1
71 http fetch GET 200 https://registry.npmjs.org/eslint-plugin-react 39ms (cache revalidated)
72 silly fetch manifest eslint-plugin-react-hooks@^4.6.0
73 http fetch GET 200 https://registry.npmjs.org/eslint-plugin-react-hooks 45ms (cache revalidated)
74 silly fetch manifest eslint-plugin-react-refresh@^0.4.6
75 http fetch GET 200 https://registry.npmjs.org/eslint-plugin-react-refresh 64ms (cache revalidated)
76 silly fetch manifest typescript@^5.4.5
77 http fetch GET 200 https://registry.npmjs.org/typescript 87ms (cache revalidated)
78 silly fetch manifest vite@^5.4.1
79 http fetch GET 200 https://registry.npmjs.org/vite 233ms (cache revalidated)
80 silly fetch manifest @types/node@^18.0.0 || >=20.0.0
81 http fetch GET 200 https://registry.npmjs.org/@types%2fnode 83ms (cache revalidated)
82 silly fetch manifest less@*
83 silly fetch manifest lightningcss@^1.21.0
84 http fetch GET 200 https://registry.npmjs.org/lightningcss 39ms (cache revalidated)
85 silly fetch manifest sass@*
86 http fetch GET 200 https://registry.npmjs.org/sass 39ms (cache revalidated)
87 silly fetch manifest sass-embedded@*
88 http fetch GET 200 https://registry.npmjs.org/sass-embedded 46ms (cache revalidated)
89 silly fetch manifest stylus@*
90 silly fetch manifest sugarss@*
91 silly fetch manifest terser@^5.4.0
92 http fetch GET 200 https://registry.npmjs.org/terser 37ms (cache revalidated)
93 silly placeDep ROOT @emotion/react@ OK for: commom-league@0.0.0 want: ^11.13.3
94 silly placeDep ROOT @emotion/styled@ OK for: commom-league@0.0.0 want: ^11.13.0
95 silly placeDep ROOT @mui/icons-material@5.16.7 OK for: commom-league@0.0.0 want: ^5.16.7
96 silly placeDep ROOT react@18.3.1 OK for: @mui/icons-material@5.16.7 want: ^17.0.0 || ^18.0.0
97 silly placeDep ROOT @mui/material@5.16.7 OK for: @mui/icons-material@5.16.7 want: ^5.0.0
98 silly placeDep ROOT react-dom@18.3.1 OK for: @mui/material@5.16.7 want: ^17.0.0 || ^18.0.0
99 silly placeDep ROOT @emotion/react@11.13.3 REPLACE for: @mui/material@5.16.7 want: ^11.5.0
100 silly placeDep ROOT @emotion/styled@11.13.0 REPLACE for: @mui/material@5.16.7 want: ^11.3.0
101 silly placeDep ROOT @tanstack/react-query@5.56.2 OK for: commom-league@0.0.0 want: ^5.37.1
102 silly placeDep ROOT @types/react@18.3.9 OK for: commom-league@0.0.0 want: ^18.3.5
103 silly placeDep ROOT @types/react-dom@18.3.0 OK for: commom-league@0.0.0 want: ^18.2.22
104 silly placeDep ROOT @types/react-modal@ OK for: commom-league@0.0.0 want: ^3.16.3
105 silly placeDep ROOT @vitejs/plugin-react@ OK for: commom-league@0.0.0 want: ^4.2.1
106 silly placeDep ROOT @vitejs/plugin-react-refresh@ OK for: commom-league@0.0.0 want: ^1.3.6
107 silly placeDep ROOT axios@1.7.7 OK for: commom-league@0.0.0 want: ^1.6.8
108 silly placeDep ROOT bootstrap-icons@ OK for: commom-league@0.0.0 want: ^1.11.3
109 silly placeDep ROOT cors@ OK for: commom-league@0.0.0 want: ^2.8.5
110 silly placeDep ROOT eslint@8.57.1 OK for: commom-league@0.0.0 want: ^8.57.0
111 silly placeDep ROOT eslint-plugin-react@7.36.1 OK for: commom-league@0.0.0 want: ^7.34.1
112 silly placeDep ROOT eslint-plugin-react-hooks@4.6.2 OK for: commom-league@0.0.0 want: ^4.6.0
113 silly placeDep ROOT eslint-plugin-react-refresh@0.4.12 OK for: commom-league@0.0.0 want: ^0.4.6
114 silly placeDep ROOT formik@ OK for: commom-league@0.0.0 want: ^2.4.6
115 silly placeDep ROOT i18next@23.15.1 OK for: commom-league@0.0.0 want: ^23.11.5
116 silly placeDep ROOT i18next-browser-languagedetector@ OK for: commom-league@0.0.0 want: ^8.0.0
117 silly placeDep ROOT install@ OK for: commom-league@0.0.0 want: ^0.13.0
118 silly placeDep ROOT localforage@ OK for: commom-league@0.0.0 want: ^1.10.0
119 silly placeDep ROOT match-sorter@ OK for: commom-league@0.0.0 want: ^6.3.4
120 silly placeDep ROOT react-grid-system@8.2.1 OK for: commom-league@0.0.0 want: ^8.2.0
121 silly placeDep ROOT react-hook-form@7.53.0 OK for: commom-league@0.0.0 want: ^7.51.5
122 silly placeDep ROOT react-i18next@14.1.3 OK for: commom-league@0.0.0 want: ^14.1.1
123 silly placeDep ROOT react-input-mask@ OK for: commom-league@0.0.0 want: ^2.0.4
124 silly placeDep ROOT react-modal@ OK for: commom-league@0.0.0 want: ^3.16.1
125 silly placeDep ROOT react-router-dom@6.26.2 OK for: commom-league@0.0.0 want: ^6.23.1
126 silly placeDep ROOT react-select@5.8.1 OK for: commom-league@0.0.0 want: ^5.8.0
127 silly placeDep ROOT react-text-mask@ OK for: commom-league@0.0.0 want: ^5.5.0
128 silly placeDep ROOT react-toastify@ OK for: commom-league@0.0.0 want: ^10.0.5
129 silly placeDep ROOT sort-by@ OK for: commom-league@0.0.0 want: ^1.2.0
130 silly placeDep ROOT styled-components@6.1.13 OK for: commom-league@0.0.0 want: ^6.1.11
131 silly placeDep ROOT swiper@11.1.14 OK for: commom-league@0.0.0 want: ^11.1.9
132 silly placeDep ROOT typescript@5.6.2 OK for: commom-league@0.0.0 want: ^5.4.5
133 silly placeDep ROOT vite@5.4.8 OK for: commom-league@0.0.0 want: ^5.4.1
134 silly placeDep ROOT yup@ OK for: commom-league@0.0.0 want: ^1.4.0
135 silly fetch manifest @babel/runtime@^7.23.9
136 silly fetch manifest clsx@^2.1.0
137 silly fetch manifest csstype@^3.1.3
138 silly fetch manifest react-is@^18.3.1
139 silly fetch manifest @mui/types@^7.2.15
140 silly fetch manifest @mui/utils@^5.16.6
141 silly fetch manifest prop-types@^15.8.1
142 http fetch GET 200 https://registry.npmjs.org/@mui%2ftypes 94ms (cache revalidated)
143 silly fetch manifest @mui/system@^5.16.7
144 http fetch GET 200 https://registry.npmjs.org/react-is 128ms (cache revalidated)
145 silly fetch manifest @popperjs/core@^2.11.8
146 http fetch GET 200 https://registry.npmjs.org/@mui%2futils 165ms (cache revalidated)
147 silly fetch manifest react-transition-group@^4.4.5
148 silly fetch manifest @mui/core-downloads-tracker@^5.16.7
149 silly fetch manifest @types/react-transition-group@^4.4.10
150 http fetch GET 200 https://registry.npmjs.org/@babel%2fruntime 194ms (cache revalidated)
151 silly fetch manifest @babel/runtime@^7.18.3
152 silly fetch manifest @emotion/babel-plugin@^11.12.0
153 silly fetch manifest @emotion/is-prop-valid@^1.3.0
154 http fetch GET 200 https://registry.npmjs.org/@mui%2fsystem 141ms (cache revalidated)
155 silly fetch manifest @emotion/serialize@^1.3.0
156 silly fetch manifest @emotion/use-insertion-effect-with-fallbacks@^1.1.0
157 http fetch GET 200 https://registry.npmjs.org/@emotion%2fserialize 77ms (cache revalidated)
158 silly fetch manifest @emotion/utils@^1.4.0
159 http fetch GET 200 https://registry.npmjs.org/@types%2freact-transition-group 146ms (cache revalidated)
160 silly fetch manifest @emotion/cache@^11.13.0
161 silly fetch manifest @emotion/serialize@^1.3.1
162 http fetch GET 200 https://registry.npmjs.org/@emotion%2fis-prop-valid 122ms (cache revalidated)
163 silly fetch manifest @emotion/weak-memoize@^0.4.0
164 http fetch GET 200 https://registry.npmjs.org/@mui%2fcore-downloads-tracker 177ms (cache revalidated)
165 silly fetch manifest hoist-non-react-statics@^3.3.1
166 http fetch GET 200 https://registry.npmjs.org/@emotion%2futils 74ms (cache revalidated)
167 silly fetch manifest scheduler@^0.23.2
168 silly fetch manifest loose-envify@^1.1.0
169 silly fetch manifest @tanstack/query-core@5.56.2
170 silly fetch manifest csstype@^3.0.2
171 silly fetch manifest @types/prop-types@*
172 silly fetch manifest form-data@^4.0.0
173 http fetch GET 200 https://registry.npmjs.org/scheduler 58ms (cache revalidated)
174 silly fetch manifest proxy-from-env@^1.1.0
175 http fetch GET 200 https://registry.npmjs.org/@types%2fprop-types 88ms (cache revalidated)
176 silly fetch manifest follow-redirects@^1.15.6
177 silly fetch manifest ajv@^6.12.4
178 silly fetch manifest levn@^0.4.1
179 silly fetch manifest chalk@^4.0.0
180 http fetch GET 200 https://registry.npmjs.org/csstype 148ms (cache miss)
181 silly fetch manifest debug@^4.3.2
182 http fetch GET 200 https://registry.npmjs.org/follow-redirects 54ms (cache revalidated)
183 silly fetch manifest espree@^9.6.1
184 http fetch GET 200 https://registry.npmjs.org/chalk 57ms (cache revalidated)
185 silly fetch manifest ignore@^5.2.0
186 silly fetch manifest esquery@^1.4.2
187 silly fetch manifest esutils@^2.0.2
188 http fetch GET 200 https://registry.npmjs.org/debug 61ms (cache revalidated)
189 silly fetch manifest find-up@^5.0.0
190 silly fetch manifest globals@^13.19.0
191 silly fetch manifest is-glob@^4.0.0
192 http fetch GET 200 https://registry.npmjs.org/ignore 57ms (cache revalidated)
193 silly fetch manifest js-yaml@^4.1.0
194 silly fetch manifest doctrine@^3.0.0
195 silly fetch manifest graphemer@^1.4.0
196 silly fetch manifest minimatch@^3.1.2
197 silly fetch manifest @eslint/js@8.57.1
198 silly fetch manifest optionator@^0.9.3
199 silly fetch manifest strip-ansi@^6.0.1
200 silly fetch manifest text-table@^0.2.0
201 silly fetch manifest cross-spawn@^7.0.2
202 silly fetch manifest glob-parent@^6.0.2
203 http fetch GET 200 https://registry.npmjs.org/@eslint%2fjs 69ms (cache revalidated)
204 silly fetch manifest imurmurhash@^0.1.4
205 silly fetch manifest eslint-scope@^7.2.2
206 silly fetch manifest lodash.merge@^4.6.2
207 silly fetch manifest is-path-inside@^3.0.3
208 silly fetch manifest fast-deep-equal@^3.1.3
209 silly fetch manifest natural-compare@^1.4.0
210 silly fetch manifest @eslint/eslintrc@^2.1.4
211 silly fetch manifest @nodelib/fs.walk@^1.2.8
212 silly fetch manifest file-entry-cache@^6.0.1
213 silly fetch manifest eslint-visitor-keys@^3.4.3
214 silly fetch manifest escape-string-regexp@^4.0.0
215 silly fetch manifest @ungap/structured-clone@^1.2.0
216 http fetch GET 200 https://registry.npmjs.org/file-entry-cache 42ms (cache revalidated)
217 silly fetch manifest @eslint-community/regexpp@^4.6.1
218 silly fetch manifest @humanwhocodes/config-array@^0.13.0
219 silly fetch manifest @eslint-community/eslint-utils@^4.2.0
220 silly fetch manifest @humanwhocodes/module-importer@^1.0.1
221 silly fetch manifest json-stable-stringify-without-jsonify@^1.0.1
222 http fetch GET 200 https://registry.npmjs.org/@eslint-community%2fregexpp 52ms (cache revalidated)
223 silly fetch manifest array-includes@^3.1.8
224 silly fetch manifest array.prototype.findlast@^1.2.5
225 silly fetch manifest array.prototype.flatmap@^1.3.2
226 silly fetch manifest array.prototype.tosorted@^1.1.4
227 silly fetch manifest doctrine@^2.1.0
228 silly fetch manifest es-iterator-helpers@^1.0.19
229 silly fetch manifest estraverse@^5.3.0
230 silly fetch manifest hasown@^2.0.2
231 silly fetch manifest jsx-ast-utils@^2.4.1 || ^3.0.0
232 silly fetch manifest object.entries@^1.1.8
233 silly fetch manifest object.fromentries@^2.0.8
234 silly fetch manifest object.values@^1.2.0
235 http fetch GET 200 https://registry.npmjs.org/doctrine 55ms (cache miss)
236 silly fetch manifest resolve@^2.0.0-next.5
237 silly fetch manifest semver@^6.3.1
238 silly fetch manifest string.prototype.matchall@^4.0.11
239 silly fetch manifest string.prototype.repeat@^1.0.0
240 silly fetch manifest @babel/runtime@^7.23.2
241 silly fetch manifest prop-types@15.8.1
242 silly fetch manifest html-parse-stringify@^3.0.1
243 http fetch GET 200 https://registry.npmjs.org/@tanstack%2fquery-core 658ms (cache revalidated)
244 silly fetch manifest react-router@6.26.2
245 silly fetch manifest @remix-run/router@1.19.2
246 silly fetch manifest @babel/runtime@^7.12.0
247 silly fetch manifest @emotion/cache@^11.4.0
248 silly fetch manifest @floating-ui/dom@^1.0.1
249 silly fetch manifest @types/react-transition-group@^4.4.0
250 silly fetch manifest memoize-one@^6.0.0
251 http fetch GET 200 https://registry.npmjs.org/prop-types 47ms (cache miss)
252 silly fetch manifest prop-types@^15.6.0
253 silly fetch manifest react-transition-group@^4.3.0
254 silly fetch manifest use-isomorphic-layout-effect@^1.1.2
255 http fetch GET 200 https://registry.npmjs.org/@remix-run%2frouter 68ms (cache revalidated)
256 silly fetch manifest @emotion/is-prop-valid@1.2.2
257 silly fetch manifest @emotion/unitless@0.8.1
258 silly fetch manifest @types/stylis@4.2.5
259 http fetch GET 200 https://registry.npmjs.org/react-transition-group 70ms (cache miss)
260 silly fetch manifest css-to-react-native@3.2.0
261 http fetch GET 200 https://registry.npmjs.org/@emotion%2fcache 98ms (cache miss)
262 silly fetch manifest csstype@3.1.3
263 silly fetch manifest postcss@8.4.38
264 http fetch GET 200 https://registry.npmjs.org/react-router 122ms (cache updated)
265 silly fetch manifest shallowequal@1.1.0
266 http fetch GET 200 https://registry.npmjs.org/@floating-ui%2fdom 108ms (cache revalidated)
267 silly fetch manifest stylis@4.3.2
268 silly fetch manifest tslib@2.6.2
269 silly fetch manifest esbuild@^0.21.3
270 silly fetch manifest postcss@^8.4.43
271 http fetch GET 200 https://registry.npmjs.org/@types%2fstylis 69ms (cache revalidated)
272 silly fetch manifest rollup@^4.20.0
273 http fetch GET 200 https://registry.npmjs.org/postcss 61ms (cache revalidated)
274 silly fetch manifest fsevents@~2.3.3
275 http fetch GET 200 https://registry.npmjs.org/tslib 49ms (cache revalidated)
276 http fetch GET 200 https://registry.npmjs.org/rollup 50ms (cache revalidated)
277 http fetch GET 200 https://registry.npmjs.org/stylis 130ms (cache revalidated)
278 http fetch GET 200 https://registry.npmjs.org/esbuild 118ms (cache revalidated)
279 http fetch GET 200 https://registry.npmjs.org/fsevents 116ms (cache revalidated)
280 http fetch GET 200 https://registry.npmjs.org/postcss 150ms (cache revalidated)
281 silly placeDep ROOT @babel/runtime@7.25.6 OK for: @emotion/react@11.13.3 want: ^7.18.3
282 silly placeDep node_modules/@emotion/react @emotion/babel-plugin@ OK for: @emotion/react@11.13.3 want: ^11.12.0
283 silly placeDep node_modules/@emotion/react @emotion/cache@ OK for: @emotion/react@11.13.3 want: ^11.13.0
284 silly placeDep ROOT @emotion/serialize@1.3.2 OK for: @emotion/react@11.13.3 want: ^1.3.1
285 silly placeDep node_modules/@emotion/react @emotion/use-insertion-effect-with-fallbacks@ OK for: @emotion/react@11.13.3 want: ^1.1.0
286 silly placeDep ROOT @emotion/utils@1.4.1 OK for: @emotion/react@11.13.3 want: ^1.4.0
287 silly placeDep node_modules/@emotion/react @emotion/weak-memoize@ OK for: @emotion/react@11.13.3 want: ^0.4.0
288 silly placeDep node_modules/@emotion/react hoist-non-react-statics@ OK for: @emotion/react@11.13.3 want: ^3.3.1
289 silly fetch manifest regenerator-runtime@^0.14.0
290 silly fetch manifest @emotion/hash@^0.9.2
291 silly fetch manifest @emotion/memoize@^0.9.0
292 silly fetch manifest @emotion/unitless@^0.10.0
293 silly fetch manifest @emotion/utils@^1.4.1
294 http fetch GET 200 https://registry.npmjs.org/@emotion%2funitless 94ms (cache miss)
295 silly placeDep node_modules/@babel/runtime regenerator-runtime@ OK for: @babel/runtime@7.25.6 want: ^0.14.0
296 silly placeDep node_modules/@emotion/serialize @emotion/hash@ OK for: @emotion/serialize@1.3.2 want: ^0.9.2
297 silly placeDep node_modules/@emotion/serialize @emotion/memoize@ OK for: @emotion/serialize@1.3.2 want: ^0.9.0
298 silly placeDep ROOT @emotion/unitless@0.10.0 OK for: @emotion/serialize@1.3.2 want: ^0.10.0
299 silly placeDep ROOT csstype@3.1.3 OK for: @emotion/serialize@1.3.2 want: ^3.0.2
300 silly placeDep node_modules/@emotion/styled @emotion/babel-plugin@ OK for: @emotion/styled@11.13.0 want: ^11.12.0
301 silly placeDep ROOT @emotion/is-prop-valid@1.3.1 OK for: @emotion/styled@11.13.0 want: ^1.3.0
302 silly placeDep node_modules/@emotion/styled @emotion/use-insertion-effect-with-fallbacks@ OK for: @emotion/styled@11.13.0 want: ^1.1.0
303 silly placeDep node_modules/@emotion/is-prop-valid @emotion/memoize@ OK for: @emotion/is-prop-valid@1.3.1 want: ^0.9.0
304 silly fetch manifest @types/react@^17.0.0 || ^18.0.0
305 silly fetch manifest react@^17.0.0 || ^18.0.0
306 silly placeDep ROOT @mui/core-downloads-tracker@5.16.7 OK for: @mui/material@5.16.7 want: ^5.16.7
307 silly placeDep ROOT @mui/system@5.16.7 OK for: @mui/material@5.16.7 want: ^5.16.7
308 silly placeDep ROOT @mui/types@7.2.17 OK for: @mui/material@5.16.7 want: ^7.2.15
309 silly placeDep ROOT @mui/utils@5.16.6 OK for: @mui/material@5.16.7 want: ^5.16.6
310 silly placeDep node_modules/@mui/material @popperjs/core@ OK for: @mui/material@5.16.7 want: ^2.11.8
311 silly placeDep ROOT @types/react-transition-group@4.4.11 OK for: @mui/material@5.16.7 want: ^4.4.10
312 silly placeDep node_modules/@mui/material clsx@ OK for: @mui/material@5.16.7 want: ^2.1.0
313 silly placeDep node_modules/@mui/material prop-types@ OK for: @mui/material@5.16.7 want: ^15.8.1
314 silly placeDep ROOT react-is@18.3.1 OK for: @mui/material@5.16.7 want: ^18.3.1
315 silly placeDep node_modules/@mui/material react-transition-group@ OK for: @mui/material@5.16.7 want: ^4.4.5
316 silly fetch manifest @mui/styled-engine@^5.16.6
317 silly fetch manifest @mui/private-theming@^5.16.6
318 silly fetch manifest clsx@^2.1.1
319 silly fetch manifest @types/prop-types@^15.7.12
320 http fetch GET 200 https://registry.npmjs.org/clsx 50ms (cache miss)
321 http fetch GET 200 https://registry.npmjs.org/@mui%2fprivate-theming 87ms (cache revalidated)
322 http fetch GET 200 https://registry.npmjs.org/@mui%2fstyled-engine 1341ms (cache revalidated)
323 silly placeDep ROOT @mui/private-theming@5.16.6 OK for: @mui/system@5.16.7 want: ^5.16.6
324 silly placeDep ROOT @mui/styled-engine@5.16.6 OK for: @mui/system@5.16.7 want: ^5.16.6
325 silly placeDep node_modules/@mui/system clsx@ OK for: @mui/system@5.16.7 want: ^2.1.0
326 silly placeDep node_modules/@mui/system prop-types@ OK for: @mui/system@5.16.7 want: ^15.8.1
327 silly fetch manifest @emotion/cache@^11.11.0
328 silly placeDep node_modules/@mui/private-theming prop-types@ OK for: @mui/private-theming@5.16.6 want: ^15.8.1
329 silly placeDep ROOT @emotion/cache@11.13.1 OK for: @mui/styled-engine@5.16.6 want: ^11.11.0
330 silly placeDep node_modules/@mui/styled-engine prop-types@ OK for: @mui/styled-engine@5.16.6 want: ^15.8.1
331 silly fetch manifest @emotion/sheet@^1.4.0
332 silly fetch manifest stylis@4.2.0
333 silly placeDep node_modules/@emotion/cache @emotion/memoize@ OK for: @emotion/cache@11.13.1 want: ^0.9.0
334 silly placeDep node_modules/@emotion/cache @emotion/sheet@ OK for: @emotion/cache@11.13.1 want: ^1.4.0
335 silly placeDep node_modules/@emotion/cache @emotion/weak-memoize@ OK for: @emotion/cache@11.13.1 want: ^0.4.0
336 silly placeDep ROOT stylis@4.2.0 OK for: @emotion/cache@11.13.1 want: 4.2.0
337 silly placeDep ROOT @types/prop-types@15.7.13 OK for: @mui/utils@5.16.6 want: ^15.7.12
338 silly placeDep ROOT clsx@2.1.1 OK for: @mui/utils@5.16.6 want: ^2.1.1
339 silly placeDep node_modules/@mui/utils prop-types@ OK for: @mui/utils@5.16.6 want: ^15.8.1
340 silly placeDep ROOT @tanstack/query-core@5.56.2 OK for: @tanstack/react-query@5.56.2 want: 5.56.2
341 silly placeDep ROOT follow-redirects@1.15.9 OK for: axios@1.7.7 want: ^1.15.6
342 silly placeDep node_modules/axios form-data@ OK for: axios@1.7.7 want: ^4.0.0
343 silly placeDep node_modules/axios proxy-from-env@ OK for: axios@1.7.7 want: ^1.1.0
344 silly placeDep node_modules/eslint @eslint-community/eslint-utils@ OK for: eslint@8.57.1 want: ^4.2.0
345 silly placeDep ROOT @eslint-community/regexpp@4.11.1 OK for: eslint@8.57.1 want: ^4.6.1
346 silly placeDep node_modules/eslint @eslint/eslintrc@ OK for: eslint@8.57.1 want: ^2.1.4
347 silly placeDep ROOT @eslint/js@8.57.1 OK for: eslint@8.57.1 want: 8.57.1
348 silly placeDep node_modules/eslint @humanwhocodes/config-array@ OK for: eslint@8.57.1 want: ^0.13.0
349 silly placeDep node_modules/eslint @humanwhocodes/module-importer@ OK for: eslint@8.57.1 want: ^1.0.1
350 silly placeDep node_modules/eslint @nodelib/fs.walk@ OK for: eslint@8.57.1 want: ^1.2.8
351 silly placeDep node_modules/eslint @ungap/structured-clone@ OK for: eslint@8.57.1 want: ^1.2.0
352 silly placeDep node_modules/eslint ajv@ OK for: eslint@8.57.1 want: ^6.12.4
353 silly placeDep ROOT chalk@4.1.2 OK for: eslint@8.57.1 want: ^4.0.0
354 silly placeDep node_modules/eslint cross-spawn@ OK for: eslint@8.57.1 want: ^7.0.2
355 silly placeDep ROOT debug@4.3.7 OK for: eslint@8.57.1 want: ^4.3.2
356 silly placeDep node_modules/eslint doctrine@ OK for: eslint@8.57.1 want: ^3.0.0
357 silly placeDep node_modules/eslint escape-string-regexp@ OK for: eslint@8.57.1 want: ^4.0.0
358 silly placeDep node_modules/eslint eslint-scope@ OK for: eslint@8.57.1 want: ^7.2.2
359 silly placeDep node_modules/eslint eslint-visitor-keys@ OK for: eslint@8.57.1 want: ^3.4.3
360 silly placeDep node_modules/eslint espree@ OK for: eslint@8.57.1 want: ^9.6.1
361 silly placeDep node_modules/eslint esquery@ OK for: eslint@8.57.1 want: ^1.4.2
362 silly placeDep node_modules/eslint esutils@ OK for: eslint@8.57.1 want: ^2.0.2
363 silly placeDep node_modules/eslint fast-deep-equal@ OK for: eslint@8.57.1 want: ^3.1.3
364 silly placeDep ROOT file-entry-cache@6.0.1 OK for: eslint@8.57.1 want: ^6.0.1
365 silly placeDep node_modules/eslint find-up@ OK for: eslint@8.57.1 want: ^5.0.0
366 silly placeDep node_modules/eslint glob-parent@ OK for: eslint@8.57.1 want: ^6.0.2
367 silly placeDep node_modules/eslint globals@ OK for: eslint@8.57.1 want: ^13.19.0
368 silly placeDep node_modules/eslint graphemer@ OK for: eslint@8.57.1 want: ^1.4.0
369 silly placeDep ROOT ignore@5.3.2 OK for: eslint@8.57.1 want: ^5.2.0
370 silly placeDep node_modules/eslint imurmurhash@ OK for: eslint@8.57.1 want: ^0.1.4
371 silly placeDep node_modules/eslint is-glob@ OK for: eslint@8.57.1 want: ^4.0.0
372 silly placeDep node_modules/eslint is-path-inside@ OK for: eslint@8.57.1 want: ^3.0.3
373 silly placeDep node_modules/eslint js-yaml@ OK for: eslint@8.57.1 want: ^4.1.0
374 silly placeDep node_modules/eslint json-stable-stringify-without-jsonify@ OK for: eslint@8.57.1 want: ^1.0.1
375 silly placeDep node_modules/eslint levn@ OK for: eslint@8.57.1 want: ^0.4.1
376 silly placeDep node_modules/eslint lodash.merge@ OK for: eslint@8.57.1 want: ^4.6.2
377 silly placeDep node_modules/eslint minimatch@ OK for: eslint@8.57.1 want: ^3.1.2
378 silly placeDep node_modules/eslint natural-compare@ OK for: eslint@8.57.1 want: ^1.4.0
379 silly placeDep node_modules/eslint optionator@ OK for: eslint@8.57.1 want: ^0.9.3
380 silly placeDep node_modules/eslint strip-ansi@ OK for: eslint@8.57.1 want: ^6.0.1
381 silly placeDep node_modules/eslint text-table@ OK for: eslint@8.57.1 want: ^0.2.0
382 silly fetch manifest ansi-styles@^4.1.0
383 silly fetch manifest supports-color@^7.1.0
384 silly fetch manifest ms@^2.1.3
385 silly fetch manifest flat-cache@^3.0.4
386 silly placeDep node_modules/chalk ansi-styles@ OK for: chalk@4.1.2 want: ^4.1.0
387 silly placeDep node_modules/chalk supports-color@ OK for: chalk@4.1.2 want: ^7.1.0
388 silly placeDep node_modules/debug ms@ OK for: debug@4.3.7 want: ^2.1.3
389 silly placeDep node_modules/eslint-plugin-react array-includes@ OK for: eslint-plugin-react@7.36.1 want: ^3.1.8
390 silly placeDep node_modules/eslint-plugin-react array.prototype.findlast@ OK for: eslint-plugin-react@7.36.1 want: ^1.2.5
391 silly placeDep node_modules/eslint-plugin-react array.prototype.flatmap@ OK for: eslint-plugin-react@7.36.1 want: ^1.3.2
392 silly placeDep node_modules/eslint-plugin-react array.prototype.tosorted@ OK for: eslint-plugin-react@7.36.1 want: ^1.1.4
393 silly placeDep ROOT doctrine@2.1.0 OK for: eslint-plugin-react@7.36.1 want: ^2.1.0
394 silly placeDep node_modules/eslint-plugin-react es-iterator-helpers@ OK for: eslint-plugin-react@7.36.1 want: ^1.0.19
395 silly placeDep node_modules/eslint-plugin-react estraverse@ OK for: eslint-plugin-react@7.36.1 want: ^5.3.0
396 silly placeDep node_modules/eslint-plugin-react hasown@ OK for: eslint-plugin-react@7.36.1 want: ^2.0.2
397 silly placeDep node_modules/eslint-plugin-react jsx-ast-utils@ OK for: eslint-plugin-react@7.36.1 want: ^2.4.1 || ^3.0.0
398 silly placeDep node_modules/eslint-plugin-react minimatch@ OK for: eslint-plugin-react@7.36.1 want: ^3.1.2
399 silly placeDep node_modules/eslint-plugin-react object.entries@ OK for: eslint-plugin-react@7.36.1 want: ^1.1.8
400 silly placeDep node_modules/eslint-plugin-react object.fromentries@ OK for: eslint-plugin-react@7.36.1 want: ^2.0.8
401 silly placeDep node_modules/eslint-plugin-react object.values@ OK for: eslint-plugin-react@7.36.1 want: ^1.2.0
402 silly placeDep node_modules/eslint-plugin-react prop-types@ OK for: eslint-plugin-react@7.36.1 want: ^15.8.1
403 silly placeDep node_modules/eslint-plugin-react resolve@ OK for: eslint-plugin-react@7.36.1 want: ^2.0.0-next.5
404 silly placeDep node_modules/eslint-plugin-react semver@ OK for: eslint-plugin-react@7.36.1 want: ^6.3.1
405 silly placeDep node_modules/eslint-plugin-react string.prototype.matchall@ OK for: eslint-plugin-react@7.36.1 want: ^4.0.11
406 silly placeDep node_modules/eslint-plugin-react string.prototype.repeat@ OK for: eslint-plugin-react@7.36.1 want: ^1.0.0
407 silly placeDep node_modules/doctrine esutils@ OK for: doctrine@2.1.0 want: ^2.0.2
408 silly placeDep node_modules/file-entry-cache flat-cache@ OK for: file-entry-cache@6.0.1 want: ^3.0.4
409 silly placeDep node_modules/react loose-envify@ OK for: react@18.3.1 want: ^1.1.0
410 silly placeDep node_modules/react-dom loose-envify@ OK for: react-dom@18.3.1 want: ^1.1.0
411 silly placeDep ROOT scheduler@0.23.2 OK for: react-dom@18.3.1 want: ^0.23.2
412 silly placeDep ROOT prop-types@15.8.1 OK for: react-grid-system@8.2.1 want: 15.8.1
413 silly fetch manifest loose-envify@^1.4.0
414 silly fetch manifest object-assign@^4.1.1
415 silly fetch manifest react-is@^16.13.1
416 http fetch GET 200 https://registry.npmjs.org/loose-envify 50ms (cache miss)
417 silly placeDep ROOT loose-envify@1.4.0 OK for: prop-types@15.8.1 want: ^1.4.0
418 silly placeDep node_modules/prop-types object-assign@ OK for: prop-types@15.8.1 want: ^4.1.1
419 silly placeDep node_modules/prop-types react-is@16.13.1 OK for: prop-types@15.8.1 want: ^16.13.1
420 silly fetch manifest js-tokens@^3.0.0 || ^4.0.0
421 silly placeDep node_modules/loose-envify js-tokens@ OK for: loose-envify@1.4.0 want: ^3.0.0 || ^4.0.0
422 silly placeDep node_modules/react-i18next html-parse-stringify@ OK for: react-i18next@14.1.3 want: ^3.0.1
423 silly fetch manifest react@>=16.8
424 silly placeDep ROOT @remix-run/router@1.19.2 OK for: react-router-dom@6.26.2 want: 1.19.2
425 silly placeDep ROOT react-router@6.26.2 OK for: react-router-dom@6.26.2 want: 6.26.2
426 silly fetch manifest react@^16.8.0 || ^17.0.0 || ^18.0.0
427 silly fetch manifest react-dom@^16.8.0 || ^17.0.0 || ^18.0.0
428 silly placeDep ROOT @floating-ui/dom@1.6.11 OK for: react-select@5.8.1 want: ^1.0.1
429 silly placeDep node_modules/react-select memoize-one@ OK for: react-select@5.8.1 want: ^6.0.0
430 silly placeDep ROOT react-transition-group@4.4.5 OK for: react-select@5.8.1 want: ^4.3.0
431 silly placeDep node_modules/react-select use-isomorphic-layout-effect@ OK for: react-select@5.8.1 want: ^1.1.2
432 silly fetch manifest @floating-ui/core@^1.6.0
433 silly fetch manifest @floating-ui/utils@^0.2.8
434 silly fetch manifest dom-helpers@^5.0.1
435 http fetch GET 200 https://registry.npmjs.org/@floating-ui%2futils 655ms (cache revalidated)
436 http fetch GET 200 https://registry.npmjs.org/@floating-ui%2fcore 677ms (cache revalidated)
437 silly placeDep ROOT @floating-ui/core@1.6.8 OK for: @floating-ui/dom@1.6.11 want: ^1.6.0
438 silly placeDep ROOT @floating-ui/utils@0.2.8 OK for: @floating-ui/dom@1.6.11 want: ^0.2.8
439 silly placeDep node_modules/react-transition-group dom-helpers@ OK for: react-transition-group@4.4.5 want: ^5.0.1
440 silly placeDep node_modules/styled-components @emotion/is-prop-valid@1.2.2 OK for: styled-components@6.1.13 want: 1.2.2
441 silly placeDep node_modules/styled-components @emotion/unitless@ OK for: styled-components@6.1.13 want: 0.8.1
442 silly placeDep ROOT @types/stylis@4.2.5 OK for: styled-components@6.1.13 want: 4.2.5
443 silly placeDep node_modules/styled-components css-to-react-native@ OK for: styled-components@6.1.13 want: 3.2.0
444 silly placeDep ROOT postcss@8.4.38 OK for: styled-components@6.1.13 want: 8.4.38
445 silly placeDep node_modules/styled-components shallowequal@ OK for: styled-components@6.1.13 want: 1.1.0
446 silly placeDep node_modules/styled-components stylis@4.3.2 OK for: styled-components@6.1.13 want: 4.3.2
447 silly placeDep ROOT tslib@2.6.2 OK for: styled-components@6.1.13 want: 2.6.2
448 silly fetch manifest @emotion/memoize@^0.8.1
449 silly fetch manifest nanoid@^3.3.7
450 silly fetch manifest picocolors@^1.0.0
451 silly fetch manifest source-map-js@^1.2.0
452 http fetch GET 200 https://registry.npmjs.org/picocolors 44ms (cache revalidated)
453 http fetch GET 200 https://registry.npmjs.org/source-map-js 45ms (cache revalidated)
454 http fetch GET 200 https://registry.npmjs.org/@emotion%2fmemoize 71ms (cache miss)
455 silly placeDep node_modules/postcss nanoid@ OK for: postcss@8.4.38 want: ^3.3.7
456 silly placeDep ROOT picocolors@1.1.0 OK for: postcss@8.4.38 want: ^1.0.0
457 silly placeDep ROOT source-map-js@1.2.1 OK for: postcss@8.4.38 want: ^1.2.0
458 silly placeDep ROOT esbuild@0.21.5 OK for: vite@5.4.8 want: ^0.21.3
459 silly placeDep ROOT fsevents@2.3.3 OK for: vite@5.4.8 want: ~2.3.3
460 silly placeDep node_modules/vite postcss@8.4.47 OK for: vite@5.4.8 want: ^8.4.43
461 silly placeDep ROOT rollup@4.22.4 OK for: vite@5.4.8 want: ^4.20.0
462 silly fetch manifest @esbuild/aix-ppc64@0.21.5
463 silly fetch manifest @esbuild/linux-arm@0.21.5
464 silly fetch manifest @esbuild/linux-x64@0.21.5
465 silly fetch manifest @esbuild/sunos-x64@0.21.5
466 silly fetch manifest @esbuild/win32-x64@0.21.5
467 silly fetch manifest @esbuild/darwin-x64@0.21.5
468 silly fetch manifest @esbuild/linux-ia32@0.21.5
469 http fetch GET 200 https://registry.npmjs.org/@esbuild%2flinux-x64 77ms (cache revalidated)
470 silly fetch manifest @esbuild/netbsd-x64@0.21.5
471 http fetch GET 200 https://registry.npmjs.org/@esbuild%2fdarwin-x64 80ms (cache revalidated)
472 silly fetch manifest @esbuild/win32-ia32@0.21.5
473 http fetch GET 200 https://registry.npmjs.org/@esbuild%2flinux-arm 83ms (cache revalidated)
474 silly fetch manifest @esbuild/android-arm@0.21.5
475 http fetch GET 200 https://registry.npmjs.org/@esbuild%2fsunos-x64 87ms (cache revalidated)
476 silly fetch manifest @esbuild/android-x64@0.21.5
477 http fetch GET 200 https://registry.npmjs.org/@esbuild%2fwin32-x64 90ms (cache revalidated)
478 silly fetch manifest @esbuild/freebsd-x64@0.21.5
479 http fetch GET 200 https://registry.npmjs.org/@esbuild%2faix-ppc64 111ms (cache revalidated)
480 silly fetch manifest @esbuild/linux-arm64@0.21.5
481 http fetch GET 200 https://registry.npmjs.org/@esbuild%2flinux-ia32 113ms (cache revalidated)
482 silly fetch manifest @esbuild/linux-ppc64@0.21.5
483 http fetch GET 200 https://registry.npmjs.org/@esbuild%2fandroid-arm 75ms (cache revalidated)
484 silly fetch manifest @esbuild/linux-s390x@0.21.5
485 http fetch GET 200 https://registry.npmjs.org/@esbuild%2ffreebsd-x64 70ms (cache revalidated)
486 silly fetch manifest @esbuild/openbsd-x64@0.21.5
487 http fetch GET 200 https://registry.npmjs.org/@esbuild%2fnetbsd-x64 91ms (cache revalidated)
488 silly fetch manifest @esbuild/win32-arm64@0.21.5
489 http fetch GET 200 https://registry.npmjs.org/@esbuild%2fandroid-x64 89ms (cache revalidated)
490 silly fetch manifest @esbuild/darwin-arm64@0.21.5
491 http fetch GET 200 https://registry.npmjs.org/@esbuild%2fwin32-ia32 105ms (cache revalidated)
492 silly fetch manifest @esbuild/android-arm64@0.21.5
493 http fetch GET 200 https://registry.npmjs.org/@esbuild%2flinux-arm64 101ms (cache revalidated)
494 silly fetch manifest @esbuild/freebsd-arm64@0.21.5
495 http fetch GET 200 https://registry.npmjs.org/@esbuild%2fopenbsd-x64 64ms (cache revalidated)
496 silly fetch manifest @esbuild/linux-loong64@0.21.5
497 http fetch GET 200 https://registry.npmjs.org/@esbuild%2flinux-s390x 103ms (cache revalidated)
498 silly fetch manifest @esbuild/linux-riscv64@0.21.5
499 http fetch GET 200 https://registry.npmjs.org/@esbuild%2fandroid-arm64 81ms (cache revalidated)
500 silly fetch manifest @esbuild/linux-mips64el@0.21.5
501 http fetch GET 200 https://registry.npmjs.org/@esbuild%2fdarwin-arm64 95ms (cache revalidated)
502 silly fetch manifest @types/estree@1.0.5
503 http fetch GET 200 https://registry.npmjs.org/@esbuild%2ffreebsd-arm64 71ms (cache revalidated)
504 silly fetch manifest @rollup/rollup-darwin-x64@4.22.4
505 http fetch GET 200 https://registry.npmjs.org/@esbuild%2flinux-loong64 121ms (cache revalidated)
506 silly fetch manifest @rollup/rollup-darwin-arm64@4.22.4
507 http fetch GET 200 https://registry.npmjs.org/@esbuild%2flinux-riscv64 120ms (cache revalidated)
508 silly fetch manifest @rollup/rollup-android-arm64@4.22.4
509 http fetch GET 200 https://registry.npmjs.org/@types%2festree 127ms (cache revalidated)
510 silly fetch manifest @rollup/rollup-linux-x64-gnu@4.22.4
511 http fetch GET 200 https://registry.npmjs.org/@rollup%2frollup-darwin-arm64 72ms (cache revalidated)
512 silly fetch manifest @rollup/rollup-linux-x64-musl@4.22.4
513 http fetch GET 200 https://registry.npmjs.org/@esbuild%2flinux-mips64el 164ms (cache revalidated)
514 silly fetch manifest @rollup/rollup-win32-x64-msvc@4.22.4
515 http fetch GET 200 https://registry.npmjs.org/@rollup%2frollup-darwin-x64 159ms (cache revalidated)
516 silly fetch manifest @rollup/rollup-linux-arm64-gnu@4.22.4
517 http fetch GET 200 https://registry.npmjs.org/@rollup%2frollup-android-arm64 88ms (cache revalidated)
518 silly fetch manifest @rollup/rollup-linux-s390x-gnu@4.22.4
519 http fetch GET 200 https://registry.npmjs.org/@rollup%2frollup-linux-x64-gnu 93ms (cache revalidated)
520 silly fetch manifest @rollup/rollup-win32-ia32-msvc@4.22.4
521 http fetch GET 200 https://registry.npmjs.org/@rollup%2frollup-win32-x64-msvc 81ms (cache revalidated)
522 silly fetch manifest @rollup/rollup-android-arm-eabi@4.22.4
523 http fetch GET 200 https://registry.npmjs.org/@rollup%2frollup-linux-x64-musl 102ms (cache revalidated)
524 silly fetch manifest @rollup/rollup-linux-arm64-musl@4.22.4
525 http fetch GET 200 https://registry.npmjs.org/@rollup%2frollup-linux-arm64-gnu 94ms (cache revalidated)
526 silly fetch manifest @rollup/rollup-win32-arm64-msvc@4.22.4
527 http fetch GET 200 https://registry.npmjs.org/@rollup%2frollup-linux-s390x-gnu 90ms (cache revalidated)
528 silly fetch manifest @rollup/rollup-linux-riscv64-gnu@4.22.4
529 http fetch GET 200 https://registry.npmjs.org/@rollup%2frollup-win32-ia32-msvc 73ms (cache revalidated)
530 silly fetch manifest @rollup/rollup-linux-arm-gnueabihf@4.22.4
531 http fetch GET 200 https://registry.npmjs.org/@rollup%2frollup-android-arm-eabi 76ms (cache revalidated)
532 silly fetch manifest @rollup/rollup-linux-arm-musleabihf@4.22.4
533 http fetch GET 200 https://registry.npmjs.org/@rollup%2frollup-linux-arm64-musl 72ms (cache revalidated)
534 silly fetch manifest @rollup/rollup-linux-powerpc64le-gnu@4.22.4
535 http fetch GET 200 https://registry.npmjs.org/@rollup%2frollup-win32-arm64-msvc 77ms (cache revalidated)
536 http fetch GET 200 https://registry.npmjs.org/@rollup%2frollup-linux-arm-gnueabihf 73ms (cache revalidated)
537 http fetch GET 200 https://registry.npmjs.org/@rollup%2frollup-linux-riscv64-gnu 83ms (cache revalidated)
538 http fetch GET 200 https://registry.npmjs.org/@rollup%2frollup-linux-powerpc64le-gnu 70ms (cache revalidated)
539 http fetch GET 200 https://registry.npmjs.org/@rollup%2frollup-linux-arm-musleabihf 89ms (cache revalidated)
540 http fetch GET 200 https://registry.npmjs.org/@esbuild%2flinux-ppc64 665ms (cache revalidated)
541 http fetch GET 200 https://registry.npmjs.org/@esbuild%2fwin32-arm64 698ms (cache revalidated)
542 silly placeDep ROOT @esbuild/aix-ppc64@0.21.5 OK for: esbuild@0.21.5 want: 0.21.5
543 silly placeDep ROOT @esbuild/android-arm@0.21.5 OK for: esbuild@0.21.5 want: 0.21.5
544 silly placeDep ROOT @esbuild/android-arm64@0.21.5 OK for: esbuild@0.21.5 want: 0.21.5
545 silly placeDep ROOT @esbuild/android-x64@0.21.5 OK for: esbuild@0.21.5 want: 0.21.5
546 silly placeDep ROOT @esbuild/darwin-arm64@0.21.5 OK for: esbuild@0.21.5 want: 0.21.5
547 silly placeDep ROOT @esbuild/darwin-x64@0.21.5 OK for: esbuild@0.21.5 want: 0.21.5
548 silly placeDep ROOT @esbuild/freebsd-arm64@0.21.5 OK for: esbuild@0.21.5 want: 0.21.5
549 silly placeDep ROOT @esbuild/freebsd-x64@0.21.5 OK for: esbuild@0.21.5 want: 0.21.5
550 silly placeDep ROOT @esbuild/linux-arm@0.21.5 OK for: esbuild@0.21.5 want: 0.21.5
551 silly placeDep ROOT @esbuild/linux-arm64@0.21.5 OK for: esbuild@0.21.5 want: 0.21.5
552 silly placeDep ROOT @esbuild/linux-ia32@0.21.5 OK for: esbuild@0.21.5 want: 0.21.5
553 silly placeDep ROOT @esbuild/linux-loong64@0.21.5 OK for: esbuild@0.21.5 want: 0.21.5
554 silly placeDep ROOT @esbuild/linux-mips64el@0.21.5 OK for: esbuild@0.21.5 want: 0.21.5
555 silly placeDep ROOT @esbuild/linux-ppc64@0.21.5 OK for: esbuild@0.21.5 want: 0.21.5
556 silly placeDep ROOT @esbuild/linux-riscv64@0.21.5 OK for: esbuild@0.21.5 want: 0.21.5
557 silly placeDep ROOT @esbuild/linux-s390x@0.21.5 OK for: esbuild@0.21.5 want: 0.21.5
558 silly placeDep ROOT @esbuild/linux-x64@0.21.5 OK for: esbuild@0.21.5 want: 0.21.5
559 silly placeDep ROOT @esbuild/netbsd-x64@0.21.5 OK for: esbuild@0.21.5 want: 0.21.5
560 silly placeDep ROOT @esbuild/openbsd-x64@0.21.5 OK for: esbuild@0.21.5 want: 0.21.5
561 silly placeDep ROOT @esbuild/sunos-x64@0.21.5 OK for: esbuild@0.21.5 want: 0.21.5
562 silly placeDep ROOT @esbuild/win32-arm64@0.21.5 OK for: esbuild@0.21.5 want: 0.21.5
563 silly placeDep ROOT @esbuild/win32-ia32@0.21.5 OK for: esbuild@0.21.5 want: 0.21.5
564 silly placeDep ROOT @esbuild/win32-x64@0.21.5 OK for: esbuild@0.21.5 want: 0.21.5
565 silly placeDep ROOT @rollup/rollup-android-arm-eabi@4.22.4 OK for: rollup@4.22.4 want: 4.22.4
566 silly placeDep ROOT @rollup/rollup-android-arm64@4.22.4 OK for: rollup@4.22.4 want: 4.22.4
567 silly placeDep ROOT @rollup/rollup-darwin-arm64@4.22.4 OK for: rollup@4.22.4 want: 4.22.4
568 silly placeDep ROOT @rollup/rollup-darwin-x64@4.22.4 OK for: rollup@4.22.4 want: 4.22.4
569 silly placeDep ROOT @rollup/rollup-linux-arm-gnueabihf@4.22.4 OK for: rollup@4.22.4 want: 4.22.4
570 silly placeDep ROOT @rollup/rollup-linux-arm-musleabihf@4.22.4 OK for: rollup@4.22.4 want: 4.22.4
571 silly placeDep ROOT @rollup/rollup-linux-arm64-gnu@4.22.4 OK for: rollup@4.22.4 want: 4.22.4
572 silly placeDep ROOT @rollup/rollup-linux-arm64-musl@4.22.4 OK for: rollup@4.22.4 want: 4.22.4
573 silly placeDep ROOT @rollup/rollup-linux-powerpc64le-gnu@4.22.4 OK for: rollup@4.22.4 want: 4.22.4
574 silly placeDep ROOT @rollup/rollup-linux-riscv64-gnu@4.22.4 OK for: rollup@4.22.4 want: 4.22.4
575 silly placeDep ROOT @rollup/rollup-linux-s390x-gnu@4.22.4 OK for: rollup@4.22.4 want: 4.22.4
576 silly placeDep ROOT @rollup/rollup-linux-x64-gnu@4.22.4 OK for: rollup@4.22.4 want: 4.22.4
577 silly placeDep ROOT @rollup/rollup-linux-x64-musl@4.22.4 OK for: rollup@4.22.4 want: 4.22.4
578 silly placeDep ROOT @rollup/rollup-win32-arm64-msvc@4.22.4 OK for: rollup@4.22.4 want: 4.22.4
579 silly placeDep ROOT @rollup/rollup-win32-ia32-msvc@4.22.4 OK for: rollup@4.22.4 want: 4.22.4
580 silly placeDep ROOT @rollup/rollup-win32-x64-msvc@4.22.4 OK for: rollup@4.22.4 want: 4.22.4
581 silly placeDep ROOT @types/estree@1.0.5 OK for: rollup@4.22.4 want: 1.0.5
582 silly placeDep ROOT @emotion/memoize@0.8.1 OK for: @emotion/is-prop-valid@1.2.2 want: ^0.8.1
583 silly placeDep node_modules/vite/node_modules/postcss nanoid@ OK for: postcss@8.4.47 want: ^3.3.7
584 verbose type system
585 verbose stack FetchError: Invalid response body while trying to fetch https://registry.npmjs.org/@types%2freact-modal: ENOENT: no such file or directory, stat 'C:\Users\JuanR\Downloads\git\Commom-League\UsersJuanRAppDataRoamingnpm-cache\_cacache\content-v2\sha512\42\51\270ef58755b4c4ab06f530c0123c5c837d1bb1b71969d4674bbb7e0cf1298482a67cabaf717ac7aa0ce8c85ba6d9e19815fb88d3c0b658371a0f01057b72'
585 verbose stack     at C:\Users\JuanR\AppData\Roaming\npm\node_modules\npm\node_modules\minipass-fetch\lib\body.js:170:15
585 verbose stack     at async Response.json (C:\Users\JuanR\AppData\Roaming\npm\node_modules\npm\node_modules\minipass-fetch\lib\body.js:75:17)
585 verbose stack     at async RegistryFetcher.packument (C:\Users\JuanR\AppData\Roaming\npm\node_modules\npm\node_modules\pacote\lib\registry.js:98:25)
585 verbose stack     at async RegistryFetcher.manifest (C:\Users\JuanR\AppData\Roaming\npm\node_modules\npm\node_modules\pacote\lib\registry.js:129:23)
585 verbose stack     at async #nodeFromEdge (C:\Users\JuanR\AppData\Roaming\npm\node_modules\npm\node_modules\@npmcli\arborist\lib\arborist\build-ideal-tree.js:1055:19)
585 verbose stack     at async #buildDepStep (C:\Users\JuanR\AppData\Roaming\npm\node_modules\npm\node_modules\@npmcli\arborist\lib\arborist\build-ideal-tree.js:923:11)
585 verbose stack     at async Arborist.buildIdealTree (C:\Users\JuanR\AppData\Roaming\npm\node_modules\npm\node_modules\@npmcli\arborist\lib\arborist\build-ideal-tree.js:203:7)
585 verbose stack     at async Promise.all (index 1)
585 verbose stack     at async Arborist.reify (C:\Users\JuanR\AppData\Roaming\npm\node_modules\npm\node_modules\@npmcli\arborist\lib\arborist\reify.js:131:5)
585 verbose stack     at async Update.exec (C:\Users\JuanR\AppData\Roaming\npm\node_modules\npm\lib\commands\update.js:63:5)
586 verbose cwd C:\Users\JuanR\Downloads\git\Commom-League
587 verbose Windows_NT 10.0.19045
588 verbose node v21.5.0
589 verbose npm  v10.7.0
590 error code ENOENT
591 error syscall stat
592 error path C:\Users\JuanR\Downloads\git\Commom-League\UsersJuanRAppDataRoamingnpm-cache\_cacache\content-v2\sha512\42\51\270ef58755b4c4ab06f530c0123c5c837d1bb1b71969d4674bbb7e0cf1298482a67cabaf717ac7aa0ce8c85ba6d9e19815fb88d3c0b658371a0f01057b72
593 error errno ENOENT
594 error enoent Invalid response body while trying to fetch https://registry.npmjs.org/@types%2freact-modal: ENOENT: no such file or directory, stat 'C:\Users\JuanR\Downloads\git\Commom-League\UsersJuanRAppDataRoamingnpm-cache\_cacache\content-v2\sha512\42\51\270ef58755b4c4ab06f530c0123c5c837d1bb1b71969d4674bbb7e0cf1298482a67cabaf717ac7aa0ce8c85ba6d9e19815fb88d3c0b658371a0f01057b72'
595 error enoent This is related to npm not being able to find a file.
595 error enoent
596 verbose exit 1
597 verbose code 1
598 silly unfinished npm timer reify 1727275401343
599 silly unfinished npm timer reify:loadTrees 1727275401353
600 error A complete log of this run can be found in: C:\Users\JuanR\Downloads\git\Commom-League\UsersJuanRAppDataRoamingnpm-cache\_logs\2024-09-25T14_43_20_353Z-debug-0.log
