0 verbose cli C:\Program Files\nodejs\node.exe C:\Users\JuanR\AppData\Roaming\npm\node_modules\npm\bin\npm-cli.js
1 info using npm@10.7.0
2 info using node@v21.5.0
3 silly config:load:file:C:\Users\JuanR\AppData\Roaming\npm\node_modules\npm\npmrc
4 silly config:load:file:C:\Users\JuanR\Downloads\git\Commom-League\.npmrc
5 silly config:load:file:C:\Users\JuanR\.npmrc
6 silly config:load:file:C:\Users\JuanR\AppData\Roaming\npm\etc\npmrc
7 verbose title npm install
8 verbose argv "install"
9 verbose logfile logs-max:10 dir:C:\Users\JuanR\Downloads\git\Commom-League\UsersJuanRAppDataRoamingnpm-cache\_logs\2024-09-25T14_46_08_829Z-
10 verbose logfile C:\Users\JuanR\Downloads\git\Commom-League\UsersJuanRAppDataRoamingnpm-cache\_logs\2024-09-25T14_46_08_829Z-debug-0.log
11 silly logfile start cleaning logs, removing 2 files
12 silly idealTree buildDeps
13 silly logfile done cleaning log files
14 silly reify moves {}
15 silly audit bulk request {
15 silly audit   '@ampproject/remapping': [ '2.3.0' ],
15 silly audit   '@babel/code-frame': [ '7.24.7' ],
15 silly audit   '@babel/compat-data': [ '7.25.4' ],
15 silly audit   '@babel/core': [ '7.25.2' ],
15 silly audit   'convert-source-map': [ '2.0.0', '1.9.0' ],
15 silly audit   '@babel/generator': [ '7.25.6' ],
15 silly audit   '@babel/helper-compilation-targets': [ '7.25.2' ],
15 silly audit   '@babel/helper-module-imports': [ '7.24.7' ],
15 silly audit   '@babel/helper-module-transforms': [ '7.25.2' ],
15 silly audit   '@babel/helper-plugin-utils': [ '7.24.8' ],
15 silly audit   '@babel/helper-simple-access': [ '7.24.7' ],
15 silly audit   '@babel/helper-string-parser': [ '7.24.8' ],
15 silly audit   '@babel/helper-validator-identifier': [ '7.24.7' ],
15 silly audit   '@babel/helper-validator-option': [ '7.24.8' ],
15 silly audit   '@babel/helpers': [ '7.25.6' ],
15 silly audit   '@babel/highlight': [ '7.24.7' ],
15 silly audit   '@babel/parser': [ '7.25.6' ],
15 silly audit   '@babel/plugin-transform-react-jsx-self': [ '7.24.7' ],
15 silly audit   '@babel/plugin-transform-react-jsx-source': [ '7.24.7' ],
15 silly audit   '@babel/runtime': [ '7.25.6' ],
15 silly audit   '@babel/template': [ '7.25.0' ],
15 silly audit   '@babel/traverse': [ '7.25.6' ],
15 silly audit   '@babel/types': [ '7.25.6' ],
15 silly audit   '@emotion/babel-plugin': [ '11.12.0' ],
15 silly audit   '@emotion/cache': [ '11.13.1' ],
15 silly audit   '@emotion/hash': [ '0.9.2' ],
15 silly audit   '@emotion/is-prop-valid': [ '1.3.1', '1.2.2' ],
15 silly audit   '@emotion/memoize': [ '0.9.0', '0.8.1' ],
15 silly audit   '@emotion/react': [ '11.13.3' ],
15 silly audit   '@emotion/serialize': [ '1.3.2' ],
15 silly audit   '@emotion/sheet': [ '1.4.0' ],
15 silly audit   '@emotion/styled': [ '11.13.0' ],
15 silly audit   '@emotion/unitless': [ '0.10.0', '0.8.1' ],
15 silly audit   '@emotion/use-insertion-effect-with-fallbacks': [ '1.1.0' ],
15 silly audit   '@emotion/utils': [ '1.4.1' ],
15 silly audit   '@emotion/weak-memoize': [ '0.4.0' ],
15 silly audit   '@esbuild/aix-ppc64': [ '0.21.5' ],
15 silly audit   '@esbuild/android-arm': [ '0.21.5' ],
15 silly audit   '@esbuild/android-arm64': [ '0.21.5' ],
15 silly audit   '@esbuild/android-x64': [ '0.21.5' ],
15 silly audit   '@esbuild/darwin-arm64': [ '0.21.5' ],
15 silly audit   '@esbuild/darwin-x64': [ '0.21.5' ],
15 silly audit   '@esbuild/freebsd-arm64': [ '0.21.5' ],
15 silly audit   '@esbuild/freebsd-x64': [ '0.21.5' ],
15 silly audit   '@esbuild/linux-arm': [ '0.21.5' ],
15 silly audit   '@esbuild/linux-arm64': [ '0.21.5' ],
15 silly audit   '@esbuild/linux-ia32': [ '0.21.5' ],
15 silly audit   '@esbuild/linux-loong64': [ '0.21.5' ],
15 silly audit   '@esbuild/linux-mips64el': [ '0.21.5' ],
15 silly audit   '@esbuild/linux-ppc64': [ '0.21.5' ],
15 silly audit   '@esbuild/linux-riscv64': [ '0.21.5' ],
15 silly audit   '@esbuild/linux-s390x': [ '0.21.5' ],
15 silly audit   '@esbuild/linux-x64': [ '0.21.5' ],
15 silly audit   '@esbuild/netbsd-x64': [ '0.21.5' ],
15 silly audit   '@esbuild/openbsd-x64': [ '0.21.5' ],
15 silly audit   '@esbuild/sunos-x64': [ '0.21.5' ],
15 silly audit   '@esbuild/win32-arm64': [ '0.21.5' ],
15 silly audit   '@esbuild/win32-ia32': [ '0.21.5' ],
15 silly audit   '@eslint-community/eslint-utils': [ '4.4.0' ],
15 silly audit   '@eslint-community/regexpp': [ '4.11.1' ],
15 silly audit   '@eslint/eslintrc': [ '2.1.4' ],
15 silly audit   globals: [ '13.24.0', '11.12.0' ],
15 silly audit   'type-fest': [ '0.20.2', '2.19.0' ],
15 silly audit   '@eslint/js': [ '8.57.1' ],
15 silly audit   '@floating-ui/core': [ '1.6.8' ],
15 silly audit   '@floating-ui/dom': [ '1.6.11' ],
15 silly audit   '@floating-ui/utils': [ '0.2.8' ],
15 silly audit   '@humanwhocodes/config-array': [ '0.13.0' ],
15 silly audit   '@humanwhocodes/module-importer': [ '1.0.1' ],
15 silly audit   '@humanwhocodes/object-schema': [ '2.0.3' ],
15 silly audit   '@jridgewell/gen-mapping': [ '0.3.5' ],
15 silly audit   '@jridgewell/resolve-uri': [ '3.1.2' ],
15 silly audit   '@jridgewell/set-array': [ '1.2.1' ],
15 silly audit   '@jridgewell/sourcemap-codec': [ '1.5.0' ],
15 silly audit   '@jridgewell/trace-mapping': [ '0.3.25' ],
15 silly audit   '@mui/core-downloads-tracker': [ '5.16.7' ],
15 silly audit   '@mui/icons-material': [ '5.16.7' ],
15 silly audit   '@mui/material': [ '5.16.7' ],
15 silly audit   '@mui/private-theming': [ '5.16.6' ],
15 silly audit   '@mui/styled-engine': [ '5.16.6' ],
15 silly audit   '@mui/system': [ '5.16.7' ],
15 silly audit   '@mui/types': [ '7.2.17' ],
15 silly audit   '@mui/utils': [ '5.16.6' ],
15 silly audit   '@nodelib/fs.scandir': [ '2.1.5' ],
15 silly audit   '@nodelib/fs.stat': [ '2.0.5' ],
15 silly audit   '@nodelib/fs.walk': [ '1.2.8' ],
15 silly audit   '@popperjs/core': [ '2.11.8' ],
15 silly audit   '@remix-run/router': [ '1.19.2' ],
15 silly audit   '@rollup/pluginutils': [ '4.2.1' ],
15 silly audit   '@rollup/rollup-android-arm-eabi': [ '4.22.4' ],
15 silly audit   '@rollup/rollup-android-arm64': [ '4.22.4' ],
15 silly audit   '@rollup/rollup-darwin-arm64': [ '4.22.4' ],
15 silly audit   '@rollup/rollup-darwin-x64': [ '4.22.4' ],
15 silly audit   '@rollup/rollup-linux-arm-gnueabihf': [ '4.22.4' ],
15 silly audit   '@rollup/rollup-linux-arm-musleabihf': [ '4.22.4' ],
15 silly audit   '@rollup/rollup-linux-arm64-gnu': [ '4.22.4' ],
15 silly audit   '@rollup/rollup-linux-arm64-musl': [ '4.22.4' ],
15 silly audit   '@rollup/rollup-linux-powerpc64le-gnu': [ '4.22.4' ],
15 silly audit   '@rollup/rollup-linux-riscv64-gnu': [ '4.22.4' ],
15 silly audit   '@rollup/rollup-linux-s390x-gnu': [ '4.22.4' ],
15 silly audit   '@rollup/rollup-linux-x64-gnu': [ '4.22.4' ],
15 silly audit   '@rollup/rollup-linux-x64-musl': [ '4.22.4' ],
15 silly audit   '@rollup/rollup-win32-arm64-msvc': [ '4.22.4' ],
15 silly audit   '@rollup/rollup-win32-ia32-msvc': [ '4.22.4' ],
15 silly audit   '@tanstack/query-core': [ '5.56.2' ],
15 silly audit   '@tanstack/react-query': [ '5.56.2' ],
15 silly audit   '@types/babel__core': [ '7.20.5' ],
15 silly audit   '@types/babel__generator': [ '7.6.8' ],
15 silly audit   '@types/babel__template': [ '7.4.4' ],
15 silly audit   '@types/babel__traverse': [ '7.20.6' ],
15 silly audit   '@types/estree': [ '1.0.5' ],
15 silly audit   '@types/hoist-non-react-statics': [ '3.3.5' ],
15 silly audit   '@types/parse-json': [ '4.0.2' ],
15 silly audit   '@types/prop-types': [ '15.7.13' ],
15 silly audit   '@types/react': [ '18.3.9' ],
15 silly audit   '@types/react-dom': [ '18.3.0' ],
15 silly audit   '@types/react-modal': [ '3.16.3' ],
15 silly audit   '@types/react-transition-group': [ '4.4.11' ],
15 silly audit   '@types/stylis': [ '4.2.5' ],
15 silly audit   '@ungap/structured-clone': [ '1.2.0' ],
15 silly audit   '@vitejs/plugin-react': [ '4.3.1' ],
15 silly audit   '@vitejs/plugin-react-refresh': [ '1.3.6' ],
15 silly audit   'react-refresh': [ '0.10.0', '0.14.2' ],
15 silly audit   acorn: [ '8.12.1' ],
15 silly audit   'acorn-jsx': [ '5.3.2' ],
15 silly audit   ajv: [ '6.12.6' ],
15 silly audit   'ansi-regex': [ '5.0.1' ],
15 silly audit   'ansi-styles': [ '3.2.1', '4.3.0' ],
15 silly audit   argparse: [ '2.0.1' ],
15 silly audit   'array-buffer-byte-length': [ '1.0.1' ],
15 silly audit   'array-includes': [ '3.1.8' ],
15 silly audit   'array.prototype.findlast': [ '1.2.5' ],
15 silly audit   'array.prototype.flat': [ '1.3.2' ],
15 silly audit   'array.prototype.flatmap': [ '1.3.2' ],
15 silly audit   'array.prototype.tosorted': [ '1.1.4' ],
15 silly audit   'arraybuffer.prototype.slice': [ '1.0.3' ],
15 silly audit   asynckit: [ '0.4.0' ],
15 silly audit   'available-typed-arrays': [ '1.0.7' ],
15 silly audit   axios: [ '1.7.7' ],
15 silly audit   'babel-plugin-macros': [ '3.1.0' ],
15 silly audit   'balanced-match': [ '1.0.2' ],
15 silly audit   'bootstrap-icons': [ '1.11.3' ],
15 silly audit   'brace-expansion': [ '1.1.11' ],
15 silly audit   browserslist: [ '4.24.0' ],
15 silly audit   'call-bind': [ '1.0.7' ],
15 silly audit   callsites: [ '3.1.0' ],
15 silly audit   camelize: [ '1.0.1' ],
15 silly audit   'caniuse-lite': [ '1.0.30001663' ],
15 silly audit   chalk: [ '2.4.2', '4.1.2' ],
15 silly audit   'escape-string-regexp': [ '1.0.5', '4.0.0' ],
15 silly audit   clsx: [ '2.1.1' ],
15 silly audit   'color-convert': [ '1.9.3', '2.0.1' ],
15 silly audit   'color-name': [ '1.1.3', '1.1.4' ],
15 silly audit   'combined-stream': [ '1.0.8' ],
15 silly audit   'concat-map': [ '0.0.1' ],
15 silly audit   cors: [ '2.8.5' ],
15 silly audit   cosmiconfig: [ '7.1.0' ],
15 silly audit   'cross-spawn': [ '7.0.3' ],
15 silly audit   'css-color-keywords': [ '1.0.0' ],
15 silly audit   'css-to-react-native': [ '3.2.0' ],
15 silly audit   csstype: [ '3.1.3' ],
15 silly audit   'data-view-buffer': [ '1.0.1' ],
15 silly audit   'data-view-byte-length': [ '1.0.1' ],
15 silly audit   'data-view-byte-offset': [ '1.0.0' ],
15 silly audit   debug: [ '4.3.7' ],
15 silly audit   'deep-is': [ '0.1.4' ],
15 silly audit   deepmerge: [ '2.2.1' ],
15 silly audit   'define-data-property': [ '1.1.4' ],
15 silly audit   'define-properties': [ '1.2.1' ],
15 silly audit   'delayed-stream': [ '1.0.0' ],
15 silly audit   doctrine: [ '3.0.0', '2.1.0' ],
15 silly audit   'dom-helpers': [ '5.2.1' ],
15 silly audit   'electron-to-chromium': [ '1.5.28' ],
15 silly audit   'error-ex': [ '1.3.2' ],
15 silly audit   'es-abstract': [ '1.23.3' ],
15 silly audit   'es-define-property': [ '1.0.0' ],
15 silly audit   'es-errors': [ '1.3.0' ],
15 silly audit   'es-iterator-helpers': [ '1.0.19' ],
15 silly audit   'es-object-atoms': [ '1.0.0' ],
15 silly audit   'es-set-tostringtag': [ '2.0.3' ],
15 silly audit   'es-shim-unscopables': [ '1.0.2' ],
15 silly audit   'es-to-primitive': [ '1.2.1' ],
15 silly audit   esbuild: [ '0.21.5' ],
15 silly audit   '@esbuild/win32-x64': [ '0.21.5' ],
15 silly audit   escalade: [ '3.2.0' ],
15 silly audit   eslint: [ '8.57.1' ],
15 silly audit   'eslint-plugin-react': [ '7.36.1' ],
15 silly audit   'eslint-plugin-react-hooks': [ '4.6.2' ],
15 silly audit   'eslint-plugin-react-refresh': [ '0.4.12' ],
15 silly audit   resolve: [ '2.0.0-next.5', '1.22.8' ],
15 silly audit   'eslint-scope': [ '7.2.2' ],
15 silly audit   'eslint-visitor-keys': [ '3.4.3' ],
15 silly audit   'has-flag': [ '4.0.0', '3.0.0' ],
15 silly audit   'supports-color': [ '7.2.0', '5.5.0' ],
15 silly audit   espree: [ '9.6.1' ],
15 silly audit   esquery: [ '1.6.0' ],
15 silly audit   esrecurse: [ '4.3.0' ],
15 silly audit   estraverse: [ '5.3.0' ],
15 silly audit   'estree-walker': [ '2.0.2' ],
15 silly audit   esutils: [ '2.0.3' ],
15 silly audit   exenv: [ '1.2.2' ],
15 silly audit   'fast-deep-equal': [ '3.1.3' ],
15 silly audit   'fast-json-stable-stringify': [ '2.1.0' ],
15 silly audit   'fast-levenshtein': [ '2.0.6' ],
15 silly audit   fastq: [ '1.17.1' ],
15 silly audit   'file-entry-cache': [ '6.0.1' ],
15 silly audit   'find-root': [ '1.1.0' ],
15 silly audit   'find-up': [ '5.0.0' ],
15 silly audit   'flat-cache': [ '3.2.0' ],
15 silly audit   flatted: [ '3.3.1' ],
15 silly audit   'follow-redirects': [ '1.15.9' ],
15 silly audit   'for-each': [ '0.3.3' ],
15 silly audit   'form-data': [ '4.0.0' ],
15 silly audit   formik: [ '2.4.6' ],
15 silly audit   'fs.realpath': [ '1.0.0' ],
15 silly audit   fsevents: [ '2.3.3' ],
15 silly audit   'function-bind': [ '1.1.2' ],
15 silly audit   'function.prototype.name': [ '1.1.6' ],
15 silly audit   'functions-have-names': [ '1.2.3' ],
15 silly audit   gensync: [ '1.0.0-beta.2' ],
15 silly audit   'get-intrinsic': [ '1.2.4' ],
15 silly audit   'get-symbol-description': [ '1.0.2' ],
15 silly audit   glob: [ '7.2.3' ],
15 silly audit   'glob-parent': [ '6.0.2' ],
15 silly audit   globalthis: [ '1.0.4' ],
15 silly audit   gopd: [ '1.0.1' ],
15 silly audit   graphemer: [ '1.4.0' ],
15 silly audit   'has-bigints': [ '1.0.2' ],
15 silly audit   'has-property-descriptors': [ '1.0.2' ],
15 silly audit   'has-proto': [ '1.0.3' ],
15 silly audit   'has-symbols': [ '1.0.3' ],
15 silly audit   'has-tostringtag': [ '1.0.2' ],
15 silly audit   hasown: [ '2.0.2' ],
15 silly audit   'hoist-non-react-statics': [ '3.3.2' ],
15 silly audit   'react-is': [ '16.13.1', '18.3.1' ],
15 silly audit   'html-parse-stringify': [ '3.0.1' ],
15 silly audit   i18next: [ '23.15.1' ],
15 silly audit   'i18next-browser-languagedetector': [ '8.0.0' ],
15 silly audit   ignore: [ '5.3.2' ],
15 silly audit   immediate: [ '3.0.6' ],
15 silly audit   'import-fresh': [ '3.3.0' ],
15 silly audit   imurmurhash: [ '0.1.4' ],
15 silly audit   inflight: [ '1.0.6' ],
15 silly audit   inherits: [ '2.0.4' ],
15 silly audit   install: [ '0.13.0' ],
15 silly audit   'internal-slot': [ '1.0.7' ],
15 silly audit   invariant: [ '2.2.4' ],
15 silly audit   'is-array-buffer': [ '3.0.4' ],
15 silly audit   'is-arrayish': [ '0.2.1' ],
15 silly audit   'is-async-function': [ '2.0.0' ],
15 silly audit   'is-bigint': [ '1.0.4' ],
15 silly audit   'is-boolean-object': [ '1.1.2' ],
15 silly audit   'is-callable': [ '1.2.7' ],
15 silly audit   'is-core-module': [ '2.15.1' ],
15 silly audit   'is-data-view': [ '1.0.1' ],
15 silly audit   'is-date-object': [ '1.0.5' ],
15 silly audit   'is-extglob': [ '2.1.1' ],
15 silly audit   'is-finalizationregistry': [ '1.0.2' ],
15 silly audit   'is-generator-function': [ '1.0.10' ],
15 silly audit   'is-glob': [ '4.0.3' ],
15 silly audit   'is-map': [ '2.0.3' ],
15 silly audit   'is-negative-zero': [ '2.0.3' ],
15 silly audit   'is-number-object': [ '1.0.7' ],
15 silly audit   'is-path-inside': [ '3.0.3' ],
15 silly audit   'is-regex': [ '1.1.4' ],
15 silly audit   'is-set': [ '2.0.3' ],
15 silly audit   'is-shared-array-buffer': [ '1.0.3' ],
15 silly audit   'is-string': [ '1.0.7' ],
15 silly audit   'is-symbol': [ '1.0.4' ],
15 silly audit   'is-typed-array': [ '1.1.13' ],
15 silly audit   'is-weakmap': [ '2.0.2' ],
15 silly audit   'is-weakref': [ '1.0.2' ],
15 silly audit   'is-weakset': [ '2.0.3' ],
15 silly audit   isarray: [ '2.0.5' ],
15 silly audit   isexe: [ '2.0.0' ],
15 silly audit   'iterator.prototype': [ '1.1.2' ],
15 silly audit   'js-tokens': [ '4.0.0' ],
15 silly audit   'js-yaml': [ '4.1.0' ],
15 silly audit   jsesc: [ '2.5.2' ],
15 silly audit   'json-buffer': [ '3.0.1' ],
15 silly audit   'json-parse-even-better-errors': [ '2.3.1' ],
15 silly audit   'json-schema-traverse': [ '0.4.1' ],
15 silly audit   'json-stable-stringify-without-jsonify': [ '1.0.1' ],
15 silly audit   json5: [ '2.2.3' ],
15 silly audit   'jsx-ast-utils': [ '3.3.5' ],
15 silly audit   keyv: [ '4.5.4' ],
15 silly audit   levn: [ '0.4.1' ],
15 silly audit   lie: [ '3.1.1' ],
15 silly audit   'lines-and-columns': [ '1.2.4' ],
15 silly audit   localforage: [ '1.10.0' ],
15 silly audit   'locate-path': [ '6.0.0' ],
15 silly audit   lodash: [ '4.17.21' ],
15 silly audit   'lodash-es': [ '4.17.21' ],
15 silly audit   'lodash.merge': [ '4.6.2' ],
15 silly audit   'loose-envify': [ '1.4.0' ],
15 silly audit   'lru-cache': [ '5.1.1' ],
15 silly audit   'match-sorter': [ '6.3.4' ],
15 silly audit   'memoize-one': [ '6.0.0' ],
15 silly audit   'mime-db': [ '1.52.0' ],
15 silly audit   'mime-types': [ '2.1.35' ],
15 silly audit   minimatch: [ '3.1.2' ],
15 silly audit   ms: [ '2.1.3' ],
15 silly audit   nanoid: [ '3.3.7' ],
15 silly audit   'natural-compare': [ '1.4.0' ],
15 silly audit   'node-releases': [ '2.0.18' ],
15 silly audit   'object-assign': [ '4.1.1' ],
15 silly audit   'object-inspect': [ '1.13.2' ],
15 silly audit   'object-keys': [ '1.1.1' ],
15 silly audit   'object-path': [ '0.6.0' ],
15 silly audit   'object.assign': [ '4.1.5' ],
15 silly audit   'object.entries': [ '1.1.8' ],
15 silly audit   'object.fromentries': [ '2.0.8' ],
15 silly audit   'object.values': [ '1.2.0' ],
15 silly audit   once: [ '1.4.0' ],
15 silly audit   optionator: [ '0.9.4' ],
15 silly audit   'p-limit': [ '3.1.0' ],
15 silly audit   'p-locate': [ '5.0.0' ],
15 silly audit   'parent-module': [ '1.0.1' ],
15 silly audit   'parse-json': [ '5.2.0' ],
15 silly audit   'path-exists': [ '4.0.0' ],
15 silly audit   'path-is-absolute': [ '1.0.1' ],
15 silly audit   'path-key': [ '3.1.1' ],
15 silly audit   'path-parse': [ '1.0.7' ],
15 silly audit   'path-type': [ '4.0.0' ],
15 silly audit   picocolors: [ '1.1.0' ],
15 silly audit   picomatch: [ '2.3.1' ],
15 silly audit   'possible-typed-array-names': [ '1.0.0' ],
15 silly audit   postcss: [ '8.4.38', '8.4.47' ],
15 silly audit   'postcss-value-parser': [ '4.2.0' ],
15 silly audit   'prelude-ls': [ '1.2.1' ],
15 silly audit   'prop-types': [ '15.8.1' ],
15 silly audit   'property-expr': [ '2.0.6' ],
15 silly audit   'proxy-from-env': [ '1.1.0' ],
15 silly audit   punycode: [ '2.3.1' ],
15 silly audit   'queue-microtask': [ '1.2.3' ],
15 silly audit   react: [ '18.3.1' ],
15 silly audit   'react-dom': [ '18.3.1' ],
15 silly audit   'react-fast-compare': [ '2.0.4' ],
15 silly audit   'react-grid-system': [ '8.2.1' ],
15 silly audit   'react-hook-form': [ '7.53.0' ],
15 silly audit   'react-i18next': [ '14.1.3' ],
15 silly audit   'react-input-mask': [ '2.0.4' ],
15 silly audit   'react-lifecycles-compat': [ '3.0.4' ],
15 silly audit   'react-modal': [ '3.16.1' ],
15 silly audit   'react-router': [ '6.26.2' ],
15 silly audit   'react-router-dom': [ '6.26.2' ],
15 silly audit   'react-select': [ '5.8.1' ],
15 silly audit   'react-text-mask': [ '5.5.0' ],
15 silly audit   'react-toastify': [ '10.0.5' ],
15 silly audit   'react-transition-group': [ '4.4.5' ],
15 silly audit   'reflect.getprototypeof': [ '1.0.6' ],
15 silly audit   'regenerator-runtime': [ '0.14.1' ],
15 silly audit   'regexp.prototype.flags': [ '1.5.2' ],
15 silly audit   'remove-accents': [ '0.5.0' ],
15 silly audit   'resolve-from': [ '4.0.0' ],
15 silly audit   reusify: [ '1.0.4' ],
15 silly audit   rimraf: [ '3.0.2' ],
15 silly audit   rollup: [ '4.22.4' ],
15 silly audit   '@rollup/rollup-win32-x64-msvc': [ '4.22.4' ],
15 silly audit   'run-parallel': [ '1.2.0' ],
15 silly audit   'safe-array-concat': [ '1.1.2' ],
15 silly audit   'safe-regex-test': [ '1.0.3' ],
15 silly audit   scheduler: [ '0.23.2' ],
15 silly audit   semver: [ '6.3.1' ],
15 silly audit   'set-function-length': [ '1.2.2' ],
15 silly audit   'set-function-name': [ '2.0.2' ],
15 silly audit   shallowequal: [ '1.1.0' ],
15 silly audit   'shebang-command': [ '2.0.0' ],
15 silly audit   'shebang-regex': [ '3.0.0' ],
15 silly audit   'side-channel': [ '1.0.6' ],
15 silly audit   'sort-by': [ '1.2.0' ],
15 silly audit   'source-map': [ '0.5.7' ],
15 silly audit   'source-map-js': [ '1.2.1' ],
15 silly audit   'string.prototype.matchall': [ '4.0.11' ],
15 silly audit   'string.prototype.repeat': [ '1.0.0' ],
15 silly audit   'string.prototype.trim': [ '1.2.9' ],
15 silly audit   'string.prototype.trimend': [ '1.0.8' ],
15 silly audit   'string.prototype.trimstart': [ '1.0.8' ],
15 silly audit   'strip-ansi': [ '6.0.1' ],
15 silly audit   'strip-json-comments': [ '3.1.1' ],
15 silly audit   'styled-components': [ '6.1.13' ],
15 silly audit   stylis: [ '4.3.2', '4.2.0' ],
15 silly audit   tslib: [ '2.6.2', '2.7.0' ],
15 silly audit   'supports-preserve-symlinks-flag': [ '1.0.0' ],
15 silly audit   swiper: [ '11.1.14' ],
15 silly audit   'text-table': [ '0.2.0' ],
15 silly audit   'tiny-case': [ '1.0.3' ],
15 silly audit   'tiny-warning': [ '1.0.3' ],
15 silly audit   'to-fast-properties': [ '2.0.0' ],
15 silly audit   toposort: [ '2.0.2' ],
15 silly audit   'type-check': [ '0.4.0' ],
15 silly audit   'typed-array-buffer': [ '1.0.2' ],
15 silly audit   'typed-array-byte-length': [ '1.0.1' ],
15 silly audit   'typed-array-byte-offset': [ '1.0.2' ],
15 silly audit   'typed-array-length': [ '1.0.6' ],
15 silly audit   typescript: [ '5.6.2' ],
15 silly audit   'unbox-primitive': [ '1.0.2' ],
15 silly audit   'update-browserslist-db': [ '1.1.0' ],
15 silly audit   'uri-js': [ '4.4.1' ],
15 silly audit   'use-isomorphic-layout-effect': [ '1.1.2' ],
15 silly audit   vary: [ '1.1.2' ],
15 silly audit   vite: [ '5.4.8' ],
15 silly audit   'void-elements': [ '3.1.0' ],
15 silly audit   warning: [ '4.0.3' ],
15 silly audit   which: [ '2.0.2' ],
15 silly audit   'which-boxed-primitive': [ '1.0.2' ],
15 silly audit   'which-builtin-type': [ '1.1.4' ],
15 silly audit   'which-collection': [ '1.0.2' ],
15 silly audit   'which-typed-array': [ '1.1.15' ],
15 silly audit   'word-wrap': [ '1.2.5' ],
15 silly audit   wrappy: [ '1.0.2' ],
15 silly audit   yallist: [ '3.1.1' ],
15 silly audit   yaml: [ '1.10.2' ],
15 silly audit   'yocto-queue': [ '0.1.0' ],
15 silly audit   yup: [ '1.4.0' ]
15 silly audit }
16 verbose reify failed optional dependency C:\Users\JuanR\Downloads\git\Commom-League\node_modules\fsevents
17 silly reify mark deleted [
17 silly reify   'C:\\Users\\JuanR\\Downloads\\git\\Commom-League\\node_modules\\fsevents'
17 silly reify ]
18 verbose reify failed optional dependency C:\Users\JuanR\Downloads\git\Commom-League\node_modules\@rollup\rollup-win32-ia32-msvc
19 silly reify mark deleted [
19 silly reify   'C:\\Users\\JuanR\\Downloads\\git\\Commom-League\\node_modules\\@rollup\\rollup-win32-ia32-msvc'
19 silly reify ]
20 verbose reify failed optional dependency C:\Users\JuanR\Downloads\git\Commom-League\node_modules\@rollup\rollup-win32-arm64-msvc
21 silly reify mark deleted [
21 silly reify   'C:\\Users\\JuanR\\Downloads\\git\\Commom-League\\node_modules\\@rollup\\rollup-win32-arm64-msvc'
21 silly reify ]
22 verbose reify failed optional dependency C:\Users\JuanR\Downloads\git\Commom-League\node_modules\@rollup\rollup-linux-x64-musl
23 silly reify mark deleted [
23 silly reify   'C:\\Users\\JuanR\\Downloads\\git\\Commom-League\\node_modules\\@rollup\\rollup-linux-x64-musl'
23 silly reify ]
24 verbose reify failed optional dependency C:\Users\JuanR\Downloads\git\Commom-League\node_modules\@rollup\rollup-linux-x64-gnu
25 silly reify mark deleted [
25 silly reify   'C:\\Users\\JuanR\\Downloads\\git\\Commom-League\\node_modules\\@rollup\\rollup-linux-x64-gnu'
25 silly reify ]
26 verbose reify failed optional dependency C:\Users\JuanR\Downloads\git\Commom-League\node_modules\@rollup\rollup-linux-s390x-gnu
27 silly reify mark deleted [
27 silly reify   'C:\\Users\\JuanR\\Downloads\\git\\Commom-League\\node_modules\\@rollup\\rollup-linux-s390x-gnu'
27 silly reify ]
28 verbose reify failed optional dependency C:\Users\JuanR\Downloads\git\Commom-League\node_modules\@rollup\rollup-linux-riscv64-gnu
29 silly reify mark deleted [
29 silly reify   'C:\\Users\\JuanR\\Downloads\\git\\Commom-League\\node_modules\\@rollup\\rollup-linux-riscv64-gnu'
29 silly reify ]
30 verbose reify failed optional dependency C:\Users\JuanR\Downloads\git\Commom-League\node_modules\@rollup\rollup-linux-powerpc64le-gnu
31 silly reify mark deleted [
31 silly reify   'C:\\Users\\JuanR\\Downloads\\git\\Commom-League\\node_modules\\@rollup\\rollup-linux-powerpc64le-gnu'
31 silly reify ]
32 verbose reify failed optional dependency C:\Users\JuanR\Downloads\git\Commom-League\node_modules\@rollup\rollup-linux-arm64-musl
33 silly reify mark deleted [
33 silly reify   'C:\\Users\\JuanR\\Downloads\\git\\Commom-League\\node_modules\\@rollup\\rollup-linux-arm64-musl'
33 silly reify ]
34 verbose reify failed optional dependency C:\Users\JuanR\Downloads\git\Commom-League\node_modules\@rollup\rollup-linux-arm64-gnu
35 silly reify mark deleted [
35 silly reify   'C:\\Users\\JuanR\\Downloads\\git\\Commom-League\\node_modules\\@rollup\\rollup-linux-arm64-gnu'
35 silly reify ]
36 verbose reify failed optional dependency C:\Users\JuanR\Downloads\git\Commom-League\node_modules\@rollup\rollup-linux-arm-musleabihf
37 silly reify mark deleted [
37 silly reify   'C:\\Users\\JuanR\\Downloads\\git\\Commom-League\\node_modules\\@rollup\\rollup-linux-arm-musleabihf'
37 silly reify ]
38 verbose reify failed optional dependency C:\Users\JuanR\Downloads\git\Commom-League\node_modules\@rollup\rollup-linux-arm-gnueabihf
39 silly reify mark deleted [
39 silly reify   'C:\\Users\\JuanR\\Downloads\\git\\Commom-League\\node_modules\\@rollup\\rollup-linux-arm-gnueabihf'
39 silly reify ]
40 verbose reify failed optional dependency C:\Users\JuanR\Downloads\git\Commom-League\node_modules\@rollup\rollup-darwin-x64
41 silly reify mark deleted [
41 silly reify   'C:\\Users\\JuanR\\Downloads\\git\\Commom-League\\node_modules\\@rollup\\rollup-darwin-x64'
41 silly reify ]
42 verbose reify failed optional dependency C:\Users\JuanR\Downloads\git\Commom-League\node_modules\@rollup\rollup-darwin-arm64
43 silly reify mark deleted [
43 silly reify   'C:\\Users\\JuanR\\Downloads\\git\\Commom-League\\node_modules\\@rollup\\rollup-darwin-arm64'
43 silly reify ]
44 verbose reify failed optional dependency C:\Users\JuanR\Downloads\git\Commom-League\node_modules\@rollup\rollup-android-arm64
45 silly reify mark deleted [
45 silly reify   'C:\\Users\\JuanR\\Downloads\\git\\Commom-League\\node_modules\\@rollup\\rollup-android-arm64'
45 silly reify ]
46 verbose reify failed optional dependency C:\Users\JuanR\Downloads\git\Commom-League\node_modules\@rollup\rollup-android-arm-eabi
47 silly reify mark deleted [
47 silly reify   'C:\\Users\\JuanR\\Downloads\\git\\Commom-League\\node_modules\\@rollup\\rollup-android-arm-eabi'
47 silly reify ]
48 verbose reify failed optional dependency C:\Users\JuanR\Downloads\git\Commom-League\node_modules\@esbuild\win32-ia32
49 silly reify mark deleted [
49 silly reify   'C:\\Users\\JuanR\\Downloads\\git\\Commom-League\\node_modules\\@esbuild\\win32-ia32'
49 silly reify ]
50 verbose reify failed optional dependency C:\Users\JuanR\Downloads\git\Commom-League\node_modules\@esbuild\win32-arm64
51 silly reify mark deleted [
51 silly reify   'C:\\Users\\JuanR\\Downloads\\git\\Commom-League\\node_modules\\@esbuild\\win32-arm64'
51 silly reify ]
52 verbose reify failed optional dependency C:\Users\JuanR\Downloads\git\Commom-League\node_modules\@esbuild\sunos-x64
53 silly reify mark deleted [
53 silly reify   'C:\\Users\\JuanR\\Downloads\\git\\Commom-League\\node_modules\\@esbuild\\sunos-x64'
53 silly reify ]
54 verbose reify failed optional dependency C:\Users\JuanR\Downloads\git\Commom-League\node_modules\@esbuild\openbsd-x64
55 silly reify mark deleted [
55 silly reify   'C:\\Users\\JuanR\\Downloads\\git\\Commom-League\\node_modules\\@esbuild\\openbsd-x64'
55 silly reify ]
56 verbose reify failed optional dependency C:\Users\JuanR\Downloads\git\Commom-League\node_modules\@esbuild\netbsd-x64
57 silly reify mark deleted [
57 silly reify   'C:\\Users\\JuanR\\Downloads\\git\\Commom-League\\node_modules\\@esbuild\\netbsd-x64'
57 silly reify ]
58 verbose reify failed optional dependency C:\Users\JuanR\Downloads\git\Commom-League\node_modules\@esbuild\linux-x64
59 silly reify mark deleted [
59 silly reify   'C:\\Users\\JuanR\\Downloads\\git\\Commom-League\\node_modules\\@esbuild\\linux-x64'
59 silly reify ]
60 verbose reify failed optional dependency C:\Users\JuanR\Downloads\git\Commom-League\node_modules\@esbuild\linux-s390x
61 silly reify mark deleted [
61 silly reify   'C:\\Users\\JuanR\\Downloads\\git\\Commom-League\\node_modules\\@esbuild\\linux-s390x'
61 silly reify ]
62 verbose reify failed optional dependency C:\Users\JuanR\Downloads\git\Commom-League\node_modules\@esbuild\linux-riscv64
63 silly reify mark deleted [
63 silly reify   'C:\\Users\\JuanR\\Downloads\\git\\Commom-League\\node_modules\\@esbuild\\linux-riscv64'
63 silly reify ]
64 verbose reify failed optional dependency C:\Users\JuanR\Downloads\git\Commom-League\node_modules\@esbuild\linux-ppc64
65 silly reify mark deleted [
65 silly reify   'C:\\Users\\JuanR\\Downloads\\git\\Commom-League\\node_modules\\@esbuild\\linux-ppc64'
65 silly reify ]
66 verbose reify failed optional dependency C:\Users\JuanR\Downloads\git\Commom-League\node_modules\@esbuild\linux-mips64el
67 silly reify mark deleted [
67 silly reify   'C:\\Users\\JuanR\\Downloads\\git\\Commom-League\\node_modules\\@esbuild\\linux-mips64el'
67 silly reify ]
68 verbose reify failed optional dependency C:\Users\JuanR\Downloads\git\Commom-League\node_modules\@esbuild\linux-loong64
69 silly reify mark deleted [
69 silly reify   'C:\\Users\\JuanR\\Downloads\\git\\Commom-League\\node_modules\\@esbuild\\linux-loong64'
69 silly reify ]
70 verbose reify failed optional dependency C:\Users\JuanR\Downloads\git\Commom-League\node_modules\@esbuild\linux-ia32
71 silly reify mark deleted [
71 silly reify   'C:\\Users\\JuanR\\Downloads\\git\\Commom-League\\node_modules\\@esbuild\\linux-ia32'
71 silly reify ]
72 verbose reify failed optional dependency C:\Users\JuanR\Downloads\git\Commom-League\node_modules\@esbuild\linux-arm64
73 silly reify mark deleted [
73 silly reify   'C:\\Users\\JuanR\\Downloads\\git\\Commom-League\\node_modules\\@esbuild\\linux-arm64'
73 silly reify ]
74 verbose reify failed optional dependency C:\Users\JuanR\Downloads\git\Commom-League\node_modules\@esbuild\linux-arm
75 silly reify mark deleted [
75 silly reify   'C:\\Users\\JuanR\\Downloads\\git\\Commom-League\\node_modules\\@esbuild\\linux-arm'
75 silly reify ]
76 verbose reify failed optional dependency C:\Users\JuanR\Downloads\git\Commom-League\node_modules\@esbuild\freebsd-x64
77 silly reify mark deleted [
77 silly reify   'C:\\Users\\JuanR\\Downloads\\git\\Commom-League\\node_modules\\@esbuild\\freebsd-x64'
77 silly reify ]
78 verbose reify failed optional dependency C:\Users\JuanR\Downloads\git\Commom-League\node_modules\@esbuild\freebsd-arm64
79 silly reify mark deleted [
79 silly reify   'C:\\Users\\JuanR\\Downloads\\git\\Commom-League\\node_modules\\@esbuild\\freebsd-arm64'
79 silly reify ]
80 verbose reify failed optional dependency C:\Users\JuanR\Downloads\git\Commom-League\node_modules\@esbuild\darwin-x64
81 silly reify mark deleted [
81 silly reify   'C:\\Users\\JuanR\\Downloads\\git\\Commom-League\\node_modules\\@esbuild\\darwin-x64'
81 silly reify ]
82 verbose reify failed optional dependency C:\Users\JuanR\Downloads\git\Commom-League\node_modules\@esbuild\darwin-arm64
83 silly reify mark deleted [
83 silly reify   'C:\\Users\\JuanR\\Downloads\\git\\Commom-League\\node_modules\\@esbuild\\darwin-arm64'
83 silly reify ]
84 verbose reify failed optional dependency C:\Users\JuanR\Downloads\git\Commom-League\node_modules\@esbuild\android-x64
85 silly reify mark deleted [
85 silly reify   'C:\\Users\\JuanR\\Downloads\\git\\Commom-League\\node_modules\\@esbuild\\android-x64'
85 silly reify ]
86 verbose reify failed optional dependency C:\Users\JuanR\Downloads\git\Commom-League\node_modules\@esbuild\android-arm64
87 silly reify mark deleted [
87 silly reify   'C:\\Users\\JuanR\\Downloads\\git\\Commom-League\\node_modules\\@esbuild\\android-arm64'
87 silly reify ]
88 verbose reify failed optional dependency C:\Users\JuanR\Downloads\git\Commom-League\node_modules\@esbuild\android-arm
89 silly reify mark deleted [
89 silly reify   'C:\\Users\\JuanR\\Downloads\\git\\Commom-League\\node_modules\\@esbuild\\android-arm'
89 silly reify ]
90 verbose reify failed optional dependency C:\Users\JuanR\Downloads\git\Commom-League\node_modules\@esbuild\aix-ppc64
91 silly reify mark deleted [
91 silly reify   'C:\\Users\\JuanR\\Downloads\\git\\Commom-League\\node_modules\\@esbuild\\aix-ppc64'
91 silly reify ]
92 http fetch POST 200 https://registry.npmjs.org/-/npm/v1/security/advisories/bulk 577ms
93 silly audit report {
93 silly audit report   'object-path': [
93 silly audit report     {
93 silly audit report       id: 1093573,
93 silly audit report       url: 'https://github.com/advisories/GHSA-v39p-96qg-c8rf',
93 silly audit report       title: 'Prototype Pollution in object-path',
93 silly audit report       severity: 'moderate',
93 silly audit report       vulnerable_versions: '<0.11.6',
93 silly audit report       cwe: [Array],
93 silly audit report       cvss: [Object]
93 silly audit report     },
93 silly audit report     {
93 silly audit report       id: 1095139,
93 silly audit report       url: 'https://github.com/advisories/GHSA-cwx2-736x-mf6w',
93 silly audit report       title: 'Prototype pollution in object-path',
93 silly audit report       severity: 'high',
93 silly audit report       vulnerable_versions: '<0.11.5',
93 silly audit report       cwe: [Array],
93 silly audit report       cvss: [Object]
93 silly audit report     },
93 silly audit report     {
93 silly audit report       id: 1095140,
93 silly audit report       url: 'https://github.com/advisories/GHSA-8v63-cqqc-6r2c',
93 silly audit report       title: 'Prototype Pollution in object-path',
93 silly audit report       severity: 'high',
93 silly audit report       vulnerable_versions: '<0.11.8',
93 silly audit report       cwe: [Array],
93 silly audit report       cvss: [Object]
93 silly audit report     }
93 silly audit report   ]
93 silly audit report }
94 http fetch GET 200 https://registry.npmjs.org/object-path 76ms (cache miss)
95 http fetch GET 200 https://registry.npmjs.org/sort-by 55ms (cache miss)
96 silly ADD
97 silly ADD
98 silly ADD
99 silly ADD
100 silly ADD
101 silly ADD
102 silly ADD
103 silly ADD
104 silly ADD
105 silly ADD
106 silly ADD
107 silly ADD
108 silly ADD
109 silly ADD
110 silly ADD
111 silly ADD
112 silly ADD
113 silly ADD
114 silly ADD
115 silly ADD
116 silly ADD
117 silly ADD
118 silly ADD
119 silly ADD
120 silly ADD
121 silly ADD
122 silly ADD
123 silly ADD
124 silly ADD
125 silly ADD
126 silly ADD
127 silly ADD
128 silly ADD
129 silly ADD
130 silly ADD
131 silly ADD
132 silly ADD
133 silly ADD
134 verbose exit 0
135 info ok
