0 verbose cli C:\Program Files\nodejs\node.exe C:\Users\JuanR\AppData\Roaming\npm\node_modules\npm\bin\npm-cli.js
1 info using npm@10.7.0
2 info using node@v21.5.0
3 silly config:load:file:C:\Users\JuanR\AppData\Roaming\npm\node_modules\npm\npmrc
4 silly config:load:file:C:\Users\JuanR\OneDrive\Documentos\GitHub\Commom-League\.npmrc
5 silly config:load:file:C:\Users\JuanR\.npmrc
6 silly config:load:file:C:\Users\JuanR\AppData\Roaming\npm\etc\npmrc
7 verbose title npm install @mui/icons-material @mui/material @emotion/styled @emotion/react
8 verbose argv "install" "@mui/icons-material" "@mui/material" "@emotion/styled" "@emotion/react"
9 verbose logfile logs-max:10 dir:C:\Users\JuanR\OneDrive\Documentos\GitHub\Commom-League\UsersJuanRAppDataRoamingnpm-cache\_logs\2024-08-13T01_33_36_465Z-
10 verbose logfile C:\Users\JuanR\OneDrive\Documentos\GitHub\Commom-League\UsersJuanRAppDataRoamingnpm-cache\_logs\2024-08-13T01_33_36_465Z-debug-0.log
11 silly logfile start cleaning logs, removing 2 files
12 silly logfile done cleaning log files
13 silly idealTree buildDeps
14 silly fetch manifest @emotion/styled@^11.11.5
15 http fetch GET 200 https://registry.npmjs.org/@emotion%2fstyled 587ms (cache updated)
16 silly fetch manifest @emotion/react@*
17 http fetch GET 200 https://registry.npmjs.org/@emotion%2freact 1237ms (cache updated)
18 silly fetch manifest react@^18.2.0
19 http fetch GET 200 https://registry.npmjs.org/react 1105ms (cache updated)
20 silly fetch manifest @mui/icons-material@*
21 http fetch GET 200 https://registry.npmjs.org/@mui%2ficons-material 151ms (cache miss)
22 silly fetch manifest @mui/material@*
23 http fetch GET 200 https://registry.npmjs.org/@mui%2fmaterial 104ms (cache miss)
24 silly fetch manifest @types/react@^18.2.66
25 http fetch GET 200 https://registry.npmjs.org/@types%2freact 1785ms (cache updated)
26 silly fetch manifest react-dom@^18.2.0
27 http fetch GET 200 https://registry.npmjs.org/react-dom 1032ms (cache updated)
28 silly placeDep ROOT @emotion/react@11.13.0 REPLACE for: commom-league@0.0.0 want: *
29 silly placeDep ROOT @emotion/styled@11.13.0 REPLACE for: commom-league@0.0.0 want: ^11.11.5
30 silly placeDep ROOT @mui/icons-material@5.16.7 OK for: commom-league@0.0.0 want: *
31 silly placeDep ROOT @mui/material@5.16.7 OK for: @mui/icons-material@5.16.7 want: ^5.0.0
32 silly placeDep ROOT @mui/material@5.16.7 REPLACE for: commom-league@0.0.0 want: *
33 silly fetch manifest @emotion/babel-plugin@^11.12.0
34 silly fetch manifest @emotion/cache@^11.13.0
35 silly fetch manifest @emotion/serialize@^1.3.0
36 silly fetch manifest @emotion/use-insertion-effect-with-fallbacks@^1.1.0
37 silly fetch manifest @emotion/utils@^1.4.0
38 silly fetch manifest @emotion/weak-memoize@^0.4.0
39 http fetch GET 200 https://registry.npmjs.org/@emotion%2fuse-insertion-effect-with-fallbacks 1461ms (cache updated)
40 silly fetch manifest @emotion/is-prop-valid@^1.3.0
41 http fetch GET 200 https://registry.npmjs.org/@emotion%2fbabel-plugin 1535ms (cache updated)
42 http fetch GET 200 https://registry.npmjs.org/@emotion%2fserialize 1549ms (cache updated)
43 silly fetch manifest clsx@^2.1.0
44 silly fetch manifest react-is@^18.3.1
45 http fetch GET 200 https://registry.npmjs.org/@emotion%2fcache 3422ms (cache updated)
46 silly fetch manifest @mui/types@^7.2.15
47 http fetch GET 200 https://registry.npmjs.org/clsx 1891ms (cache miss)
48 silly fetch manifest @mui/utils@^5.16.6
49 http fetch GET 200 https://registry.npmjs.org/@mui%2ftypes 77ms (cache miss)
50 silly fetch manifest @mui/system@^5.16.7
51 http fetch GET 200 https://registry.npmjs.org/@emotion%2futils 3537ms (cache updated)
52 silly fetch manifest @popperjs/core@^2.11.8
53 silly fetch manifest react-transition-group@^4.4.5
54 http fetch GET 200 https://registry.npmjs.org/@emotion%2fweak-memoize 3561ms (cache updated)
55 silly fetch manifest @mui/core-downloads-tracker@^5.16.7
56 http fetch GET 200 https://registry.npmjs.org/@mui%2futils 143ms (cache miss)
57 silly fetch manifest @types/react-transition-group@^4.4.10
58 http fetch GET 200 https://registry.npmjs.org/@emotion%2fis-prop-valid 2146ms (cache updated)
59 http fetch GET 200 https://registry.npmjs.org/@mui%2fsystem 138ms (cache miss)
60 http fetch GET 200 https://registry.npmjs.org/@popperjs%2fcore 191ms (cache miss)
61 http fetch GET 200 https://registry.npmjs.org/@mui%2fcore-downloads-tracker 188ms (cache miss)
62 http fetch GET 200 https://registry.npmjs.org/react-transition-group 315ms (cache miss)
63 http fetch GET 200 https://registry.npmjs.org/react-is 2356ms (cache updated)
64 http fetch GET 200 https://registry.npmjs.org/@types%2freact-transition-group 1207ms (cache miss)
65 silly fetch manifest react@>=16.8.0
66 silly placeDep ROOT @emotion/babel-plugin@11.12.0 OK for: @emotion/react@11.13.0 want: ^11.12.0
67 silly placeDep ROOT @emotion/cache@11.13.1 OK for: @emotion/react@11.13.0 want: ^11.13.0
68 silly placeDep ROOT @emotion/serialize@1.3.0 OK for: @emotion/react@11.13.0 want: ^1.3.0
69 silly placeDep ROOT @emotion/use-insertion-effect-with-fallbacks@1.1.0 OK for: @emotion/react@11.13.0 want: ^1.1.0
70 silly placeDep ROOT @emotion/utils@1.4.0 OK for: @emotion/react@11.13.0 want: ^1.4.0
71 silly placeDep ROOT @emotion/weak-memoize@0.4.0 OK for: @emotion/react@11.13.0 want: ^0.4.0
72 silly fetch manifest @emotion/hash@^0.9.2
73 silly fetch manifest @emotion/memoize@^0.9.0
74 silly fetch manifest @emotion/serialize@^1.2.0
75 silly fetch manifest babel-plugin-macros@^3.1.0
76 silly fetch manifest convert-source-map@^1.5.0
77 silly fetch manifest escape-string-regexp@^4.0.0
78 silly fetch manifest find-root@^1.1.0
79 silly fetch manifest source-map@^0.5.7
80 http fetch GET 200 https://registry.npmjs.org/convert-source-map 4355ms (cache revalidated)
81 silly fetch manifest stylis@4.2.0
82 http fetch GET 200 https://registry.npmjs.org/@emotion%2fmemoize 4384ms (cache updated)
83 silly fetch manifest @emotion/sheet@^1.4.0
84 http fetch GET 200 https://registry.npmjs.org/@emotion%2fhash 4391ms (cache updated)
85 http fetch GET 200 https://registry.npmjs.org/source-map 5669ms (cache revalidated)
86 silly fetch manifest @emotion/unitless@^0.9.0
87 http fetch GET 200 https://registry.npmjs.org/babel-plugin-macros 5682ms (cache revalidated)
88 http fetch GET 200 https://registry.npmjs.org/find-root 6483ms (cache revalidated)
89 http fetch GET 200 https://registry.npmjs.org/escape-string-regexp 6490ms (cache revalidated)
90 http fetch GET 200 https://registry.npmjs.org/stylis 2137ms (cache revalidated)
91 http fetch GET 200 https://registry.npmjs.org/@emotion%2fsheet 2155ms (cache updated)
92 http fetch GET 200 https://registry.npmjs.org/@emotion%2funitless 948ms (cache updated)
93 silly placeDep ROOT @emotion/hash@0.9.2 OK for: @emotion/babel-plugin@11.12.0 want: ^0.9.2
94 silly placeDep node_modules/@emotion/babel-plugin @emotion/memoize@0.9.0 OK for: @emotion/babel-plugin@11.12.0 want: ^0.9.0
95 silly placeDep ROOT babel-plugin-macros@3.1.0 OK for: @emotion/babel-plugin@11.12.0 want: ^3.1.0
96 silly placeDep node_modules/@emotion/babel-plugin convert-source-map@1.9.0 OK for: @emotion/babel-plugin@11.12.0 want: ^1.5.0
97 silly placeDep node_modules/@emotion/babel-plugin escape-string-regexp@4.0.0 OK for: @emotion/babel-plugin@11.12.0 want: ^4.0.0
98 silly placeDep ROOT find-root@1.1.0 OK for: @emotion/babel-plugin@11.12.0 want: ^1.1.0
99 silly placeDep ROOT source-map@0.5.7 OK for: @emotion/babel-plugin@11.12.0 want: ^0.5.7
100 silly placeDep node_modules/@emotion/babel-plugin stylis@4.2.0 OK for: @emotion/babel-plugin@11.12.0 want: 4.2.0
101 silly fetch manifest cosmiconfig@^7.0.0
102 silly fetch manifest resolve@^1.19.0
103 http fetch GET 200 https://registry.npmjs.org/cosmiconfig 2104ms (cache revalidated)
104 http fetch GET 200 https://registry.npmjs.org/resolve 2147ms (cache revalidated)
105 silly placeDep node_modules/@emotion/cache @emotion/memoize@0.9.0 OK for: @emotion/cache@11.13.1 want: ^0.9.0
106 silly placeDep ROOT @emotion/sheet@1.4.0 OK for: @emotion/cache@11.13.1 want: ^1.4.0
107 silly placeDep node_modules/@emotion/cache stylis@4.2.0 OK for: @emotion/cache@11.13.1 want: 4.2.0
108 silly placeDep node_modules/@emotion/serialize @emotion/memoize@0.9.0 OK for: @emotion/serialize@1.3.0 want: ^0.9.0
109 silly placeDep node_modules/@emotion/serialize @emotion/unitless@0.9.0 OK for: @emotion/serialize@1.3.0 want: ^0.9.0
110 silly placeDep node_modules/@emotion/styled @emotion/is-prop-valid@1.3.0 OK for: @emotion/styled@11.13.0 want: ^1.3.0
111 silly fetch manifest @types/react@^17.0.0 || ^18.0.0
112 silly fetch manifest react@^17.0.0 || ^18.0.0
113 silly fetch manifest @emotion/react@^11.5.0
114 silly fetch manifest @emotion/styled@^11.3.0
115 silly fetch manifest react-dom@^17.0.0 || ^18.0.0
116 silly placeDep ROOT @mui/core-downloads-tracker@5.16.7 OK for: @mui/material@5.16.7 want: ^5.16.7
117 silly placeDep ROOT @mui/system@5.16.7 OK for: @mui/material@5.16.7 want: ^5.16.7
118 silly placeDep ROOT @mui/types@7.2.15 OK for: @mui/material@5.16.7 want: ^7.2.15
119 silly placeDep ROOT @mui/utils@5.16.6 OK for: @mui/material@5.16.7 want: ^5.16.6
120 silly placeDep ROOT @popperjs/core@2.11.8 OK for: @mui/material@5.16.7 want: ^2.11.8
121 silly placeDep ROOT @types/react-transition-group@4.4.11 OK for: @mui/material@5.16.7 want: ^4.4.10
122 silly placeDep ROOT clsx@2.1.1 OK for: @mui/material@5.16.7 want: ^2.1.0
123 silly placeDep node_modules/@mui/material react-is@18.3.1 OK for: @mui/material@5.16.7 want: ^18.3.1
124 silly placeDep ROOT react-transition-group@4.4.5 OK for: @mui/material@5.16.7 want: ^4.4.5
125 silly fetch manifest @mui/styled-engine@^5.16.6
126 silly fetch manifest @mui/private-theming@^5.16.6
127 silly fetch manifest clsx@^2.1.1
128 silly fetch manifest dom-helpers@^5.0.1
129 http fetch GET 200 https://registry.npmjs.org/dom-helpers 61ms (cache miss)
130 http fetch GET 200 https://registry.npmjs.org/@mui%2fstyled-engine 98ms (cache miss)
131 http fetch GET 200 https://registry.npmjs.org/@mui%2fprivate-theming 125ms (cache miss)
132 silly placeDep ROOT @mui/private-theming@5.16.6 OK for: @mui/system@5.16.7 want: ^5.16.6
133 silly placeDep ROOT @mui/styled-engine@5.16.6 OK for: @mui/system@5.16.7 want: ^5.16.6
134 silly placeDep node_modules/@mui/utils react-is@18.3.1 OK for: @mui/utils@5.16.6 want: ^18.3.1
135 silly placeDep ROOT cosmiconfig@7.1.0 OK for: babel-plugin-macros@3.1.0 want: ^7.0.0
136 silly placeDep node_modules/babel-plugin-macros resolve@1.22.8 OK for: babel-plugin-macros@3.1.0 want: ^1.19.0
137 silly fetch manifest @types/parse-json@^4.0.0
138 silly fetch manifest parse-json@^5.0.0
139 silly fetch manifest path-type@^4.0.0
140 silly fetch manifest yaml@^1.10.0
141 http fetch GET 200 https://registry.npmjs.org/path-type 2267ms (cache updated)
142 http fetch GET 200 https://registry.npmjs.org/@types%2fparse-json 2292ms (cache updated)
143 http fetch GET 200 https://registry.npmjs.org/yaml 2289ms (cache updated)
144 http fetch GET 200 https://registry.npmjs.org/parse-json 4089ms (cache revalidated)
145 silly placeDep ROOT @types/parse-json@4.0.2 OK for: cosmiconfig@7.1.0 want: ^4.0.0
146 silly placeDep ROOT parse-json@5.2.0 OK for: cosmiconfig@7.1.0 want: ^5.0.0
147 silly placeDep ROOT path-type@4.0.0 OK for: cosmiconfig@7.1.0 want: ^4.0.0
148 silly placeDep ROOT yaml@1.10.2 OK for: cosmiconfig@7.1.0 want: ^1.10.0
149 silly fetch manifest error-ex@^1.3.1
150 silly fetch manifest json-parse-even-better-errors@^2.3.0
151 silly fetch manifest lines-and-columns@^1.1.6
152 http fetch GET 200 https://registry.npmjs.org/json-parse-even-better-errors 620ms (cache updated)
153 http fetch GET 200 https://registry.npmjs.org/error-ex 1629ms (cache revalidated)
154 http fetch GET 200 https://registry.npmjs.org/lines-and-columns 1633ms (cache revalidated)
155 silly placeDep ROOT error-ex@1.3.2 OK for: parse-json@5.2.0 want: ^1.3.1
156 silly placeDep ROOT json-parse-even-better-errors@2.3.1 OK for: parse-json@5.2.0 want: ^2.3.0
157 silly placeDep ROOT lines-and-columns@1.2.4 OK for: parse-json@5.2.0 want: ^1.1.6
158 silly fetch manifest is-arrayish@^0.2.1
159 http fetch GET 200 https://registry.npmjs.org/is-arrayish 1365ms (cache revalidated)
160 silly placeDep ROOT is-arrayish@0.2.1 OK for: error-ex@1.3.2 want: ^0.2.1
161 silly placeDep ROOT dom-helpers@5.2.1 OK for: react-transition-group@4.4.5 want: ^5.0.1
162 silly placeDep node_modules/@emotion/styled @emotion/memoize@0.9.0 OK for: @emotion/is-prop-valid@1.3.0 want: ^0.9.0
163 silly reify mark retired [
163 silly reify   'C:\\Users\\JuanR\\OneDrive\\Documentos\\GitHub\\Commom-League\\node_modules\\@emotion\\babel-plugin'
163 silly reify ]
164 silly reify mark retired [
164 silly reify   'C:\\Users\\JuanR\\OneDrive\\Documentos\\GitHub\\Commom-League\\node_modules\\@emotion\\cache'
164 silly reify ]
165 silly reify mark retired [
165 silly reify   'C:\\Users\\JuanR\\OneDrive\\Documentos\\GitHub\\Commom-League\\node_modules\\@emotion\\hash'
165 silly reify ]
166 silly reify mark retired [
166 silly reify   'C:\\Users\\JuanR\\OneDrive\\Documentos\\GitHub\\Commom-League\\node_modules\\@emotion\\react'
166 silly reify ]
167 silly reify mark retired [
167 silly reify   'C:\\Users\\JuanR\\OneDrive\\Documentos\\GitHub\\Commom-League\\node_modules\\@emotion\\serialize'
167 silly reify ]
168 silly reify mark retired [
168 silly reify   'C:\\Users\\JuanR\\OneDrive\\Documentos\\GitHub\\Commom-League\\node_modules\\@emotion\\sheet'
168 silly reify ]
169 silly reify mark retired [
169 silly reify   'C:\\Users\\JuanR\\OneDrive\\Documentos\\GitHub\\Commom-League\\node_modules\\@emotion\\styled'
169 silly reify ]
170 silly reify mark retired [
170 silly reify   'C:\\Users\\JuanR\\OneDrive\\Documentos\\GitHub\\Commom-League\\node_modules\\@emotion\\use-insertion-effect-with-fallbacks'
170 silly reify ]
171 silly reify mark retired [
171 silly reify   'C:\\Users\\JuanR\\OneDrive\\Documentos\\GitHub\\Commom-League\\node_modules\\@emotion\\utils'
171 silly reify ]
172 silly reify mark retired [
172 silly reify   'C:\\Users\\JuanR\\OneDrive\\Documentos\\GitHub\\Commom-League\\node_modules\\@emotion\\weak-memoize'
172 silly reify ]
173 silly reify moves {
173 silly reify   'C:\\Users\\JuanR\\OneDrive\\Documentos\\GitHub\\Commom-League\\node_modules\\@emotion\\babel-plugin': 'C:\\Users\\JuanR\\OneDrive\\Documentos\\GitHub\\Commom-League\\node_modules\\@emotion\\.babel-plugin-gTjzxTJi',
173 silly reify   'C:\\Users\\JuanR\\OneDrive\\Documentos\\GitHub\\Commom-League\\node_modules\\@emotion\\cache': 'C:\\Users\\JuanR\\OneDrive\\Documentos\\GitHub\\Commom-League\\node_modules\\@emotion\\.cache-Oz3fIWpP',
173 silly reify   'C:\\Users\\JuanR\\OneDrive\\Documentos\\GitHub\\Commom-League\\node_modules\\@emotion\\hash': 'C:\\Users\\JuanR\\OneDrive\\Documentos\\GitHub\\Commom-League\\node_modules\\@emotion\\.hash-Hi9ho5ht',
173 silly reify   'C:\\Users\\JuanR\\OneDrive\\Documentos\\GitHub\\Commom-League\\node_modules\\@emotion\\react': 'C:\\Users\\JuanR\\OneDrive\\Documentos\\GitHub\\Commom-League\\node_modules\\@emotion\\.react-2twkzEQB',
173 silly reify   'C:\\Users\\JuanR\\OneDrive\\Documentos\\GitHub\\Commom-League\\node_modules\\@emotion\\serialize': 'C:\\Users\\JuanR\\OneDrive\\Documentos\\GitHub\\Commom-League\\node_modules\\@emotion\\.serialize-Ox00q82y',
173 silly reify   'C:\\Users\\JuanR\\OneDrive\\Documentos\\GitHub\\Commom-League\\node_modules\\@emotion\\sheet': 'C:\\Users\\JuanR\\OneDrive\\Documentos\\GitHub\\Commom-League\\node_modules\\@emotion\\.sheet-RqN1dpnT',
173 silly reify   'C:\\Users\\JuanR\\OneDrive\\Documentos\\GitHub\\Commom-League\\node_modules\\@emotion\\styled': 'C:\\Users\\JuanR\\OneDrive\\Documentos\\GitHub\\Commom-League\\node_modules\\@emotion\\.styled-laZhmpJ7',
173 silly reify   'C:\\Users\\JuanR\\OneDrive\\Documentos\\GitHub\\Commom-League\\node_modules\\@emotion\\use-insertion-effect-with-fallbacks': 'C:\\Users\\JuanR\\OneDrive\\Documentos\\GitHub\\Commom-League\\node_modules\\@emotion\\.use-insertion-effect-with-fallbacks-ca5GrFxk',
173 silly reify   'C:\\Users\\JuanR\\OneDrive\\Documentos\\GitHub\\Commom-League\\node_modules\\@emotion\\utils': 'C:\\Users\\JuanR\\OneDrive\\Documentos\\GitHub\\Commom-League\\node_modules\\@emotion\\.utils-Fi36Papk',
173 silly reify   'C:\\Users\\JuanR\\OneDrive\\Documentos\\GitHub\\Commom-League\\node_modules\\@emotion\\weak-memoize': 'C:\\Users\\JuanR\\OneDrive\\Documentos\\GitHub\\Commom-League\\node_modules\\@emotion\\.weak-memoize-HSZ8hPMm'
173 silly reify }
174 silly audit bulk request {
174 silly audit   '@ampproject/remapping': [ '2.3.0' ],
174 silly audit   '@babel/code-frame': [ '7.24.2' ],
174 silly audit   '@babel/compat-data': [ '7.24.4' ],
174 silly audit   '@babel/core': [ '7.24.5' ],
174 silly audit   '@babel/generator': [ '7.24.5' ],
174 silly audit   '@babel/helper-compilation-targets': [ '7.23.6' ],
174 silly audit   '@babel/helper-environment-visitor': [ '7.22.20' ],
174 silly audit   '@babel/helper-function-name': [ '7.23.0' ],
174 silly audit   '@babel/helper-hoist-variables': [ '7.22.5' ],
174 silly audit   '@babel/helper-module-imports': [ '7.24.3' ],
174 silly audit   '@babel/helper-module-transforms': [ '7.24.5' ],
174 silly audit   '@babel/helper-plugin-utils': [ '7.24.5' ],
174 silly audit   '@babel/helper-simple-access': [ '7.24.5' ],
174 silly audit   '@babel/helper-split-export-declaration': [ '7.24.5' ],
174 silly audit   '@babel/helper-string-parser': [ '7.24.1' ],
174 silly audit   '@babel/helper-validator-identifier': [ '7.24.5' ],
174 silly audit   '@babel/helper-validator-option': [ '7.23.5' ],
174 silly audit   '@babel/helpers': [ '7.24.5' ],
174 silly audit   '@babel/highlight': [ '7.24.5' ],
174 silly audit   '@babel/parser': [ '7.24.5' ],
174 silly audit   '@babel/plugin-transform-react-jsx-self': [ '7.24.5' ],
174 silly audit   '@babel/plugin-transform-react-jsx-source': [ '7.24.1' ],
174 silly audit   '@babel/runtime': [ '7.24.5' ],
174 silly audit   '@babel/template': [ '7.24.0' ],
174 silly audit   '@babel/traverse': [ '7.24.5' ],
174 silly audit   '@babel/types': [ '7.24.5' ],
174 silly audit   'convert-source-map': [ '2.0.0', '1.9.0' ],
174 silly audit   'escape-string-regexp': [ '1.0.5', '4.0.0' ],
174 silly audit   stylis: [ '4.3.2', '4.2.0' ],
174 silly audit   '@emotion/is-prop-valid': [ '1.2.2', '1.3.0' ],
174 silly audit   '@emotion/memoize': [ '0.8.1', '0.9.0' ],
174 silly audit   '@emotion/unitless': [ '0.8.1', '0.9.0' ],
174 silly audit   '@esbuild/aix-ppc64': [ '0.20.2' ],
174 silly audit   '@esbuild/android-arm': [ '0.20.2' ],
174 silly audit   '@esbuild/android-arm64': [ '0.20.2' ],
174 silly audit   '@esbuild/android-x64': [ '0.20.2' ],
174 silly audit   '@esbuild/darwin-arm64': [ '0.20.2' ],
174 silly audit   '@esbuild/darwin-x64': [ '0.20.2' ],
174 silly audit   '@esbuild/freebsd-arm64': [ '0.20.2' ],
174 silly audit   '@esbuild/freebsd-x64': [ '0.20.2' ],
174 silly audit   '@esbuild/linux-arm': [ '0.20.2' ],
174 silly audit   '@esbuild/linux-arm64': [ '0.20.2' ],
174 silly audit   '@esbuild/linux-ia32': [ '0.20.2' ],
174 silly audit   '@esbuild/linux-loong64': [ '0.20.2' ],
174 silly audit   '@esbuild/linux-mips64el': [ '0.20.2' ],
174 silly audit   '@esbuild/linux-ppc64': [ '0.20.2' ],
174 silly audit   '@esbuild/linux-riscv64': [ '0.20.2' ],
174 silly audit   '@esbuild/linux-s390x': [ '0.20.2' ],
174 silly audit   '@esbuild/linux-x64': [ '0.20.2' ],
174 silly audit   '@esbuild/netbsd-x64': [ '0.20.2' ],
174 silly audit   '@esbuild/openbsd-x64': [ '0.20.2' ],
174 silly audit   '@esbuild/sunos-x64': [ '0.20.2' ],
174 silly audit   '@esbuild/win32-arm64': [ '0.20.2' ],
174 silly audit   '@esbuild/win32-ia32': [ '0.20.2' ],
174 silly audit   '@esbuild/win32-x64': [ '0.20.2' ],
174 silly audit   '@eslint-community/eslint-utils': [ '4.4.0' ],
174 silly audit   '@eslint-community/regexpp': [ '4.10.0' ],
174 silly audit   '@eslint/eslintrc': [ '2.1.4' ],
174 silly audit   globals: [ '13.24.0', '11.12.0' ],
174 silly audit   '@eslint/js': [ '8.57.0' ],
174 silly audit   '@humanwhocodes/config-array': [ '0.11.14' ],
174 silly audit   '@humanwhocodes/module-importer': [ '1.0.1' ],
174 silly audit   '@humanwhocodes/object-schema': [ '2.0.3' ],
174 silly audit   '@jridgewell/gen-mapping': [ '0.3.5' ],
174 silly audit   '@jridgewell/resolve-uri': [ '3.1.2' ],
174 silly audit   '@jridgewell/set-array': [ '1.2.1' ],
174 silly audit   '@jridgewell/sourcemap-codec': [ '1.4.15' ],
174 silly audit   '@jridgewell/trace-mapping': [ '0.3.25' ],
174 silly audit   '@nodelib/fs.scandir': [ '2.1.5' ],
174 silly audit   '@nodelib/fs.stat': [ '2.0.5' ],
174 silly audit   '@nodelib/fs.walk': [ '1.2.8' ],
174 silly audit   '@remix-run/router': [ '1.16.1' ],
174 silly audit   '@rollup/pluginutils': [ '4.2.1' ],
174 silly audit   '@rollup/rollup-android-arm-eabi': [ '4.17.2' ],
174 silly audit   '@rollup/rollup-android-arm64': [ '4.17.2' ],
174 silly audit   '@rollup/rollup-darwin-arm64': [ '4.17.2' ],
174 silly audit   '@rollup/rollup-darwin-x64': [ '4.17.2' ],
174 silly audit   '@rollup/rollup-linux-arm-gnueabihf': [ '4.17.2' ],
174 silly audit   '@rollup/rollup-linux-arm-musleabihf': [ '4.17.2' ],
174 silly audit   '@rollup/rollup-linux-arm64-gnu': [ '4.17.2' ],
174 silly audit   '@rollup/rollup-linux-arm64-musl': [ '4.17.2' ],
174 silly audit   '@rollup/rollup-linux-powerpc64le-gnu': [ '4.17.2' ],
174 silly audit   '@rollup/rollup-linux-riscv64-gnu': [ '4.17.2' ],
174 silly audit   '@rollup/rollup-linux-s390x-gnu': [ '4.17.2' ],
174 silly audit   '@rollup/rollup-linux-x64-gnu': [ '4.17.2' ],
174 silly audit   '@rollup/rollup-linux-x64-musl': [ '4.17.2' ],
174 silly audit   '@rollup/rollup-win32-arm64-msvc': [ '4.17.2' ],
174 silly audit   '@rollup/rollup-win32-ia32-msvc': [ '4.17.2' ],
174 silly audit   '@rollup/rollup-win32-x64-msvc': [ '4.17.2' ],
174 silly audit   '@tanstack/query-core': [ '5.36.1' ],
174 silly audit   '@tanstack/react-query': [ '5.37.1' ],
174 silly audit   '@types/babel__core': [ '7.20.5' ],
174 silly audit   '@types/babel__generator': [ '7.6.8' ],
174 silly audit   '@types/babel__template': [ '7.4.4' ],
174 silly audit   '@types/babel__traverse': [ '7.20.5' ],
174 silly audit   '@types/estree': [ '1.0.5' ],
174 silly audit   '@types/hoist-non-react-statics': [ '3.3.5' ],
174 silly audit   '@types/prop-types': [ '15.7.12' ],
174 silly audit   '@types/react': [ '18.3.2' ],
174 silly audit   '@types/react-dom': [ '18.3.0' ],
174 silly audit   '@types/stylis': [ '4.2.5' ],
174 silly audit   '@ungap/structured-clone': [ '1.2.0' ],
174 silly audit   '@vitejs/plugin-react': [ '4.2.1' ],
174 silly audit   '@vitejs/plugin-react-refresh': [ '1.3.6' ],
174 silly audit   'react-refresh': [ '0.10.0', '0.14.2' ],
174 silly audit   acorn: [ '8.11.3' ],
174 silly audit   'acorn-jsx': [ '5.3.2' ],
174 silly audit   ajv: [ '6.12.6' ],
174 silly audit   'ansi-regex': [ '5.0.1' ],
174 silly audit   'ansi-styles': [ '3.2.1', '4.3.0' ],
174 silly audit   argparse: [ '2.0.1' ],
174 silly audit   'array-buffer-byte-length': [ '1.0.1' ],
174 silly audit   'array-includes': [ '3.1.8' ],
174 silly audit   'array.prototype.findlast': [ '1.2.5' ],
174 silly audit   'array.prototype.flat': [ '1.3.2' ],
174 silly audit   'array.prototype.flatmap': [ '1.3.2' ],
174 silly audit   'array.prototype.toreversed': [ '1.1.2' ],
174 silly audit   'array.prototype.tosorted': [ '1.1.3' ],
174 silly audit   'arraybuffer.prototype.slice': [ '1.0.3' ],
174 silly audit   asynckit: [ '0.4.0' ],
174 silly audit   'available-typed-arrays': [ '1.0.7' ],
174 silly audit   axios: [ '1.6.8' ],
174 silly audit   resolve: [ '2.0.0-next.5', '1.22.8' ],
174 silly audit   'balanced-match': [ '1.0.2' ],
174 silly audit   'bootstrap-icons': [ '1.11.3' ],
174 silly audit   'brace-expansion': [ '1.1.11' ],
174 silly audit   browserslist: [ '4.23.0' ],
174 silly audit   'call-bind': [ '1.0.7' ],
174 silly audit   callsites: [ '3.1.0' ],
174 silly audit   camelize: [ '1.0.1' ],
174 silly audit   'caniuse-lite': [ '1.0.30001617' ],
174 silly audit   chalk: [ '2.4.2', '4.1.2' ],
174 silly audit   'color-convert': [ '1.9.3', '2.0.1' ],
174 silly audit   'color-name': [ '1.1.3', '1.1.4' ],
174 silly audit   'combined-stream': [ '1.0.8' ],
174 silly audit   'concat-map': [ '0.0.1' ],
174 silly audit   cors: [ '2.8.5' ],
174 silly audit   'cross-spawn': [ '7.0.3' ],
174 silly audit   'css-color-keywords': [ '1.0.0' ],
174 silly audit   'css-to-react-native': [ '3.2.0' ],
174 silly audit   csstype: [ '3.1.3' ],
174 silly audit   'data-view-buffer': [ '1.0.1' ],
174 silly audit   'data-view-byte-length': [ '1.0.1' ],
174 silly audit   'data-view-byte-offset': [ '1.0.0' ],
174 silly audit   debug: [ '4.3.4' ],
174 silly audit   'deep-is': [ '0.1.4' ],
174 silly audit   deepmerge: [ '2.2.1' ],
174 silly audit   'define-data-property': [ '1.1.4' ],
174 silly audit   'define-properties': [ '1.2.1' ],
174 silly audit   'delayed-stream': [ '1.0.0' ],
174 silly audit   doctrine: [ '3.0.0', '2.1.0' ],
174 silly audit   'electron-to-chromium': [ '1.4.763' ],
174 silly audit   'es-abstract': [ '1.23.3' ],
174 silly audit   'es-define-property': [ '1.0.0' ],
174 silly audit   'es-errors': [ '1.3.0' ],
174 silly audit   'es-iterator-helpers': [ '1.0.19' ],
174 silly audit   'es-object-atoms': [ '1.0.0' ],
174 silly audit   'es-set-tostringtag': [ '2.0.3' ],
174 silly audit   'es-shim-unscopables': [ '1.0.2' ],
174 silly audit   'es-to-primitive': [ '1.2.1' ],
174 silly audit   esbuild: [ '0.20.2' ],
174 silly audit   escalade: [ '3.1.2' ],
174 silly audit   eslint: [ '8.57.0' ],
174 silly audit   'eslint-plugin-react': [ '7.34.1' ],
174 silly audit   'eslint-plugin-react-hooks': [ '4.6.2' ],
174 silly audit   'eslint-plugin-react-refresh': [ '0.4.7' ],
174 silly audit   'eslint-scope': [ '7.2.2' ],
174 silly audit   'eslint-visitor-keys': [ '3.4.3' ],
174 silly audit   'has-flag': [ '4.0.0', '3.0.0' ],
174 silly audit   'supports-color': [ '7.2.0', '5.5.0' ],
174 silly audit   espree: [ '9.6.1' ],
174 silly audit   esquery: [ '1.5.0' ],
174 silly audit   esrecurse: [ '4.3.0' ],
174 silly audit   estraverse: [ '5.3.0' ],
174 silly audit   'estree-walker': [ '2.0.2' ],
174 silly audit   esutils: [ '2.0.3' ],
174 silly audit   exenv: [ '1.2.2' ],
174 silly audit   'fast-deep-equal': [ '3.1.3' ],
174 silly audit   'fast-json-stable-stringify': [ '2.1.0' ],
174 silly audit   'fast-levenshtein': [ '2.0.6' ],
174 silly audit   fastq: [ '1.17.1' ],
174 silly audit   'file-entry-cache': [ '6.0.1' ],
174 silly audit   'find-up': [ '5.0.0' ],
174 silly audit   'flat-cache': [ '3.2.0' ],
174 silly audit   flatted: [ '3.3.1' ],
174 silly audit   'follow-redirects': [ '1.15.6' ],
174 silly audit   'for-each': [ '0.3.3' ],
174 silly audit   'form-data': [ '4.0.0' ],
174 silly audit   formik: [ '2.4.6' ],
174 silly audit   'fs.realpath': [ '1.0.0' ],
174 silly audit   fsevents: [ '2.3.3' ],
174 silly audit   'function-bind': [ '1.1.2' ],
174 silly audit   'function.prototype.name': [ '1.1.6' ],
174 silly audit   'functions-have-names': [ '1.2.3' ],
174 silly audit   gensync: [ '1.0.0-beta.2' ],
174 silly audit   'get-intrinsic': [ '1.2.4' ],
174 silly audit   'get-symbol-description': [ '1.0.2' ],
174 silly audit   glob: [ '7.2.3' ],
174 silly audit   'glob-parent': [ '6.0.2' ],
174 silly audit   globalthis: [ '1.0.4' ],
174 silly audit   gopd: [ '1.0.1' ],
174 silly audit   graphemer: [ '1.4.0' ],
174 silly audit   'has-bigints': [ '1.0.2' ],
174 silly audit   'has-property-descriptors': [ '1.0.2' ],
174 silly audit   'has-proto': [ '1.0.3' ],
174 silly audit   'has-symbols': [ '1.0.3' ],
174 silly audit   'has-tostringtag': [ '1.0.2' ],
174 silly audit   hasown: [ '2.0.2' ],
174 silly audit   'hoist-non-react-statics': [ '3.3.2' ],
174 silly audit   'html-parse-stringify': [ '3.0.1' ],
174 silly audit   i18next: [ '23.11.5' ],
174 silly audit   'i18next-browser-languagedetector': [ '8.0.0' ],
174 silly audit   ignore: [ '5.3.1' ],
174 silly audit   immediate: [ '3.0.6' ],
174 silly audit   'import-fresh': [ '3.3.0' ],
174 silly audit   imurmurhash: [ '0.1.4' ],
174 silly audit   inflight: [ '1.0.6' ],
174 silly audit   inherits: [ '2.0.4' ],
174 silly audit   install: [ '0.13.0' ],
174 silly audit   'internal-slot': [ '1.0.7' ],
174 silly audit   invariant: [ '2.2.4' ],
174 silly audit   'is-array-buffer': [ '3.0.4' ],
174 silly audit   'is-async-function': [ '2.0.0' ],
174 silly audit   'is-bigint': [ '1.0.4' ],
174 silly audit   'is-boolean-object': [ '1.1.2' ],
174 silly audit   'is-callable': [ '1.2.7' ],
174 silly audit   'is-core-module': [ '2.13.1' ],
174 silly audit   'is-data-view': [ '1.0.1' ],
174 silly audit   'is-date-object': [ '1.0.5' ],
174 silly audit   'is-extglob': [ '2.1.1' ],
174 silly audit   'is-finalizationregistry': [ '1.0.2' ],
174 silly audit   'is-generator-function': [ '1.0.10' ],
174 silly audit   'is-glob': [ '4.0.3' ],
174 silly audit   'is-map': [ '2.0.3' ],
174 silly audit   'is-negative-zero': [ '2.0.3' ],
174 silly audit   'is-number-object': [ '1.0.7' ],
174 silly audit   'is-path-inside': [ '3.0.3' ],
174 silly audit   'is-regex': [ '1.1.4' ],
174 silly audit   'is-set': [ '2.0.3' ],
174 silly audit   'is-shared-array-buffer': [ '1.0.3' ],
174 silly audit   'is-string': [ '1.0.7' ],
174 silly audit   'is-symbol': [ '1.0.4' ],
174 silly audit   'is-typed-array': [ '1.1.13' ],
174 silly audit   'is-weakmap': [ '2.0.2' ],
174 silly audit   'is-weakref': [ '1.0.2' ],
174 silly audit   'is-weakset': [ '2.0.3' ],
174 silly audit   isarray: [ '2.0.5' ],
174 silly audit   isexe: [ '2.0.0' ],
174 silly audit   'iterator.prototype': [ '1.1.2' ],
174 silly audit   'js-tokens': [ '4.0.0' ],
174 silly audit   'js-yaml': [ '4.1.0' ],
174 silly audit   jsesc: [ '2.5.2' ],
174 silly audit   'json-buffer': [ '3.0.1' ],
174 silly audit   'json-schema-traverse': [ '0.4.1' ],
174 silly audit   'json-stable-stringify-without-jsonify': [ '1.0.1' ],
174 silly audit   json5: [ '2.2.3' ],
174 silly audit   'jsx-ast-utils': [ '3.3.5' ],
174 silly audit   keyv: [ '4.5.4' ],
174 silly audit   levn: [ '0.4.1' ],
174 silly audit   lie: [ '3.1.1' ],
174 silly audit   localforage: [ '1.10.0' ],
174 silly audit   'locate-path': [ '6.0.0' ],
174 silly audit   lodash: [ '4.17.21' ],
174 silly audit   'lodash-es': [ '4.17.21' ],
174 silly audit   'lodash.merge': [ '4.6.2' ],
174 silly audit   'loose-envify': [ '1.4.0' ],
174 silly audit   'lru-cache': [ '5.1.1' ],
174 silly audit   'match-sorter': [ '6.3.4' ],
174 silly audit   'mime-db': [ '1.52.0' ],
174 silly audit   'mime-types': [ '2.1.35' ],
174 silly audit   minimatch: [ '3.1.2' ],
174 silly audit   ms: [ '2.1.2' ],
174 silly audit   nanoid: [ '3.3.7' ],
174 silly audit   'natural-compare': [ '1.4.0' ],
174 silly audit   'node-releases': [ '2.0.14' ],
174 silly audit   'object-assign': [ '4.1.1' ],
174 silly audit   'object-inspect': [ '1.13.1' ],
174 silly audit   'object-keys': [ '1.1.1' ],
174 silly audit   'object-path': [ '0.6.0' ],
174 silly audit   'object.assign': [ '4.1.5' ],
174 silly audit   'object.entries': [ '1.1.8' ],
174 silly audit   'object.fromentries': [ '2.0.8' ],
174 silly audit   'object.hasown': [ '1.1.4' ],
174 silly audit   'object.values': [ '1.2.0' ],
174 silly audit   once: [ '1.4.0' ],
174 silly audit   optionator: [ '0.9.4' ],
174 silly audit   'p-limit': [ '3.1.0' ],
174 silly audit   'p-locate': [ '5.0.0' ],
174 silly audit   'parent-module': [ '1.0.1' ],
174 silly audit   'path-exists': [ '4.0.0' ],
174 silly audit   'path-is-absolute': [ '1.0.1' ],
174 silly audit   'path-key': [ '3.1.1' ],
174 silly audit   'path-parse': [ '1.0.7' ],
174 silly audit   picocolors: [ '1.0.0' ],
174 silly audit   picomatch: [ '2.3.1' ],
174 silly audit   'possible-typed-array-names': [ '1.0.0' ],
174 silly audit   postcss: [ '8.4.38' ],
174 silly audit   'postcss-value-parser': [ '4.2.0' ],
174 silly audit   'prelude-ls': [ '1.2.1' ],
174 silly audit   'prop-types': [ '15.8.1' ],
174 silly audit   'property-expr': [ '2.0.6' ],
174 silly audit   'proxy-from-env': [ '1.1.0' ],
174 silly audit   punycode: [ '2.3.1' ],
174 silly audit   'queue-microtask': [ '1.2.3' ],
174 silly audit   react: [ '18.3.1' ],
174 silly audit   'react-dom': [ '18.3.1' ],
174 silly audit   'react-fast-compare': [ '2.0.4' ],
174 silly audit   'react-grid-system': [ '8.2.0' ],
174 silly audit   'react-hook-form': [ '7.51.5' ],
174 silly audit   'react-i18next': [ '14.1.1' ],
174 silly audit   'react-input-mask': [ '2.0.4' ],
174 silly audit   'react-is': [ '16.13.1', '18.3.1' ],
174 silly audit   'react-lifecycles-compat': [ '3.0.4' ],
174 silly audit   'react-modal': [ '3.16.1' ],
174 silly audit   'react-router': [ '6.23.1' ],
174 silly audit   'react-router-dom': [ '6.23.1' ],
174 silly audit   'react-text-mask': [ '5.5.0' ],
174 silly audit   'reflect.getprototypeof': [ '1.0.6' ],
174 silly audit   'regenerator-runtime': [ '0.14.1' ],
174 silly audit   'regexp.prototype.flags': [ '1.5.2' ],
174 silly audit   'remove-accents': [ '0.5.0' ],
174 silly audit   'resolve-from': [ '4.0.0' ],
174 silly audit   reusify: [ '1.0.4' ],
174 silly audit   rimraf: [ '3.0.2' ],
174 silly audit   rollup: [ '4.17.2' ],
174 silly audit   'run-parallel': [ '1.2.0' ],
174 silly audit   'safe-array-concat': [ '1.1.2' ],
174 silly audit   'safe-regex-test': [ '1.0.3' ],
174 silly audit   scheduler: [ '0.23.2' ],
174 silly audit   semver: [ '6.3.1' ],
174 silly audit   'set-function-length': [ '1.2.2' ],
174 silly audit   'set-function-name': [ '2.0.2' ],
174 silly audit   shallowequal: [ '1.1.0' ],
174 silly audit   'shebang-command': [ '2.0.0' ],
174 silly audit   'shebang-regex': [ '3.0.0' ],
174 silly audit   'side-channel': [ '1.0.6' ],
174 silly audit   'sort-by': [ '1.2.0' ],
174 silly audit   'source-map-js': [ '1.2.0' ],
174 silly audit   'string.prototype.matchall': [ '4.0.11' ],
174 silly audit   'string.prototype.trim': [ '1.2.9' ],
174 silly audit   'string.prototype.trimend': [ '1.0.8' ],
174 silly audit   'string.prototype.trimstart': [ '1.0.8' ],
174 silly audit   'strip-ansi': [ '6.0.1' ],
174 silly audit   'strip-json-comments': [ '3.1.1' ],
174 silly audit   'styled-components': [ '6.1.11' ],
174 silly audit   'supports-preserve-symlinks-flag': [ '1.0.0' ],
174 silly audit   swiper: [ '11.1.9' ],
174 silly audit   'text-table': [ '0.2.0' ],
174 silly audit   'tiny-case': [ '1.0.3' ],
174 silly audit   'tiny-warning': [ '1.0.3' ],
174 silly audit   'to-fast-properties': [ '2.0.0' ],
174 silly audit   toposort: [ '2.0.2' ],
174 silly audit   tslib: [ '2.6.2' ],
174 silly audit   'type-check': [ '0.4.0' ],
174 silly audit   'type-fest': [ '0.20.2', '2.19.0' ],
174 silly audit   'typed-array-buffer': [ '1.0.2' ],
174 silly audit   'typed-array-byte-length': [ '1.0.1' ],
174 silly audit   'typed-array-byte-offset': [ '1.0.2' ],
174 silly audit   'typed-array-length': [ '1.0.6' ],
174 silly audit   typescript: [ '5.4.5' ],
174 silly audit   'unbox-primitive': [ '1.0.2' ],
174 silly audit   'update-browserslist-db': [ '1.0.15' ],
174 silly audit   'uri-js': [ '4.4.1' ],
174 silly audit   vary: [ '1.1.2' ],
174 silly audit   vite: [ '5.2.11' ],
174 silly audit   'void-elements': [ '3.1.0' ],
174 silly audit   warning: [ '4.0.3' ],
174 silly audit   which: [ '2.0.2' ],
174 silly audit   'which-boxed-primitive': [ '1.0.2' ],
174 silly audit   'which-builtin-type': [ '1.1.3' ],
174 silly audit   'which-collection': [ '1.0.2' ],
174 silly audit   'which-typed-array': [ '1.1.15' ],
174 silly audit   'word-wrap': [ '1.2.5' ],
174 silly audit   wrappy: [ '1.0.2' ],
174 silly audit   yallist: [ '3.1.1' ],
174 silly audit   'yocto-queue': [ '0.1.0' ],
174 silly audit   yup: [ '1.4.0' ],
174 silly audit   '@emotion/react': [ '11.13.0' ],
174 silly audit   '@emotion/styled': [ '11.13.0' ],
174 silly audit   '@mui/icons-material': [ '5.16.7' ],
174 silly audit   '@mui/material': [ '5.16.7' ],
174 silly audit   '@emotion/babel-plugin': [ '11.12.0' ],
174 silly audit   '@emotion/cache': [ '11.13.1' ],
174 silly audit   '@emotion/serialize': [ '1.3.0' ],
174 silly audit   '@emotion/use-insertion-effect-with-fallbacks': [ '1.1.0' ],
174 silly audit   '@emotion/utils': [ '1.4.0' ],
174 silly audit   '@emotion/weak-memoize': [ '0.4.0' ],
174 silly audit   '@emotion/hash': [ '0.9.2' ],
174 silly audit   'babel-plugin-macros': [ '3.1.0' ],
174 silly audit   'find-root': [ '1.1.0' ],
174 silly audit   'source-map': [ '0.5.7' ],
174 silly audit   '@emotion/sheet': [ '1.4.0' ],
174 silly audit   '@mui/core-downloads-tracker': [ '5.16.7' ],
174 silly audit   '@mui/system': [ '5.16.7' ],
174 silly audit   '@mui/types': [ '7.2.15' ],
174 silly audit   '@mui/utils': [ '5.16.6' ],
174 silly audit   '@popperjs/core': [ '2.11.8' ],
174 silly audit   '@types/react-transition-group': [ '4.4.11' ],
174 silly audit   clsx: [ '2.1.1' ],
174 silly audit   'react-transition-group': [ '4.4.5' ],
174 silly audit   '@mui/private-theming': [ '5.16.6' ],
174 silly audit   '@mui/styled-engine': [ '5.16.6' ],
174 silly audit   cosmiconfig: [ '7.1.0' ],
174 silly audit   '@types/parse-json': [ '4.0.2' ],
174 silly audit   'parse-json': [ '5.2.0' ],
174 silly audit   'path-type': [ '4.0.0' ],
174 silly audit   yaml: [ '1.10.2' ],
174 silly audit   'error-ex': [ '1.3.2' ],
174 silly audit   'json-parse-even-better-errors': [ '2.3.1' ],
174 silly audit   'lines-and-columns': [ '1.2.4' ],
174 silly audit   'is-arrayish': [ '0.2.1' ],
174 silly audit   'dom-helpers': [ '5.2.1' ]
174 silly audit }
175 verbose reify failed optional dependency C:\Users\JuanR\OneDrive\Documentos\GitHub\Commom-League\node_modules\fsevents
176 silly reify mark deleted [
176 silly reify   'C:\\Users\\JuanR\\OneDrive\\Documentos\\GitHub\\Commom-League\\node_modules\\fsevents'
176 silly reify ]
177 verbose reify failed optional dependency C:\Users\JuanR\OneDrive\Documentos\GitHub\Commom-League\node_modules\@rollup\rollup-win32-ia32-msvc
178 silly reify mark deleted [
178 silly reify   'C:\\Users\\JuanR\\OneDrive\\Documentos\\GitHub\\Commom-League\\node_modules\\@rollup\\rollup-win32-ia32-msvc'
178 silly reify ]
179 verbose reify failed optional dependency C:\Users\JuanR\OneDrive\Documentos\GitHub\Commom-League\node_modules\@rollup\rollup-win32-arm64-msvc
180 silly reify mark deleted [
180 silly reify   'C:\\Users\\JuanR\\OneDrive\\Documentos\\GitHub\\Commom-League\\node_modules\\@rollup\\rollup-win32-arm64-msvc'
180 silly reify ]
181 verbose reify failed optional dependency C:\Users\JuanR\OneDrive\Documentos\GitHub\Commom-League\node_modules\@rollup\rollup-linux-x64-musl
182 silly reify mark deleted [
182 silly reify   'C:\\Users\\JuanR\\OneDrive\\Documentos\\GitHub\\Commom-League\\node_modules\\@rollup\\rollup-linux-x64-musl'
182 silly reify ]
183 verbose reify failed optional dependency C:\Users\JuanR\OneDrive\Documentos\GitHub\Commom-League\node_modules\@rollup\rollup-linux-x64-gnu
184 silly reify mark deleted [
184 silly reify   'C:\\Users\\JuanR\\OneDrive\\Documentos\\GitHub\\Commom-League\\node_modules\\@rollup\\rollup-linux-x64-gnu'
184 silly reify ]
185 verbose reify failed optional dependency C:\Users\JuanR\OneDrive\Documentos\GitHub\Commom-League\node_modules\@rollup\rollup-linux-s390x-gnu
186 silly reify mark deleted [
186 silly reify   'C:\\Users\\JuanR\\OneDrive\\Documentos\\GitHub\\Commom-League\\node_modules\\@rollup\\rollup-linux-s390x-gnu'
186 silly reify ]
187 verbose reify failed optional dependency C:\Users\JuanR\OneDrive\Documentos\GitHub\Commom-League\node_modules\@rollup\rollup-linux-riscv64-gnu
188 silly reify mark deleted [
188 silly reify   'C:\\Users\\JuanR\\OneDrive\\Documentos\\GitHub\\Commom-League\\node_modules\\@rollup\\rollup-linux-riscv64-gnu'
188 silly reify ]
189 verbose reify failed optional dependency C:\Users\JuanR\OneDrive\Documentos\GitHub\Commom-League\node_modules\@rollup\rollup-linux-powerpc64le-gnu
190 silly reify mark deleted [
190 silly reify   'C:\\Users\\JuanR\\OneDrive\\Documentos\\GitHub\\Commom-League\\node_modules\\@rollup\\rollup-linux-powerpc64le-gnu'
190 silly reify ]
191 verbose reify failed optional dependency C:\Users\JuanR\OneDrive\Documentos\GitHub\Commom-League\node_modules\@rollup\rollup-linux-arm64-musl
192 silly reify mark deleted [
192 silly reify   'C:\\Users\\JuanR\\OneDrive\\Documentos\\GitHub\\Commom-League\\node_modules\\@rollup\\rollup-linux-arm64-musl'
192 silly reify ]
193 verbose reify failed optional dependency C:\Users\JuanR\OneDrive\Documentos\GitHub\Commom-League\node_modules\@rollup\rollup-linux-arm64-gnu
194 silly reify mark deleted [
194 silly reify   'C:\\Users\\JuanR\\OneDrive\\Documentos\\GitHub\\Commom-League\\node_modules\\@rollup\\rollup-linux-arm64-gnu'
194 silly reify ]
195 verbose reify failed optional dependency C:\Users\JuanR\OneDrive\Documentos\GitHub\Commom-League\node_modules\@rollup\rollup-linux-arm-musleabihf
196 silly reify mark deleted [
196 silly reify   'C:\\Users\\JuanR\\OneDrive\\Documentos\\GitHub\\Commom-League\\node_modules\\@rollup\\rollup-linux-arm-musleabihf'
196 silly reify ]
197 verbose reify failed optional dependency C:\Users\JuanR\OneDrive\Documentos\GitHub\Commom-League\node_modules\@rollup\rollup-linux-arm-gnueabihf
198 silly reify mark deleted [
198 silly reify   'C:\\Users\\JuanR\\OneDrive\\Documentos\\GitHub\\Commom-League\\node_modules\\@rollup\\rollup-linux-arm-gnueabihf'
198 silly reify ]
199 verbose reify failed optional dependency C:\Users\JuanR\OneDrive\Documentos\GitHub\Commom-League\node_modules\@rollup\rollup-darwin-x64
200 silly reify mark deleted [
200 silly reify   'C:\\Users\\JuanR\\OneDrive\\Documentos\\GitHub\\Commom-League\\node_modules\\@rollup\\rollup-darwin-x64'
200 silly reify ]
201 verbose reify failed optional dependency C:\Users\JuanR\OneDrive\Documentos\GitHub\Commom-League\node_modules\@rollup\rollup-darwin-arm64
202 silly reify mark deleted [
202 silly reify   'C:\\Users\\JuanR\\OneDrive\\Documentos\\GitHub\\Commom-League\\node_modules\\@rollup\\rollup-darwin-arm64'
202 silly reify ]
203 verbose reify failed optional dependency C:\Users\JuanR\OneDrive\Documentos\GitHub\Commom-League\node_modules\@rollup\rollup-android-arm64
204 silly reify mark deleted [
204 silly reify   'C:\\Users\\JuanR\\OneDrive\\Documentos\\GitHub\\Commom-League\\node_modules\\@rollup\\rollup-android-arm64'
204 silly reify ]
205 verbose reify failed optional dependency C:\Users\JuanR\OneDrive\Documentos\GitHub\Commom-League\node_modules\@rollup\rollup-android-arm-eabi
206 silly reify mark deleted [
206 silly reify   'C:\\Users\\JuanR\\OneDrive\\Documentos\\GitHub\\Commom-League\\node_modules\\@rollup\\rollup-android-arm-eabi'
206 silly reify ]
207 verbose reify failed optional dependency C:\Users\JuanR\OneDrive\Documentos\GitHub\Commom-League\node_modules\@esbuild\win32-ia32
208 silly reify mark deleted [
208 silly reify   'C:\\Users\\JuanR\\OneDrive\\Documentos\\GitHub\\Commom-League\\node_modules\\@esbuild\\win32-ia32'
208 silly reify ]
209 verbose reify failed optional dependency C:\Users\JuanR\OneDrive\Documentos\GitHub\Commom-League\node_modules\@esbuild\win32-arm64
210 silly reify mark deleted [
210 silly reify   'C:\\Users\\JuanR\\OneDrive\\Documentos\\GitHub\\Commom-League\\node_modules\\@esbuild\\win32-arm64'
210 silly reify ]
211 verbose reify failed optional dependency C:\Users\JuanR\OneDrive\Documentos\GitHub\Commom-League\node_modules\@esbuild\sunos-x64
212 silly reify mark deleted [
212 silly reify   'C:\\Users\\JuanR\\OneDrive\\Documentos\\GitHub\\Commom-League\\node_modules\\@esbuild\\sunos-x64'
212 silly reify ]
213 verbose reify failed optional dependency C:\Users\JuanR\OneDrive\Documentos\GitHub\Commom-League\node_modules\@esbuild\openbsd-x64
214 silly reify mark deleted [
214 silly reify   'C:\\Users\\JuanR\\OneDrive\\Documentos\\GitHub\\Commom-League\\node_modules\\@esbuild\\openbsd-x64'
214 silly reify ]
215 verbose reify failed optional dependency C:\Users\JuanR\OneDrive\Documentos\GitHub\Commom-League\node_modules\@esbuild\netbsd-x64
216 silly reify mark deleted [
216 silly reify   'C:\\Users\\JuanR\\OneDrive\\Documentos\\GitHub\\Commom-League\\node_modules\\@esbuild\\netbsd-x64'
216 silly reify ]
217 verbose reify failed optional dependency C:\Users\JuanR\OneDrive\Documentos\GitHub\Commom-League\node_modules\@esbuild\linux-x64
218 silly reify mark deleted [
218 silly reify   'C:\\Users\\JuanR\\OneDrive\\Documentos\\GitHub\\Commom-League\\node_modules\\@esbuild\\linux-x64'
218 silly reify ]
219 verbose reify failed optional dependency C:\Users\JuanR\OneDrive\Documentos\GitHub\Commom-League\node_modules\@esbuild\linux-s390x
220 silly reify mark deleted [
220 silly reify   'C:\\Users\\JuanR\\OneDrive\\Documentos\\GitHub\\Commom-League\\node_modules\\@esbuild\\linux-s390x'
220 silly reify ]
221 verbose reify failed optional dependency C:\Users\JuanR\OneDrive\Documentos\GitHub\Commom-League\node_modules\@esbuild\linux-riscv64
222 silly reify mark deleted [
222 silly reify   'C:\\Users\\JuanR\\OneDrive\\Documentos\\GitHub\\Commom-League\\node_modules\\@esbuild\\linux-riscv64'
222 silly reify ]
223 verbose reify failed optional dependency C:\Users\JuanR\OneDrive\Documentos\GitHub\Commom-League\node_modules\@esbuild\linux-ppc64
224 silly reify mark deleted [
224 silly reify   'C:\\Users\\JuanR\\OneDrive\\Documentos\\GitHub\\Commom-League\\node_modules\\@esbuild\\linux-ppc64'
224 silly reify ]
225 verbose reify failed optional dependency C:\Users\JuanR\OneDrive\Documentos\GitHub\Commom-League\node_modules\@esbuild\linux-mips64el
226 silly reify mark deleted [
226 silly reify   'C:\\Users\\JuanR\\OneDrive\\Documentos\\GitHub\\Commom-League\\node_modules\\@esbuild\\linux-mips64el'
226 silly reify ]
227 verbose reify failed optional dependency C:\Users\JuanR\OneDrive\Documentos\GitHub\Commom-League\node_modules\@esbuild\linux-loong64
228 silly reify mark deleted [
228 silly reify   'C:\\Users\\JuanR\\OneDrive\\Documentos\\GitHub\\Commom-League\\node_modules\\@esbuild\\linux-loong64'
228 silly reify ]
229 verbose reify failed optional dependency C:\Users\JuanR\OneDrive\Documentos\GitHub\Commom-League\node_modules\@esbuild\linux-ia32
230 silly reify mark deleted [
230 silly reify   'C:\\Users\\JuanR\\OneDrive\\Documentos\\GitHub\\Commom-League\\node_modules\\@esbuild\\linux-ia32'
230 silly reify ]
231 verbose reify failed optional dependency C:\Users\JuanR\OneDrive\Documentos\GitHub\Commom-League\node_modules\@esbuild\linux-arm64
232 silly reify mark deleted [
232 silly reify   'C:\\Users\\JuanR\\OneDrive\\Documentos\\GitHub\\Commom-League\\node_modules\\@esbuild\\linux-arm64'
232 silly reify ]
233 verbose reify failed optional dependency C:\Users\JuanR\OneDrive\Documentos\GitHub\Commom-League\node_modules\@esbuild\linux-arm
234 silly reify mark deleted [
234 silly reify   'C:\\Users\\JuanR\\OneDrive\\Documentos\\GitHub\\Commom-League\\node_modules\\@esbuild\\linux-arm'
234 silly reify ]
235 verbose reify failed optional dependency C:\Users\JuanR\OneDrive\Documentos\GitHub\Commom-League\node_modules\@esbuild\freebsd-x64
236 silly reify mark deleted [
236 silly reify   'C:\\Users\\JuanR\\OneDrive\\Documentos\\GitHub\\Commom-League\\node_modules\\@esbuild\\freebsd-x64'
236 silly reify ]
237 verbose reify failed optional dependency C:\Users\JuanR\OneDrive\Documentos\GitHub\Commom-League\node_modules\@esbuild\freebsd-arm64
238 silly reify mark deleted [
238 silly reify   'C:\\Users\\JuanR\\OneDrive\\Documentos\\GitHub\\Commom-League\\node_modules\\@esbuild\\freebsd-arm64'
238 silly reify ]
239 verbose reify failed optional dependency C:\Users\JuanR\OneDrive\Documentos\GitHub\Commom-League\node_modules\@esbuild\darwin-x64
240 silly reify mark deleted [
240 silly reify   'C:\\Users\\JuanR\\OneDrive\\Documentos\\GitHub\\Commom-League\\node_modules\\@esbuild\\darwin-x64'
240 silly reify ]
241 verbose reify failed optional dependency C:\Users\JuanR\OneDrive\Documentos\GitHub\Commom-League\node_modules\@esbuild\darwin-arm64
242 silly reify mark deleted [
242 silly reify   'C:\\Users\\JuanR\\OneDrive\\Documentos\\GitHub\\Commom-League\\node_modules\\@esbuild\\darwin-arm64'
242 silly reify ]
243 verbose reify failed optional dependency C:\Users\JuanR\OneDrive\Documentos\GitHub\Commom-League\node_modules\@esbuild\android-x64
244 silly reify mark deleted [
244 silly reify   'C:\\Users\\JuanR\\OneDrive\\Documentos\\GitHub\\Commom-League\\node_modules\\@esbuild\\android-x64'
244 silly reify ]
245 verbose reify failed optional dependency C:\Users\JuanR\OneDrive\Documentos\GitHub\Commom-League\node_modules\@esbuild\android-arm64
246 silly reify mark deleted [
246 silly reify   'C:\\Users\\JuanR\\OneDrive\\Documentos\\GitHub\\Commom-League\\node_modules\\@esbuild\\android-arm64'
246 silly reify ]
247 verbose reify failed optional dependency C:\Users\JuanR\OneDrive\Documentos\GitHub\Commom-League\node_modules\@esbuild\android-arm
248 silly reify mark deleted [
248 silly reify   'C:\\Users\\JuanR\\OneDrive\\Documentos\\GitHub\\Commom-League\\node_modules\\@esbuild\\android-arm'
248 silly reify ]
249 verbose reify failed optional dependency C:\Users\JuanR\OneDrive\Documentos\GitHub\Commom-League\node_modules\@esbuild\aix-ppc64
250 silly reify mark deleted [
250 silly reify   'C:\\Users\\JuanR\\OneDrive\\Documentos\\GitHub\\Commom-League\\node_modules\\@esbuild\\aix-ppc64'
250 silly reify ]
251 silly tarball no local data for dom-helpers@https://registry.npmjs.org/dom-helpers/-/dom-helpers-5.2.1.tgz. Extracting by manifest.
252 silly tarball no local data for @mui/styled-engine@https://registry.npmjs.org/@mui/styled-engine/-/styled-engine-5.16.6.tgz. Extracting by manifest.
253 silly tarball no local data for @mui/private-theming@https://registry.npmjs.org/@mui/private-theming/-/private-theming-5.16.6.tgz. Extracting by manifest.
254 silly tarball no local data for react-transition-group@https://registry.npmjs.org/react-transition-group/-/react-transition-group-4.4.5.tgz. Extracting by manifest.
255 silly tarball no local data for clsx@https://registry.npmjs.org/clsx/-/clsx-2.1.1.tgz. Extracting by manifest.
256 silly tarball no local data for @types/react-transition-group@https://registry.npmjs.org/@types/react-transition-group/-/react-transition-group-4.4.11.tgz. Extracting by manifest.
257 silly tarball no local data for @mui/types@https://registry.npmjs.org/@mui/types/-/types-7.2.15.tgz. Extracting by manifest.
258 silly tarball no local data for @popperjs/core@https://registry.npmjs.org/@popperjs/core/-/core-2.11.8.tgz. Extracting by manifest.
259 silly tarball no local data for @mui/utils@https://registry.npmjs.org/@mui/utils/-/utils-5.16.6.tgz. Extracting by manifest.
260 silly tarball no local data for @mui/system@https://registry.npmjs.org/@mui/system/-/system-5.16.7.tgz. Extracting by manifest.
261 silly tarball no local data for @mui/core-downloads-tracker@https://registry.npmjs.org/@mui/core-downloads-tracker/-/core-downloads-tracker-5.16.7.tgz. Extracting by manifest.
262 silly tarball no local data for @mui/material@https://registry.npmjs.org/@mui/material/-/material-5.16.7.tgz. Extracting by manifest.
263 silly tarball no local data for @mui/icons-material@https://registry.npmjs.org/@mui/icons-material/-/icons-material-5.16.7.tgz. Extracting by manifest.
264 silly tarball no local data for @emotion/weak-memoize@https://registry.npmjs.org/@emotion/weak-memoize/-/weak-memoize-0.4.0.tgz. Extracting by manifest.
265 silly tarball no local data for @emotion/utils@https://registry.npmjs.org/@emotion/utils/-/utils-1.4.0.tgz. Extracting by manifest.
266 silly tarball no local data for @emotion/use-insertion-effect-with-fallbacks@https://registry.npmjs.org/@emotion/use-insertion-effect-with-fallbacks/-/use-insertion-effect-with-fallbacks-1.1.0.tgz. Extracting by manifest.
267 silly tarball no local data for @emotion/styled@https://registry.npmjs.org/@emotion/styled/-/styled-11.13.0.tgz. Extracting by manifest.
268 silly tarball no local data for @emotion/sheet@https://registry.npmjs.org/@emotion/sheet/-/sheet-1.4.0.tgz. Extracting by manifest.
269 silly tarball no local data for @emotion/serialize@https://registry.npmjs.org/@emotion/serialize/-/serialize-1.3.0.tgz. Extracting by manifest.
270 silly tarball no local data for @emotion/hash@https://registry.npmjs.org/@emotion/hash/-/hash-0.9.2.tgz. Extracting by manifest.
271 silly tarball no local data for @emotion/react@https://registry.npmjs.org/@emotion/react/-/react-11.13.0.tgz. Extracting by manifest.
272 silly tarball no local data for @emotion/cache@https://registry.npmjs.org/@emotion/cache/-/cache-11.13.1.tgz. Extracting by manifest.
273 silly tarball no local data for react-is@https://registry.npmjs.org/react-is/-/react-is-18.3.1.tgz. Extracting by manifest.
274 silly tarball no local data for @emotion/babel-plugin@https://registry.npmjs.org/@emotion/babel-plugin/-/babel-plugin-11.12.0.tgz. Extracting by manifest.
275 silly tarball no local data for react-is@https://registry.npmjs.org/react-is/-/react-is-18.3.1.tgz. Extracting by manifest.
276 silly tarball no local data for @emotion/memoize@https://registry.npmjs.org/@emotion/memoize/-/memoize-0.9.0.tgz. Extracting by manifest.
277 silly tarball no local data for @emotion/is-prop-valid@https://registry.npmjs.org/@emotion/is-prop-valid/-/is-prop-valid-1.3.0.tgz. Extracting by manifest.
278 silly tarball no local data for @emotion/memoize@https://registry.npmjs.org/@emotion/memoize/-/memoize-0.9.0.tgz. Extracting by manifest.
279 silly tarball no local data for @emotion/unitless@https://registry.npmjs.org/@emotion/unitless/-/unitless-0.9.0.tgz. Extracting by manifest.
280 silly tarball no local data for @emotion/memoize@https://registry.npmjs.org/@emotion/memoize/-/memoize-0.9.0.tgz. Extracting by manifest.
281 silly tarball no local data for @emotion/memoize@https://registry.npmjs.org/@emotion/memoize/-/memoize-0.9.0.tgz. Extracting by manifest.
282 http fetch POST 200 https://registry.npmjs.org/-/npm/v1/security/advisories/bulk 360ms
283 silly audit report {
283 silly audit report   axios: [
283 silly audit report     {
283 silly audit report       id: 1098582,
283 silly audit report       url: 'https://github.com/advisories/GHSA-8hc4-vh64-cxmj',
283 silly audit report       title: 'Server-Side Request Forgery in axios',
283 silly audit report       severity: 'high',
283 silly audit report       vulnerable_versions: '>=1.3.2 <=1.7.3',
283 silly audit report       cwe: [Array],
283 silly audit report       cvss: [Object]
283 silly audit report     }
283 silly audit report   ],
283 silly audit report   'object-path': [
283 silly audit report     {
283 silly audit report       id: 1093573,
283 silly audit report       url: 'https://github.com/advisories/GHSA-v39p-96qg-c8rf',
283 silly audit report       title: 'Prototype Pollution in object-path',
283 silly audit report       severity: 'moderate',
283 silly audit report       vulnerable_versions: '<0.11.6',
283 silly audit report       cwe: [Array],
283 silly audit report       cvss: [Object]
283 silly audit report     },
283 silly audit report     {
283 silly audit report       id: 1095139,
283 silly audit report       url: 'https://github.com/advisories/GHSA-cwx2-736x-mf6w',
283 silly audit report       title: 'Prototype pollution in object-path',
283 silly audit report       severity: 'high',
283 silly audit report       vulnerable_versions: '<0.11.5',
283 silly audit report       cwe: [Array],
283 silly audit report       cvss: [Object]
283 silly audit report     },
283 silly audit report     {
283 silly audit report       id: 1095140,
283 silly audit report       url: 'https://github.com/advisories/GHSA-8v63-cqqc-6r2c',
283 silly audit report       title: 'Prototype Pollution in object-path',
283 silly audit report       severity: 'high',
283 silly audit report       vulnerable_versions: '<0.11.8',
283 silly audit report       cwe: [Array],
283 silly audit report       cvss: [Object]
283 silly audit report     }
283 silly audit report   ]
283 silly audit report }
284 http fetch GET 200 https://registry.npmjs.org/clsx/-/clsx-2.1.1.tgz 423ms (cache miss)
285 http fetch GET 200 https://registry.npmjs.org/@types/react-transition-group/-/react-transition-group-4.4.11.tgz 470ms (cache miss)
286 http fetch GET 200 https://registry.npmjs.org/@emotion/use-insertion-effect-with-fallbacks/-/use-insertion-effect-with-fallbacks-1.1.0.tgz 528ms (cache miss)
287 http fetch GET 200 https://registry.npmjs.org/@emotion/utils/-/utils-1.4.0.tgz 530ms (cache miss)
288 http fetch GET 200 https://registry.npmjs.org/@emotion/sheet/-/sheet-1.4.0.tgz 574ms (cache miss)
289 http fetch GET 200 https://registry.npmjs.org/@emotion/serialize/-/serialize-1.3.0.tgz 584ms (cache miss)
290 http fetch GET 200 https://registry.npmjs.org/react-is/-/react-is-18.3.1.tgz 584ms (cache miss)
291 http fetch GET 200 https://registry.npmjs.org/@emotion/hash/-/hash-0.9.2.tgz 596ms (cache miss)
292 http fetch GET 200 https://registry.npmjs.org/@mui/core-downloads-tracker/-/core-downloads-tracker-5.16.7.tgz 693ms (cache miss)
293 http fetch GET 200 https://registry.npmjs.org/react-is/-/react-is-18.3.1.tgz 704ms (cache miss)
294 http fetch GET 200 https://registry.npmjs.org/@emotion/memoize/-/memoize-0.9.0.tgz 733ms (cache miss)
295 http fetch GET 200 https://registry.npmjs.org/@emotion/unitless/-/unitless-0.9.0.tgz 736ms (cache miss)
296 http fetch GET 200 https://registry.npmjs.org/@emotion/memoize/-/memoize-0.9.0.tgz 836ms (cache miss)
297 http fetch GET 200 https://registry.npmjs.org/@emotion/memoize/-/memoize-0.9.0.tgz 837ms (cache miss)
298 http fetch GET 200 https://registry.npmjs.org/object-path 554ms (cache revalidated)
299 http fetch GET 200 https://registry.npmjs.org/@mui/types/-/types-7.2.15.tgz 887ms (cache miss)
300 http fetch GET 200 https://registry.npmjs.org/@emotion/is-prop-valid/-/is-prop-valid-1.3.0.tgz 922ms (cache miss)
301 http fetch GET 200 https://registry.npmjs.org/@emotion/memoize/-/memoize-0.9.0.tgz 1314ms (cache miss)
302 http fetch GET 200 https://registry.npmjs.org/@emotion/weak-memoize/-/weak-memoize-0.4.0.tgz 1330ms (cache miss)
303 http fetch GET 200 https://registry.npmjs.org/@emotion/babel-plugin/-/babel-plugin-11.12.0.tgz 1669ms (cache miss)
304 http fetch GET 200 https://registry.npmjs.org/react-transition-group/-/react-transition-group-4.4.5.tgz 1905ms (cache miss)
305 http fetch GET 200 https://registry.npmjs.org/@mui/styled-engine/-/styled-engine-5.16.6.tgz 1934ms (cache miss)
306 http fetch GET 200 https://registry.npmjs.org/@emotion/cache/-/cache-11.13.1.tgz 1916ms (cache miss)
307 http fetch GET 200 https://registry.npmjs.org/@mui/private-theming/-/private-theming-5.16.6.tgz 2011ms (cache miss)
308 http fetch GET 200 https://registry.npmjs.org/@emotion/styled/-/styled-11.13.0.tgz 2426ms (cache miss)
309 http fetch GET 200 https://registry.npmjs.org/@emotion/react/-/react-11.13.0.tgz 3020ms (cache miss)
310 http fetch GET 200 https://registry.npmjs.org/dom-helpers/-/dom-helpers-5.2.1.tgz 3796ms (cache miss)
311 http fetch GET 200 https://registry.npmjs.org/@popperjs/core/-/core-2.11.8.tgz 3925ms (cache miss)
312 http fetch GET 200 https://registry.npmjs.org/@mui/system/-/system-5.16.7.tgz 4793ms (cache miss)
313 http fetch GET 200 https://registry.npmjs.org/@mui/utils/-/utils-5.16.6.tgz 5471ms (cache miss)
314 http fetch GET 200 https://registry.npmjs.org/@mui/material/-/material-5.16.7.tgz 15231ms (cache miss)
315 http fetch GET 200 https://registry.npmjs.org/@mui/icons-material/-/icons-material-5.16.7.tgz 104167ms (cache miss)
316 http fetch GET 200 https://registry.npmjs.org/axios 121212ms (cache miss)
317 http fetch GET 200 https://registry.npmjs.org/sort-by 221ms (cache revalidated)
318 silly ADD node_modules/dom-helpers
319 silly ADD node_modules/@mui/styled-engine
320 silly ADD node_modules/@mui/private-theming
321 silly ADD node_modules/react-transition-group
322 silly ADD node_modules/clsx
323 silly ADD node_modules/@types/react-transition-group
324 silly ADD node_modules/@popperjs/core
325 silly ADD node_modules/@mui/utils
326 silly ADD node_modules/@mui/utils/node_modules/react-is
327 silly ADD node_modules/@mui/types
328 silly ADD node_modules/@mui/system
329 silly ADD node_modules/@mui/core-downloads-tracker
330 silly ADD node_modules/@mui/material
331 silly ADD node_modules/@mui/material/node_modules/react-is
332 silly ADD node_modules/@mui/icons-material
333 silly ADD
334 silly ADD
335 silly ADD
336 silly ADD
337 silly ADD
338 silly ADD
339 silly ADD
340 silly ADD
341 silly ADD
342 silly ADD
343 silly ADD
344 silly ADD
345 silly ADD
346 silly ADD
347 silly ADD
348 silly ADD
349 silly ADD
350 silly ADD
351 silly ADD
352 silly ADD
353 silly ADD
354 silly ADD
355 silly ADD
356 silly ADD
357 silly ADD
358 silly ADD
359 silly ADD
360 silly ADD
361 silly ADD
362 silly ADD
363 silly ADD
364 silly ADD
365 silly ADD
366 silly ADD
367 silly ADD
368 silly ADD
369 silly ADD
370 silly ADD
371 silly CHANGE node_modules/@emotion/weak-memoize
372 silly CHANGE node_modules/@emotion/utils
373 silly CHANGE node_modules/@emotion/use-insertion-effect-with-fallbacks
374 silly CHANGE node_modules/@emotion/styled
375 silly ADD node_modules/@emotion/styled/node_modules/@emotion/memoize
376 silly ADD node_modules/@emotion/styled/node_modules/@emotion/is-prop-valid
377 silly CHANGE node_modules/@emotion/sheet
378 silly CHANGE node_modules/@emotion/serialize
379 silly ADD node_modules/@emotion/serialize/node_modules/@emotion/unitless
380 silly ADD node_modules/@emotion/serialize/node_modules/@emotion/memoize
381 silly CHANGE node_modules/@emotion/react
382 silly CHANGE node_modules/@emotion/hash
383 silly CHANGE node_modules/@emotion/cache
384 silly ADD node_modules/@emotion/cache/node_modules/@emotion/memoize
385 silly CHANGE node_modules/@emotion/babel-plugin
386 silly ADD node_modules/@emotion/babel-plugin/node_modules/@emotion/memoize
387 verbose exit 0
388 info ok
