0 verbose cli C:\Program Files\nodejs\node.exe C:\Users\JuanR\AppData\Roaming\npm\node_modules\npm\bin\npm-cli.js
1 info using npm@10.7.0
2 info using node@v21.5.0
3 silly config:load:file:C:\Users\JuanR\AppData\Roaming\npm\node_modules\npm\npmrc
4 silly config:load:file:C:\Users\JuanR\Downloads\git\Commom-League\.npmrc
5 silly config:load:file:C:\Users\JuanR\.npmrc
6 silly config:load:file:C:\Users\JuanR\AppData\Roaming\npm\etc\npmrc
7 verbose title npm update
8 verbose argv "update"
9 verbose logfile logs-max:10 dir:C:\Users\JuanR\Downloads\git\Commom-League\UsersJuanRAppDataRoamingnpm-cache\_logs\2024-09-25T14_45_10_453Z-
10 verbose logfile C:\Users\JuanR\Downloads\git\Commom-League\UsersJuanRAppDataRoamingnpm-cache\_logs\2024-09-25T14_45_10_453Z-debug-0.log
11 silly logfile start cleaning logs, removing 2 files
12 silly idealTree buildDeps
13 silly fetch manifest @emotion/react@^11.13.3
14 silly logfile done cleaning log files
15 http fetch GET 200 https://registry.npmjs.org/@emotion%2freact 142ms (cache hit)
16 silly fetch manifest react@^18.2.0
17 http fetch GET 200 https://registry.npmjs.org/react 15ms (cache hit)
18 silly fetch manifest @emotion/styled@^11.13.0
19 http fetch GET 200 https://registry.npmjs.org/@emotion%2fstyled 6ms (cache hit)
20 silly fetch manifest @mui/icons-material@^5.16.7
21 http fetch GET 200 https://registry.npmjs.org/@mui%2ficons-material 6ms (cache hit)
22 silly fetch manifest @mui/material@^5.16.7
23 http fetch GET 200 https://registry.npmjs.org/@mui%2fmaterial 7ms (cache hit)
24 silly fetch manifest @types/react@^18.3.5
25 http fetch GET 200 https://registry.npmjs.org/@types%2freact 10ms (cache hit)
26 silly fetch manifest react-dom@^18.2.0
27 http fetch GET 200 https://registry.npmjs.org/react-dom 16ms (cache hit)
28 silly fetch manifest @tanstack/react-query@^5.37.1
29 http fetch GET 200 https://registry.npmjs.org/@tanstack%2freact-query 9ms (cache hit)
30 silly fetch manifest axios@^1.6.8
31 http fetch GET 200 https://registry.npmjs.org/axios 9ms (cache hit)
32 silly fetch manifest bootstrap-icons@^1.11.3
33 http fetch GET 200 https://registry.npmjs.org/bootstrap-icons 177ms (cache miss)
34 silly fetch manifest cors@^2.8.5
35 http fetch GET 200 https://registry.npmjs.org/cors 62ms (cache miss)
36 silly fetch manifest formik@^2.4.6
37 http fetch GET 200 https://registry.npmjs.org/formik 148ms (cache miss)
38 silly fetch manifest i18next@^23.11.5
39 http fetch GET 200 https://registry.npmjs.org/i18next 10ms (cache hit)
40 silly fetch manifest i18next-browser-languagedetector@^8.0.0
41 http fetch GET 200 https://registry.npmjs.org/i18next-browser-languagedetector 46ms (cache miss)
42 silly fetch manifest install@^0.13.0
43 http fetch GET 200 https://registry.npmjs.org/install 72ms (cache miss)
44 silly fetch manifest localforage@^1.10.0
45 http fetch GET 200 https://registry.npmjs.org/localforage 36ms (cache miss)
46 silly fetch manifest match-sorter@^6.3.4
47 http fetch GET 200 https://registry.npmjs.org/match-sorter 48ms (cache miss)
48 silly fetch manifest react-grid-system@^8.2.0
49 http fetch GET 200 https://registry.npmjs.org/react-grid-system 6ms (cache hit)
50 silly fetch manifest react-hook-form@^7.51.5
51 http fetch GET 200 https://registry.npmjs.org/react-hook-form 13ms (cache hit)
52 silly fetch manifest react-i18next@^14.1.1
53 http fetch GET 200 https://registry.npmjs.org/react-i18next 8ms (cache hit)
54 silly fetch manifest react-input-mask@^2.0.4
55 http fetch GET 200 https://registry.npmjs.org/react-input-mask 79ms (cache miss)
56 silly fetch manifest react-modal@^3.16.1
57 http fetch GET 200 https://registry.npmjs.org/react-modal 54ms (cache miss)
58 silly fetch manifest react-router-dom@^6.23.1
59 http fetch GET 200 https://registry.npmjs.org/react-router-dom 12ms (cache hit)
60 silly fetch manifest react-select@^5.8.0
61 http fetch GET 200 https://registry.npmjs.org/react-select 6ms (cache hit)
62 silly fetch manifest react-text-mask@^5.5.0
63 http fetch GET 200 https://registry.npmjs.org/react-text-mask 630ms (cache miss)
64 silly fetch manifest react-toastify@^10.0.5
65 http fetch GET 200 https://registry.npmjs.org/react-toastify 70ms (cache miss)
66 silly fetch manifest sort-by@^1.2.0
67 http fetch GET 200 https://registry.npmjs.org/sort-by 55ms (cache miss)
68 silly fetch manifest styled-components@^6.1.11
69 http fetch GET 200 https://registry.npmjs.org/styled-components 8ms (cache hit)
70 silly fetch manifest swiper@^11.1.9
71 http fetch GET 200 https://registry.npmjs.org/swiper 8ms (cache hit)
72 silly fetch manifest yup@^1.4.0
73 http fetch GET 200 https://registry.npmjs.org/yup 263ms (cache miss)
74 silly fetch manifest @types/react-dom@^18.2.22
75 http fetch GET 200 https://registry.npmjs.org/@types%2freact-dom 11ms (cache hit)
76 silly fetch manifest @types/react-modal@^3.16.3
77 http fetch GET 200 https://registry.npmjs.org/@types%2freact-modal 58ms (cache miss)
78 silly fetch manifest @vitejs/plugin-react@^4.2.1
79 http fetch GET 200 https://registry.npmjs.org/@vitejs%2fplugin-react 61ms (cache miss)
80 silly fetch manifest vite@^5.4.1
81 http fetch GET 200 https://registry.npmjs.org/vite 76ms (cache hit)
82 silly fetch manifest @types/node@^18.0.0 || >=20.0.0
83 http fetch GET 200 https://registry.npmjs.org/@types%2fnode 24ms (cache hit)
84 silly fetch manifest less@*
85 http fetch GET 200 https://registry.npmjs.org/less 61ms (cache miss)
86 silly fetch manifest lightningcss@^1.21.0
87 http fetch GET 200 https://registry.npmjs.org/lightningcss 6ms (cache hit)
88 silly fetch manifest sass@*
89 http fetch GET 200 https://registry.npmjs.org/sass 5ms (cache hit)
90 silly fetch manifest sass-embedded@*
91 http fetch GET 200 https://registry.npmjs.org/sass-embedded 6ms (cache hit)
92 silly fetch manifest stylus@*
93 http fetch GET 200 https://registry.npmjs.org/stylus 50ms (cache miss)
94 silly fetch manifest sugarss@*
95 http fetch GET 200 https://registry.npmjs.org/sugarss 45ms (cache miss)
96 silly fetch manifest postcss@^8.3.3
97 http fetch GET 200 https://registry.npmjs.org/postcss 7ms (cache hit)
98 silly fetch manifest terser@^5.4.0
99 http fetch GET 200 https://registry.npmjs.org/terser 6ms (cache hit)
100 silly fetch manifest @vitejs/plugin-react-refresh@^1.3.6
101 http fetch GET 200 https://registry.npmjs.org/@vitejs%2fplugin-react-refresh 244ms (cache miss)
102 silly fetch manifest eslint@^8.57.0
103 http fetch GET 200 https://registry.npmjs.org/eslint 8ms (cache hit)
104 silly fetch manifest eslint-plugin-react@^7.34.1
105 http fetch GET 200 https://registry.npmjs.org/eslint-plugin-react 6ms (cache hit)
106 silly fetch manifest eslint-plugin-react-hooks@^4.6.0
107 http fetch GET 200 https://registry.npmjs.org/eslint-plugin-react-hooks 17ms (cache hit)
108 silly fetch manifest eslint-plugin-react-refresh@^0.4.6
109 http fetch GET 200 https://registry.npmjs.org/eslint-plugin-react-refresh 12ms (cache hit)
110 silly fetch manifest typescript@^5.4.5
111 http fetch GET 200 https://registry.npmjs.org/typescript 30ms (cache hit)
112 silly placeDep ROOT @emotion/react@11.13.3 OK for: commom-league@0.0.0 want: ^11.13.3
113 silly placeDep ROOT react@18.3.1 OK for: @emotion/react@11.13.3 want: >=16.8.0
114 silly placeDep ROOT @emotion/styled@11.13.0 OK for: commom-league@0.0.0 want: ^11.13.0
115 silly placeDep ROOT @mui/icons-material@5.16.7 OK for: commom-league@0.0.0 want: ^5.16.7
116 silly placeDep ROOT @mui/material@5.16.7 OK for: @mui/icons-material@5.16.7 want: ^5.0.0
117 silly placeDep ROOT react-dom@18.3.1 OK for: @mui/material@5.16.7 want: ^17.0.0 || ^18.0.0
118 silly placeDep ROOT @tanstack/react-query@5.56.2 OK for: commom-league@0.0.0 want: ^5.37.1
119 silly placeDep ROOT @types/react@18.3.9 OK for: commom-league@0.0.0 want: ^18.3.5
120 silly placeDep ROOT @types/react-dom@18.3.0 OK for: commom-league@0.0.0 want: ^18.2.22
121 silly placeDep ROOT @types/react-modal@3.16.3 OK for: commom-league@0.0.0 want: ^3.16.3
122 silly placeDep ROOT @vitejs/plugin-react@4.3.1 OK for: commom-league@0.0.0 want: ^4.2.1
123 silly placeDep ROOT vite@5.4.8 OK for: @vitejs/plugin-react@4.3.1 want: ^4.2.0 || ^5.0.0
124 silly placeDep ROOT @vitejs/plugin-react-refresh@1.3.6 OK for: commom-league@0.0.0 want: ^1.3.6
125 silly placeDep ROOT axios@1.7.7 OK for: commom-league@0.0.0 want: ^1.6.8
126 silly placeDep ROOT bootstrap-icons@1.11.3 OK for: commom-league@0.0.0 want: ^1.11.3
127 silly placeDep ROOT cors@2.8.5 OK for: commom-league@0.0.0 want: ^2.8.5
128 silly placeDep ROOT eslint@8.57.1 OK for: commom-league@0.0.0 want: ^8.57.0
129 silly placeDep ROOT eslint-plugin-react@7.36.1 OK for: commom-league@0.0.0 want: ^7.34.1
130 silly placeDep ROOT eslint-plugin-react-hooks@4.6.2 OK for: commom-league@0.0.0 want: ^4.6.0
131 silly placeDep ROOT eslint-plugin-react-refresh@0.4.12 OK for: commom-league@0.0.0 want: ^0.4.6
132 silly placeDep ROOT formik@2.4.6 OK for: commom-league@0.0.0 want: ^2.4.6
133 silly placeDep ROOT i18next@23.15.1 OK for: commom-league@0.0.0 want: ^23.11.5
134 silly placeDep ROOT i18next-browser-languagedetector@8.0.0 OK for: commom-league@0.0.0 want: ^8.0.0
135 silly placeDep ROOT install@0.13.0 OK for: commom-league@0.0.0 want: ^0.13.0
136 silly placeDep ROOT localforage@1.10.0 OK for: commom-league@0.0.0 want: ^1.10.0
137 silly placeDep ROOT match-sorter@6.3.4 OK for: commom-league@0.0.0 want: ^6.3.4
138 silly placeDep ROOT react-grid-system@8.2.1 OK for: commom-league@0.0.0 want: ^8.2.0
139 silly placeDep ROOT react-hook-form@7.53.0 OK for: commom-league@0.0.0 want: ^7.51.5
140 silly placeDep ROOT react-i18next@14.1.3 OK for: commom-league@0.0.0 want: ^14.1.1
141 silly placeDep ROOT react-input-mask@2.0.4 OK for: commom-league@0.0.0 want: ^2.0.4
142 silly placeDep ROOT react-modal@3.16.1 OK for: commom-league@0.0.0 want: ^3.16.1
143 silly placeDep ROOT react-router-dom@6.26.2 OK for: commom-league@0.0.0 want: ^6.23.1
144 silly placeDep ROOT react-select@5.8.1 OK for: commom-league@0.0.0 want: ^5.8.0
145 silly placeDep ROOT react-text-mask@5.5.0 OK for: commom-league@0.0.0 want: ^5.5.0
146 silly placeDep ROOT react-toastify@10.0.5 OK for: commom-league@0.0.0 want: ^10.0.5
147 silly placeDep ROOT sort-by@1.2.0 OK for: commom-league@0.0.0 want: ^1.2.0
148 silly placeDep ROOT styled-components@6.1.13 OK for: commom-league@0.0.0 want: ^6.1.11
149 silly placeDep ROOT swiper@11.1.14 OK for: commom-league@0.0.0 want: ^11.1.9
150 silly placeDep ROOT typescript@5.6.2 OK for: commom-league@0.0.0 want: ^5.4.5
151 silly placeDep ROOT yup@1.4.0 OK for: commom-league@0.0.0 want: ^1.4.0
152 silly fetch manifest @babel/runtime@^7.18.3
153 silly fetch manifest @emotion/babel-plugin@^11.12.0
154 silly fetch manifest @emotion/cache@^11.13.0
155 silly fetch manifest @emotion/serialize@^1.3.1
156 silly fetch manifest @emotion/use-insertion-effect-with-fallbacks@^1.1.0
157 silly fetch manifest @emotion/utils@^1.4.0
158 silly fetch manifest @emotion/weak-memoize@^0.4.0
159 http fetch GET 200 https://registry.npmjs.org/@emotion%2futils 13ms (cache hit)
160 silly fetch manifest hoist-non-react-statics@^3.3.1
161 http fetch GET 200 https://registry.npmjs.org/@emotion%2fserialize 35ms (cache hit)
162 silly fetch manifest loose-envify@^1.1.0
163 http fetch GET 200 https://registry.npmjs.org/@emotion%2fcache 38ms (cache hit)
164 http fetch GET 200 https://registry.npmjs.org/@babel%2fruntime 47ms (cache hit)
165 silly fetch manifest @emotion/is-prop-valid@^1.3.0
166 http fetch GET 200 https://registry.npmjs.org/loose-envify 42ms (cache hit)
167 silly fetch manifest @emotion/serialize@^1.3.0
168 http fetch GET 200 https://registry.npmjs.org/@emotion%2fis-prop-valid 15ms (cache hit)
169 silly fetch manifest @babel/runtime@^7.23.9
170 silly fetch manifest clsx@^2.1.0
171 http fetch GET 200 https://registry.npmjs.org/@emotion%2fbabel-plugin 83ms (cache miss)
172 silly fetch manifest csstype@^3.1.3
173 silly fetch manifest react-is@^18.3.1
174 http fetch GET 200 https://registry.npmjs.org/clsx 10ms (cache hit)
175 silly fetch manifest @mui/types@^7.2.15
176 http fetch GET 200 https://registry.npmjs.org/csstype 12ms (cache hit)
177 silly fetch manifest @mui/utils@^5.16.6
178 http fetch GET 200 https://registry.npmjs.org/react-is 21ms (cache hit)
179 silly fetch manifest prop-types@^15.8.1
180 http fetch GET 200 https://registry.npmjs.org/@mui%2ftypes 64ms (cache hit)
181 silly fetch manifest @mui/system@^5.16.7
182 http fetch GET 200 https://registry.npmjs.org/@mui%2futils 62ms (cache hit)
183 silly fetch manifest @popperjs/core@^2.11.8
184 http fetch GET 200 https://registry.npmjs.org/prop-types 34ms (cache hit)
185 silly fetch manifest react-transition-group@^4.4.5
186 http fetch GET 200 https://registry.npmjs.org/@emotion%2fuse-insertion-effect-with-fallbacks 170ms (cache miss)
187 silly fetch manifest @mui/core-downloads-tracker@^5.16.7
188 silly fetch manifest @types/react-transition-group@^4.4.10
189 http fetch GET 200 https://registry.npmjs.org/@emotion%2fweak-memoize 175ms (cache miss)
190 silly fetch manifest scheduler@^0.23.2
191 http fetch GET 200 https://registry.npmjs.org/hoist-non-react-statics 161ms (cache miss)
192 silly fetch manifest @tanstack/query-core@5.56.2
193 http fetch GET 200 https://registry.npmjs.org/@mui%2fsystem 27ms (cache hit)
194 silly fetch manifest csstype@^3.0.2
195 silly fetch manifest @types/prop-types@*
196 http fetch GET 200 https://registry.npmjs.org/react-transition-group 26ms (cache hit)
197 silly fetch manifest @babel/core@^7.24.5
198 http fetch GET 200 https://registry.npmjs.org/@types%2freact-transition-group 26ms (cache hit)
199 silly fetch manifest @babel/plugin-transform-react-jsx-self@^7.24.5
200 http fetch GET 200 https://registry.npmjs.org/@mui%2fcore-downloads-tracker 30ms (cache hit)
201 silly fetch manifest @babel/plugin-transform-react-jsx-source@^7.24.1
202 http fetch GET 200 https://registry.npmjs.org/@tanstack%2fquery-core 30ms (cache hit)
203 silly fetch manifest @types/babel__core@^7.20.5
204 http fetch GET 200 https://registry.npmjs.org/scheduler 46ms (cache hit)
205 silly fetch manifest react-refresh@^0.14.2
206 http fetch GET 200 https://registry.npmjs.org/@types%2fprop-types 75ms (cache hit)
207 silly fetch manifest esbuild@^0.21.3
208 http fetch GET 200 https://registry.npmjs.org/@popperjs%2fcore 117ms (cache miss)
209 silly fetch manifest postcss@^8.4.43
210 silly fetch manifest rollup@^4.20.0
211 http fetch GET 200 https://registry.npmjs.org/esbuild 28ms (cache hit)
212 silly fetch manifest fsevents@~2.3.3
213 silly fetch manifest @babel/core@^7.14.8
214 silly fetch manifest @babel/plugin-transform-react-jsx-self@^7.14.5
215 http fetch GET 200 https://registry.npmjs.org/@types%2fbabel__core 131ms (cache revalidated)
216 silly fetch manifest @babel/plugin-transform-react-jsx-source@^7.14.5
217 http fetch GET 200 https://registry.npmjs.org/rollup 65ms (cache hit)
218 silly fetch manifest @rollup/pluginutils@^4.1.1
219 silly fetch manifest react-refresh@^0.10.0
220 http fetch GET 200 https://registry.npmjs.org/fsevents 124ms (cache hit)
221 silly fetch manifest form-data@^4.0.0
222 http fetch GET 200 https://registry.npmjs.org/react-refresh 201ms (cache revalidated)
223 silly fetch manifest proxy-from-env@^1.1.0
224 silly fetch manifest follow-redirects@^1.15.6
225 http fetch GET 200 https://registry.npmjs.org/form-data 111ms (cache miss)
226 silly fetch manifest vary@^1
227 http fetch GET 200 https://registry.npmjs.org/follow-redirects 19ms (cache hit)
228 silly fetch manifest object-assign@^4
229 http fetch GET 200 https://registry.npmjs.org/@babel%2fplugin-transform-react-jsx-self 220ms (cache miss)
230 silly fetch manifest ajv@^6.12.4
231 http fetch GET 200 https://registry.npmjs.org/react-refresh 158ms (cache revalidated)
232 silly fetch manifest levn@^0.4.1
233 http fetch GET 200 https://registry.npmjs.org/proxy-from-env 288ms (cache miss)
234 silly fetch manifest chalk@^4.0.0
235 http fetch GET 200 https://registry.npmjs.org/@babel%2fcore 468ms (cache miss)
236 silly fetch manifest debug@^4.3.2
237 http fetch GET 200 https://registry.npmjs.org/@rollup%2fpluginutils 394ms (cache revalidated)
238 silly fetch manifest espree@^9.6.1
239 silly fetch manifest ignore@^5.2.0
240 http fetch GET 200 https://registry.npmjs.org/object-assign 286ms (cache miss)
241 silly fetch manifest esquery@^1.4.2
242 http fetch GET 200 https://registry.npmjs.org/levn 214ms (cache miss)
243 silly fetch manifest esutils@^2.0.2
244 http fetch GET 200 https://registry.npmjs.org/chalk 48ms (cache hit)
245 silly fetch manifest find-up@^5.0.0
246 http fetch GET 200 https://registry.npmjs.org/debug 47ms (cache hit)
247 silly fetch manifest globals@^13.19.0
248 http fetch GET 200 https://registry.npmjs.org/ignore 51ms (cache hit)
249 silly fetch manifest is-glob@^4.0.0
250 http fetch GET 200 https://registry.npmjs.org/ajv 328ms (cache miss)
251 silly fetch manifest js-yaml@^4.1.0
252 http fetch GET 200 https://registry.npmjs.org/espree 87ms (cache miss)
253 silly fetch manifest doctrine@^3.0.0
254 http fetch GET 200 https://registry.npmjs.org/esutils 642ms (cache miss)
255 silly fetch manifest graphemer@^1.4.0
256 http fetch GET 200 https://registry.npmjs.org/is-glob 618ms (cache miss)
257 silly fetch manifest minimatch@^3.1.2
258 http fetch GET 200 https://registry.npmjs.org/doctrine 588ms (cache hit)
259 silly fetch manifest @eslint/js@8.57.1
260 http fetch GET 200 https://registry.npmjs.org/find-up 644ms (cache miss)
261 silly fetch manifest optionator@^0.9.3
262 http fetch GET 200 https://registry.npmjs.org/globals 642ms (cache miss)
263 silly fetch manifest strip-ansi@^6.0.1
264 http fetch GET 200 https://registry.npmjs.org/esquery 666ms (cache miss)
265 silly fetch manifest text-table@^0.2.0
266 http fetch GET 200 https://registry.npmjs.org/js-yaml 612ms (cache miss)
267 silly fetch manifest cross-spawn@^7.0.2
268 http fetch GET 200 https://registry.npmjs.org/@eslint%2fjs 25ms (cache hit)
269 silly fetch manifest glob-parent@^6.0.2
270 http fetch GET 200 https://registry.npmjs.org/optionator 55ms (cache miss)
271 silly fetch manifest imurmurhash@^0.1.4
272 http fetch GET 200 https://registry.npmjs.org/minimatch 86ms (cache miss)
273 silly fetch manifest eslint-scope@^7.2.2
274 http fetch GET 200 https://registry.npmjs.org/graphemer 115ms (cache miss)
275 silly fetch manifest lodash.merge@^4.6.2
276 http fetch GET 200 https://registry.npmjs.org/text-table 94ms (cache miss)
277 silly fetch manifest is-path-inside@^3.0.3
278 http fetch GET 200 https://registry.npmjs.org/strip-ansi 103ms (cache miss)
279 silly fetch manifest fast-deep-equal@^3.1.3
280 http fetch GET 200 https://registry.npmjs.org/imurmurhash 60ms (cache miss)
281 silly fetch manifest natural-compare@^1.4.0
282 http fetch GET 200 https://registry.npmjs.org/cross-spawn 109ms (cache miss)
283 silly fetch manifest @eslint/eslintrc@^2.1.4
284 http fetch GET 200 https://registry.npmjs.org/glob-parent 127ms (cache miss)
285 silly fetch manifest @nodelib/fs.walk@^1.2.8
286 http fetch GET 200 https://registry.npmjs.org/natural-compare 45ms (cache miss)
287 silly fetch manifest file-entry-cache@^6.0.1
288 http fetch GET 200 https://registry.npmjs.org/eslint-scope 88ms (cache miss)
289 silly fetch manifest eslint-visitor-keys@^3.4.3
290 http fetch GET 200 https://registry.npmjs.org/lodash.merge 82ms (cache miss)
291 silly fetch manifest escape-string-regexp@^4.0.0
292 http fetch GET 200 https://registry.npmjs.org/file-entry-cache 35ms (cache hit)
293 silly fetch manifest @ungap/structured-clone@^1.2.0
294 http fetch GET 200 https://registry.npmjs.org/is-path-inside 98ms (cache miss)
295 silly fetch manifest @eslint-community/regexpp@^4.6.1
296 http fetch GET 200 https://registry.npmjs.org/fast-deep-equal 101ms (cache miss)
297 silly fetch manifest @humanwhocodes/config-array@^0.13.0
298 http fetch GET 200 https://registry.npmjs.org/@eslint%2feslintrc 110ms (cache miss)
299 silly fetch manifest @eslint-community/eslint-utils@^4.2.0
300 http fetch GET 200 https://registry.npmjs.org/@eslint-community%2fregexpp 39ms (cache hit)
301 silly fetch manifest @humanwhocodes/module-importer@^1.0.1
302 http fetch GET 200 https://registry.npmjs.org/eslint-visitor-keys 81ms (cache miss)
303 silly fetch manifest json-stable-stringify-without-jsonify@^1.0.1
304 http fetch GET 200 https://registry.npmjs.org/@nodelib%2ffs.walk 133ms (cache miss)
305 silly fetch manifest array-includes@^3.1.8
306 http fetch GET 200 https://registry.npmjs.org/escape-string-regexp 97ms (cache miss)
307 silly fetch manifest array.prototype.findlast@^1.2.5
308 http fetch GET 200 https://registry.npmjs.org/@ungap%2fstructured-clone 88ms (cache miss)
309 silly fetch manifest array.prototype.flatmap@^1.3.2
310 http fetch GET 200 https://registry.npmjs.org/@humanwhocodes%2fconfig-array 88ms (cache miss)
311 silly fetch manifest array.prototype.tosorted@^1.1.4
312 http fetch GET 200 https://registry.npmjs.org/json-stable-stringify-without-jsonify 57ms (cache miss)
313 silly fetch manifest doctrine@^2.1.0
314 silly fetch manifest es-iterator-helpers@^1.0.19
315 http fetch GET 200 https://registry.npmjs.org/@eslint-community%2feslint-utils 89ms (cache miss)
316 silly fetch manifest estraverse@^5.3.0
317 http fetch GET 200 https://registry.npmjs.org/@humanwhocodes%2fmodule-importer 93ms (cache miss)
318 silly fetch manifest hasown@^2.0.2
319 http fetch GET 200 https://registry.npmjs.org/array.prototype.findlast 52ms (cache miss)
320 silly fetch manifest jsx-ast-utils@^2.4.1 || ^3.0.0
321 http fetch GET 200 https://registry.npmjs.org/array-includes 62ms (cache miss)
322 silly fetch manifest object.entries@^1.1.8
323 http fetch GET 200 https://registry.npmjs.org/array.prototype.tosorted 50ms (cache miss)
324 silly fetch manifest object.fromentries@^2.0.8
325 http fetch GET 200 https://registry.npmjs.org/estraverse 44ms (cache miss)
326 silly fetch manifest object.values@^1.2.0
327 http fetch GET 200 https://registry.npmjs.org/array.prototype.flatmap 90ms (cache miss)
328 silly fetch manifest resolve@^2.0.0-next.5
329 http fetch GET 200 https://registry.npmjs.org/es-iterator-helpers 66ms (cache miss)
330 silly fetch manifest semver@^6.3.1
331 http fetch GET 200 https://registry.npmjs.org/hasown 61ms (cache miss)
332 silly fetch manifest string.prototype.matchall@^4.0.11
333 http fetch GET 200 https://registry.npmjs.org/object.fromentries 59ms (cache miss)
334 silly fetch manifest string.prototype.repeat@^1.0.0
335 http fetch GET 200 https://registry.npmjs.org/jsx-ast-utils 77ms (cache miss)
336 silly fetch manifest @types/hoist-non-react-statics@^3.3.1
337 http fetch GET 200 https://registry.npmjs.org/object.values 51ms (cache miss)
338 silly fetch manifest deepmerge@^2.1.1
339 http fetch GET 200 https://registry.npmjs.org/object.entries 80ms (cache miss)
340 silly fetch manifest hoist-non-react-statics@^3.3.0
341 silly fetch manifest lodash@^4.17.21
342 http fetch GET 200 https://registry.npmjs.org/semver 60ms (cache miss)
343 silly fetch manifest lodash-es@^4.17.21
344 http fetch GET 200 https://registry.npmjs.org/string.prototype.matchall 53ms (cache miss)
345 silly fetch manifest react-fast-compare@^2.0.1
346 http fetch GET 200 https://registry.npmjs.org/resolve 88ms (cache miss)
347 silly fetch manifest tiny-warning@^1.0.2
348 http fetch GET 200 https://registry.npmjs.org/@types%2fhoist-non-react-statics 63ms (cache revalidated)
349 silly fetch manifest tslib@^2.0.0
350 http fetch GET 200 https://registry.npmjs.org/lodash 56ms (cache revalidated)
351 silly fetch manifest @babel/runtime@^7.23.2
352 silly fetch manifest lie@3.1.1
353 http fetch GET 200 https://registry.npmjs.org/string.prototype.repeat 86ms (cache miss)
354 silly fetch manifest @babel/runtime@^7.23.8
355 silly fetch manifest remove-accents@0.5.0
356 silly fetch manifest prop-types@15.8.1
357 silly fetch manifest html-parse-stringify@^3.0.1
358 silly fetch manifest invariant@^2.2.4
359 silly fetch manifest warning@^4.0.2
360 http fetch GET 200 https://registry.npmjs.org/tslib 33ms (cache hit)
361 silly fetch manifest exenv@^1.2.0
362 silly fetch manifest prop-types@^15.7.2
363 silly fetch manifest react-lifecycles-compat@^3.0.0
364 http fetch GET 200 https://registry.npmjs.org/html-parse-stringify 58ms (cache miss)
365 silly fetch manifest warning@^4.0.3
366 silly fetch manifest react-router@6.26.2
367 silly fetch manifest @remix-run/router@1.19.2
368 silly fetch manifest @babel/runtime@^7.12.0
369 silly fetch manifest @emotion/cache@^11.4.0
370 silly fetch manifest @floating-ui/dom@^1.0.1
371 http fetch GET 200 https://registry.npmjs.org/@remix-run%2frouter 18ms (cache hit)
372 silly fetch manifest @types/react-transition-group@^4.4.0
373 silly fetch manifest memoize-one@^6.0.0
374 silly fetch manifest prop-types@^15.6.0
375 silly fetch manifest react-transition-group@^4.3.0
376 silly fetch manifest use-isomorphic-layout-effect@^1.1.2
377 http fetch GET 200 https://registry.npmjs.org/react-router 35ms (cache hit)
378 silly fetch manifest prop-types@^15.5.6
379 silly fetch manifest object-path@0.6.0
380 http fetch GET 200 https://registry.npmjs.org/@floating-ui%2fdom 48ms (cache hit)
381 silly fetch manifest @emotion/is-prop-valid@1.2.2
382 silly fetch manifest @emotion/unitless@0.8.1
383 silly fetch manifest @types/stylis@4.2.5
384 silly fetch manifest css-to-react-native@3.2.0
385 http fetch GET 200 https://registry.npmjs.org/use-isomorphic-layout-effect 50ms (cache miss)
386 silly fetch manifest csstype@3.1.3
387 silly fetch manifest postcss@8.4.38
388 silly fetch manifest shallowequal@1.1.0
389 http fetch GET 200 https://registry.npmjs.org/@emotion%2funitless 24ms (cache hit)
390 silly fetch manifest stylis@4.3.2
391 http fetch GET 200 https://registry.npmjs.org/@types%2fstylis 21ms (cache hit)
392 silly fetch manifest tslib@2.6.2
393 silly fetch manifest property-expr@^2.0.5
394 http fetch GET 200 https://registry.npmjs.org/memoize-one 69ms (cache miss)
395 silly fetch manifest tiny-case@^1.0.3
396 http fetch GET 200 https://registry.npmjs.org/stylis 13ms (cache hit)
397 silly fetch manifest toposort@^2.0.2
398 http fetch GET 200 https://registry.npmjs.org/css-to-react-native 49ms (cache miss)
399 silly fetch manifest type-fest@^2.19.0
400 http fetch GET 200 https://registry.npmjs.org/shallowequal 45ms (cache miss)
401 http fetch GET 200 https://registry.npmjs.org/type-fest 52ms (cache revalidated)
402 silly fetch manifest react@>=16.8.0
403 silly placeDep ROOT @babel/runtime@7.25.6 OK for: @emotion/react@11.13.3 want: ^7.18.3
404 silly placeDep ROOT @emotion/babel-plugin@11.12.0 OK for: @emotion/react@11.13.3 want: ^11.12.0
405 silly placeDep ROOT @emotion/cache@11.13.1 OK for: @emotion/react@11.13.3 want: ^11.13.0
406 silly placeDep ROOT @emotion/serialize@1.3.2 OK for: @emotion/react@11.13.3 want: ^1.3.1
407 silly placeDep ROOT @emotion/use-insertion-effect-with-fallbacks@1.1.0 OK for: @emotion/react@11.13.3 want: ^1.1.0
408 silly placeDep ROOT @emotion/utils@1.4.1 OK for: @emotion/react@11.13.3 want: ^1.4.0
409 silly placeDep ROOT @emotion/weak-memoize@0.4.0 OK for: @emotion/react@11.13.3 want: ^0.4.0
410 silly placeDep ROOT hoist-non-react-statics@3.3.2 OK for: @emotion/react@11.13.3 want: ^3.3.1
411 silly fetch manifest regenerator-runtime@^0.14.0
412 silly fetch manifest @babel/helper-module-imports@^7.16.7
413 silly fetch manifest @emotion/hash@^0.9.2
414 silly fetch manifest @emotion/memoize@^0.9.0
415 silly fetch manifest @emotion/serialize@^1.2.0
416 silly fetch manifest babel-plugin-macros@^3.1.0
417 silly fetch manifest convert-source-map@^1.5.0
418 silly fetch manifest find-root@^1.1.0
419 http fetch GET 200 https://registry.npmjs.org/@emotion%2fmemoize 20ms (cache hit)
420 silly fetch manifest source-map@^0.5.7
421 http fetch GET 200 https://registry.npmjs.org/regenerator-runtime 48ms (cache miss)
422 silly fetch manifest stylis@4.2.0
423 silly fetch manifest @emotion/sheet@^1.4.0
424 silly fetch manifest @emotion/unitless@^0.10.0
425 silly fetch manifest @emotion/utils@^1.4.1
426 silly fetch manifest react-is@^16.7.0
427 http fetch GET 200 https://registry.npmjs.org/@emotion%2fhash 94ms (cache miss)
428 http fetch GET 200 https://registry.npmjs.org/@emotion%2fsheet 55ms (cache miss)
429 silly placeDep ROOT regenerator-runtime@0.14.1 OK for: @babel/runtime@7.25.6 want: ^0.14.0
430 silly placeDep node_modules/@emotion/babel-plugin @babel/helper-module-imports@ OK for: @emotion/babel-plugin@11.12.0 want: ^7.16.7
431 silly placeDep ROOT @emotion/hash@0.9.2 OK for: @emotion/babel-plugin@11.12.0 want: ^0.9.2
432 silly placeDep ROOT @emotion/memoize@0.9.0 OK for: @emotion/babel-plugin@11.12.0 want: ^0.9.0
433 silly placeDep node_modules/@emotion/babel-plugin babel-plugin-macros@ OK for: @emotion/babel-plugin@11.12.0 want: ^3.1.0
434 silly placeDep node_modules/@emotion/babel-plugin convert-source-map@ OK for: @emotion/babel-plugin@11.12.0 want: ^1.5.0
435 silly placeDep ROOT escape-string-regexp@4.0.0 OK for: @emotion/babel-plugin@11.12.0 want: ^4.0.0
436 silly placeDep node_modules/@emotion/babel-plugin find-root@ OK for: @emotion/babel-plugin@11.12.0 want: ^1.1.0
437 silly placeDep node_modules/@emotion/babel-plugin source-map@ OK for: @emotion/babel-plugin@11.12.0 want: ^0.5.7
438 silly placeDep ROOT stylis@4.2.0 OK for: @emotion/babel-plugin@11.12.0 want: 4.2.0
439 silly placeDep ROOT @emotion/sheet@1.4.0 OK for: @emotion/cache@11.13.1 want: ^1.4.0
440 silly placeDep ROOT @emotion/unitless@0.10.0 OK for: @emotion/serialize@1.3.2 want: ^0.10.0
441 silly placeDep ROOT csstype@3.1.3 OK for: @emotion/serialize@1.3.2 want: ^3.0.2
442 silly placeDep ROOT @emotion/is-prop-valid@1.3.1 OK for: @emotion/styled@11.13.0 want: ^1.3.0
443 silly fetch manifest @types/react@^17.0.0 || ^18.0.0
444 silly fetch manifest react@^17.0.0 || ^18.0.0
445 silly fetch manifest @emotion/react@^11.5.0
446 silly fetch manifest @emotion/styled@^11.3.0
447 silly fetch manifest react-dom@^17.0.0 || ^18.0.0
448 silly placeDep ROOT @mui/core-downloads-tracker@5.16.7 OK for: @mui/material@5.16.7 want: ^5.16.7
449 silly placeDep ROOT @mui/system@5.16.7 OK for: @mui/material@5.16.7 want: ^5.16.7
450 silly placeDep ROOT @mui/types@7.2.17 OK for: @mui/material@5.16.7 want: ^7.2.15
451 silly placeDep ROOT @mui/utils@5.16.6 OK for: @mui/material@5.16.7 want: ^5.16.6
452 silly placeDep ROOT @popperjs/core@2.11.8 OK for: @mui/material@5.16.7 want: ^2.11.8
453 silly placeDep ROOT @types/react-transition-group@4.4.11 OK for: @mui/material@5.16.7 want: ^4.4.10
454 silly placeDep ROOT clsx@2.1.1 OK for: @mui/material@5.16.7 want: ^2.1.0
455 silly placeDep ROOT prop-types@15.8.1 OK for: @mui/material@5.16.7 want: ^15.8.1
456 silly placeDep ROOT react-is@18.3.1 OK for: @mui/material@5.16.7 want: ^18.3.1
457 silly placeDep ROOT react-transition-group@4.4.5 OK for: @mui/material@5.16.7 want: ^4.4.5
458 silly fetch manifest @mui/styled-engine@^5.16.6
459 silly fetch manifest @mui/private-theming@^5.16.6
460 silly fetch manifest clsx@^2.1.1
461 silly fetch manifest @types/prop-types@^15.7.12
462 silly fetch manifest loose-envify@^1.4.0
463 silly fetch manifest object-assign@^4.1.1
464 silly fetch manifest react-is@^16.13.1
465 silly fetch manifest dom-helpers@^5.0.1
466 http fetch GET 200 https://registry.npmjs.org/@mui%2fstyled-engine 26ms (cache hit)
467 http fetch GET 200 https://registry.npmjs.org/@mui%2fprivate-theming 31ms (cache hit)
468 http fetch GET 200 https://registry.npmjs.org/dom-helpers 58ms (cache miss)
469 silly placeDep ROOT @mui/private-theming@5.16.6 OK for: @mui/system@5.16.7 want: ^5.16.6
470 silly placeDep ROOT @mui/styled-engine@5.16.6 OK for: @mui/system@5.16.7 want: ^5.16.6
471 silly placeDep ROOT @types/prop-types@15.7.13 OK for: @mui/utils@5.16.6 want: ^15.7.12
472 silly placeDep ROOT @tanstack/query-core@5.56.2 OK for: @tanstack/react-query@5.56.2 want: 5.56.2
473 silly placeDep node_modules/@vitejs/plugin-react @babel/core@ OK for: @vitejs/plugin-react@4.3.1 want: ^7.24.5
474 silly placeDep node_modules/@vitejs/plugin-react @babel/plugin-transform-react-jsx-self@ OK for: @vitejs/plugin-react@4.3.1 want: ^7.24.5
475 silly placeDep node_modules/@vitejs/plugin-react @babel/plugin-transform-react-jsx-source@ OK for: @vitejs/plugin-react@4.3.1 want: ^7.24.1
476 silly placeDep ROOT @types/babel__core@7.20.5 OK for: @vitejs/plugin-react@4.3.1 want: ^7.20.5
477 silly placeDep ROOT react-refresh@0.14.2 OK for: @vitejs/plugin-react@4.3.1 want: ^0.14.2
478 silly fetch manifest @babel/types@^7.20.7
479 silly fetch manifest @babel/parser@^7.20.7
480 silly fetch manifest @types/babel__template@*
481 silly fetch manifest @types/babel__traverse@*
482 silly fetch manifest @types/babel__generator@*
483 http fetch GET 200 https://registry.npmjs.org/@babel%2fparser 67ms (cache revalidated)
484 http fetch GET 200 https://registry.npmjs.org/@types%2fbabel__generator 81ms (cache revalidated)
485 http fetch GET 200 https://registry.npmjs.org/@types%2fbabel__template 82ms (cache revalidated)
486 http fetch GET 200 https://registry.npmjs.org/@types%2fbabel__traverse 84ms (cache revalidated)
487 http fetch GET 200 https://registry.npmjs.org/@babel%2ftypes 90ms (cache revalidated)
488 silly placeDep ROOT @babel/parser@7.25.6 OK for: @types/babel__core@7.20.5 want: ^7.20.7
489 silly placeDep ROOT @babel/types@7.25.6 OK for: @types/babel__core@7.20.5 want: ^7.20.7
490 silly placeDep ROOT @types/babel__generator@7.6.8 OK for: @types/babel__core@7.20.5 want: *
491 silly placeDep ROOT @types/babel__template@7.4.4 OK for: @types/babel__core@7.20.5 want: *
492 silly placeDep ROOT @types/babel__traverse@7.20.6 OK for: @types/babel__core@7.20.5 want: *
493 silly fetch manifest @babel/types@^7.25.6
494 silly fetch manifest @babel/helper-string-parser@^7.24.8
495 silly fetch manifest @babel/helper-validator-identifier@^7.24.7
496 silly fetch manifest to-fast-properties@^2.0.0
497 silly placeDep node_modules/@babel/types @babel/helper-string-parser@ OK for: @babel/types@7.25.6 want: ^7.24.8
498 silly placeDep node_modules/@babel/types @babel/helper-validator-identifier@ OK for: @babel/types@7.25.6 want: ^7.24.7
499 silly placeDep node_modules/@babel/types to-fast-properties@ OK for: @babel/types@7.25.6 want: ^2.0.0
500 silly placeDep ROOT @babel/core@7.25.2 OK for: @vitejs/plugin-react-refresh@1.3.6 want: ^7.14.8
501 silly placeDep ROOT @babel/plugin-transform-react-jsx-self@7.24.7 OK for: @vitejs/plugin-react-refresh@1.3.6 want: ^7.14.5
502 silly placeDep node_modules/@vitejs/plugin-react-refresh @babel/plugin-transform-react-jsx-source@ OK for: @vitejs/plugin-react-refresh@1.3.6 want: ^7.14.5
503 silly placeDep ROOT @rollup/pluginutils@4.2.1 OK for: @vitejs/plugin-react-refresh@1.3.6 want: ^4.1.1
504 silly placeDep node_modules/@vitejs/plugin-react-refresh react-refresh@0.10.0 OK for: @vitejs/plugin-react-refresh@1.3.6 want: ^0.10.0
505 silly fetch manifest @ampproject/remapping@^2.2.0
506 silly fetch manifest @babel/code-frame@^7.24.7
507 silly fetch manifest @babel/generator@^7.25.0
508 silly fetch manifest @babel/helper-compilation-targets@^7.25.2
509 silly fetch manifest @babel/helper-module-transforms@^7.25.2
510 silly fetch manifest @babel/helpers@^7.25.0
511 silly fetch manifest @babel/template@^7.25.0
512 silly fetch manifest @babel/traverse@^7.25.2
513 silly fetch manifest convert-source-map@^2.0.0
514 silly fetch manifest debug@^4.1.0
515 silly fetch manifest gensync@^1.0.0-beta.2
516 http fetch GET 200 https://registry.npmjs.org/@babel%2fhelpers 79ms (cache revalidated)
517 silly fetch manifest json5@^2.2.3
518 silly fetch manifest @babel/helper-plugin-utils@^7.24.7
519 silly fetch manifest picomatch@^2.2.2
520 http fetch GET 200 https://registry.npmjs.org/convert-source-map 38ms (cache miss)
521 silly fetch manifest estree-walker@^2.0.1
522 http fetch GET 200 https://registry.npmjs.org/@babel%2fgenerator 112ms (cache revalidated)
523 http fetch GET 200 https://registry.npmjs.org/picomatch 58ms (cache revalidated)
524 http fetch GET 200 https://registry.npmjs.org/@babel%2ftraverse 88ms (cache revalidated)
525 silly placeDep node_modules/@babel/core @ampproject/remapping@ OK for: @babel/core@7.25.2 want: ^2.2.0
526 silly placeDep node_modules/@babel/core @babel/code-frame@ OK for: @babel/core@7.25.2 want: ^7.24.7
527 silly placeDep ROOT @babel/generator@7.25.6 OK for: @babel/core@7.25.2 want: ^7.25.0
528 silly placeDep node_modules/@babel/core @babel/helper-compilation-targets@ OK for: @babel/core@7.25.2 want: ^7.25.2
529 silly placeDep node_modules/@babel/core @babel/helper-module-transforms@ OK for: @babel/core@7.25.2 want: ^7.25.2
530 silly placeDep ROOT @babel/helpers@7.25.6 OK for: @babel/core@7.25.2 want: ^7.25.0
531 silly placeDep node_modules/@babel/core @babel/template@ OK for: @babel/core@7.25.2 want: ^7.25.0
532 silly placeDep ROOT @babel/traverse@7.25.6 OK for: @babel/core@7.25.2 want: ^7.25.2
533 silly placeDep ROOT convert-source-map@2.0.0 OK for: @babel/core@7.25.2 want: ^2.0.0
534 silly placeDep ROOT debug@4.3.7 OK for: @babel/core@7.25.2 want: ^4.1.0
535 silly placeDep node_modules/@babel/core gensync@ OK for: @babel/core@7.25.2 want: ^1.0.0-beta.2
536 silly placeDep node_modules/@babel/core json5@ OK for: @babel/core@7.25.2 want: ^2.2.3
537 silly placeDep ROOT semver@6.3.1 OK for: @babel/core@7.25.2 want: ^6.3.1
538 silly fetch manifest @jridgewell/gen-mapping@^0.3.5
539 silly fetch manifest @jridgewell/trace-mapping@^0.3.25
540 silly fetch manifest jsesc@^2.5.1
541 silly fetch manifest debug@^4.3.1
542 silly fetch manifest globals@^11.1.0
543 silly fetch manifest ms@^2.1.3
544 http fetch GET 200 https://registry.npmjs.org/ms 42ms (cache miss)
545 silly placeDep node_modules/@babel/generator @jridgewell/gen-mapping@ OK for: @babel/generator@7.25.6 want: ^0.3.5
546 silly placeDep node_modules/@babel/generator @jridgewell/trace-mapping@ OK for: @babel/generator@7.25.6 want: ^0.3.25
547 silly placeDep node_modules/@babel/generator jsesc@ OK for: @babel/generator@7.25.6 want: ^2.5.1
548 silly placeDep node_modules/@babel/helpers @babel/template@ OK for: @babel/helpers@7.25.6 want: ^7.25.0
549 silly placeDep node_modules/@babel/plugin-transform-react-jsx-self @babel/helper-plugin-utils@ OK for: @babel/plugin-transform-react-jsx-self@7.24.7 want: ^7.24.7
550 silly placeDep node_modules/@babel/traverse @babel/code-frame@ OK for: @babel/traverse@7.25.6 want: ^7.24.7
551 silly placeDep node_modules/@babel/traverse @babel/template@ OK for: @babel/traverse@7.25.6 want: ^7.25.0
552 silly placeDep ROOT globals@11.12.0 OK for: @babel/traverse@7.25.6 want: ^11.1.0
553 silly placeDep node_modules/@rollup/pluginutils estree-walker@ OK for: @rollup/pluginutils@4.2.1 want: ^2.0.1
554 silly placeDep ROOT picomatch@2.3.1 OK for: @rollup/pluginutils@4.2.1 want: ^2.2.2
555 silly placeDep ROOT follow-redirects@1.15.9 OK for: axios@1.7.7 want: ^1.15.6
556 silly placeDep ROOT form-data@4.0.0 OK for: axios@1.7.7 want: ^4.0.0
557 silly placeDep ROOT proxy-from-env@1.1.0 OK for: axios@1.7.7 want: ^1.1.0
558 silly fetch manifest asynckit@^0.4.0
559 silly fetch manifest combined-stream@^1.0.8
560 silly fetch manifest mime-types@^2.1.12
561 http fetch GET 200 https://registry.npmjs.org/mime-types 48ms (cache revalidated)
562 silly placeDep ROOT object-assign@4.1.1 OK for: cors@2.8.5 want: ^4
563 silly placeDep node_modules/cors vary@ OK for: cors@2.8.5 want: ^1
564 silly placeDep ROOT ms@2.1.3 OK for: debug@4.3.7 want: ^2.1.3
565 silly fetch manifest eslint@^6.0.0 || ^7.0.0 || >=8.0.0
566 silly fetch manifest jiti@*
567 http fetch GET 200 https://registry.npmjs.org/jiti 53ms (cache revalidated)
568 silly placeDep ROOT @eslint-community/eslint-utils@4.4.0 OK for: eslint@8.57.1 want: ^4.2.0
569 silly placeDep ROOT @eslint-community/regexpp@4.11.1 OK for: eslint@8.57.1 want: ^4.6.1
570 silly placeDep ROOT @eslint/eslintrc@2.1.4 OK for: eslint@8.57.1 want: ^2.1.4
571 silly placeDep ROOT @eslint/js@8.57.1 OK for: eslint@8.57.1 want: 8.57.1
572 silly placeDep ROOT @humanwhocodes/config-array@0.13.0 OK for: eslint@8.57.1 want: ^0.13.0
573 silly placeDep ROOT @humanwhocodes/module-importer@1.0.1 OK for: eslint@8.57.1 want: ^1.0.1
574 silly placeDep ROOT @nodelib/fs.walk@1.2.8 OK for: eslint@8.57.1 want: ^1.2.8
575 silly placeDep ROOT @ungap/structured-clone@1.2.0 OK for: eslint@8.57.1 want: ^1.2.0
576 silly placeDep ROOT ajv@6.12.6 OK for: eslint@8.57.1 want: ^6.12.4
577 silly placeDep ROOT chalk@4.1.2 OK for: eslint@8.57.1 want: ^4.0.0
578 silly placeDep ROOT cross-spawn@7.0.3 OK for: eslint@8.57.1 want: ^7.0.2
579 silly placeDep ROOT doctrine@3.0.0 OK for: eslint@8.57.1 want: ^3.0.0
580 silly placeDep ROOT eslint-scope@7.2.2 OK for: eslint@8.57.1 want: ^7.2.2
581 silly placeDep ROOT eslint-visitor-keys@3.4.3 OK for: eslint@8.57.1 want: ^3.4.3
582 silly placeDep ROOT espree@9.6.1 OK for: eslint@8.57.1 want: ^9.6.1
583 silly placeDep ROOT esquery@1.6.0 OK for: eslint@8.57.1 want: ^1.4.2
584 silly placeDep ROOT esutils@2.0.3 OK for: eslint@8.57.1 want: ^2.0.2
585 silly placeDep ROOT fast-deep-equal@3.1.3 OK for: eslint@8.57.1 want: ^3.1.3
586 silly placeDep ROOT file-entry-cache@6.0.1 OK for: eslint@8.57.1 want: ^6.0.1
587 silly placeDep ROOT find-up@5.0.0 OK for: eslint@8.57.1 want: ^5.0.0
588 silly placeDep ROOT glob-parent@6.0.2 OK for: eslint@8.57.1 want: ^6.0.2
589 silly placeDep node_modules/eslint globals@13.24.0 OK for: eslint@8.57.1 want: ^13.19.0
590 silly placeDep ROOT graphemer@1.4.0 OK for: eslint@8.57.1 want: ^1.4.0
591 silly placeDep ROOT ignore@5.3.2 OK for: eslint@8.57.1 want: ^5.2.0
592 silly placeDep ROOT imurmurhash@0.1.4 OK for: eslint@8.57.1 want: ^0.1.4
593 silly placeDep ROOT is-glob@4.0.3 OK for: eslint@8.57.1 want: ^4.0.0
594 silly placeDep ROOT is-path-inside@3.0.3 OK for: eslint@8.57.1 want: ^3.0.3
595 silly placeDep ROOT js-yaml@4.1.0 OK for: eslint@8.57.1 want: ^4.1.0
596 silly placeDep ROOT json-stable-stringify-without-jsonify@1.0.1 OK for: eslint@8.57.1 want: ^1.0.1
597 silly placeDep ROOT levn@0.4.1 OK for: eslint@8.57.1 want: ^0.4.1
598 silly placeDep ROOT lodash.merge@4.6.2 OK for: eslint@8.57.1 want: ^4.6.2
599 silly placeDep ROOT minimatch@3.1.2 OK for: eslint@8.57.1 want: ^3.1.2
600 silly placeDep ROOT natural-compare@1.4.0 OK for: eslint@8.57.1 want: ^1.4.0
601 silly placeDep ROOT optionator@0.9.4 OK for: eslint@8.57.1 want: ^0.9.3
602 silly placeDep ROOT strip-ansi@6.0.1 OK for: eslint@8.57.1 want: ^6.0.1
603 silly placeDep ROOT text-table@0.2.0 OK for: eslint@8.57.1 want: ^0.2.0
604 silly fetch manifest eslint-visitor-keys@^3.3.0
605 silly fetch manifest espree@^9.6.0
606 silly fetch manifest import-fresh@^3.2.1
607 silly fetch manifest strip-json-comments@^3.1.1
608 silly fetch manifest minimatch@^3.0.5
609 silly fetch manifest @humanwhocodes/object-schema@^2.0.3
610 silly fetch manifest @nodelib/fs.scandir@2.1.5
611 silly fetch manifest fastq@^1.6.0
612 silly fetch manifest uri-js@^4.2.2
613 silly fetch manifest fast-deep-equal@^3.1.1
614 silly fetch manifest json-schema-traverse@^0.4.1
615 silly fetch manifest fast-json-stable-stringify@^2.0.0
616 silly fetch manifest ansi-styles@^4.1.0
617 silly fetch manifest supports-color@^7.1.0
618 silly fetch manifest path-key@^3.1.0
619 silly fetch manifest shebang-command@^2.0.0
620 silly fetch manifest which@^2.0.1
621 silly fetch manifest esrecurse@^4.3.0
622 http fetch GET 200 https://registry.npmjs.org/ansi-styles 45ms (cache miss)
623 silly fetch manifest estraverse@^5.2.0
624 silly fetch manifest acorn@^8.9.0
625 http fetch GET 200 https://registry.npmjs.org/supports-color 48ms (cache miss)
626 silly fetch manifest acorn-jsx@^5.3.2
627 silly fetch manifest estraverse@^5.1.0
628 silly fetch manifest flat-cache@^3.0.4
629 silly fetch manifest locate-path@^6.0.0
630 silly fetch manifest path-exists@^4.0.0
631 silly fetch manifest is-glob@^4.0.3
632 silly fetch manifest type-fest@^0.20.2
633 silly fetch manifest is-extglob@^2.1.1
634 silly fetch manifest argparse@^2.0.1
635 http fetch GET 200 https://registry.npmjs.org/flat-cache 37ms (cache miss)
636 silly fetch manifest prelude-ls@^1.2.1
637 silly fetch manifest type-check@~0.4.0
638 silly fetch manifest brace-expansion@^1.1.7
639 silly fetch manifest deep-is@^0.1.3
640 silly fetch manifest word-wrap@^1.2.5
641 silly fetch manifest type-check@^0.4.0
642 silly fetch manifest fast-levenshtein@^2.0.6
643 silly fetch manifest ansi-regex@^5.0.1
644 http fetch GET 200 https://registry.npmjs.org/ansi-regex 60ms (cache revalidated)
645 silly placeDep node_modules/@eslint/eslintrc globals@13.24.0 OK for: @eslint/eslintrc@2.1.4 want: ^13.19.0
646 silly placeDep node_modules/@eslint/eslintrc import-fresh@ OK for: @eslint/eslintrc@2.1.4 want: ^3.2.1
647 silly placeDep node_modules/@eslint/eslintrc strip-json-comments@ OK for: @eslint/eslintrc@2.1.4 want: ^3.1.1
648 silly placeDep node_modules/@humanwhocodes/config-array @humanwhocodes/object-schema@ OK for: @humanwhocodes/config-array@0.13.0 want: ^2.0.3
649 silly placeDep node_modules/@nodelib/fs.walk @nodelib/fs.scandir@ OK for: @nodelib/fs.walk@1.2.8 want: 2.1.5
650 silly placeDep node_modules/@nodelib/fs.walk fastq@ OK for: @nodelib/fs.walk@1.2.8 want: ^1.6.0
651 silly placeDep node_modules/ajv fast-json-stable-stringify@ OK for: ajv@6.12.6 want: ^2.0.0
652 silly placeDep node_modules/ajv json-schema-traverse@ OK for: ajv@6.12.6 want: ^0.4.1
653 silly placeDep node_modules/ajv uri-js@ OK for: ajv@6.12.6 want: ^4.2.2
654 silly placeDep ROOT ansi-styles@4.3.0 OK for: chalk@4.1.2 want: ^4.1.0
655 silly placeDep ROOT supports-color@7.2.0 OK for: chalk@4.1.2 want: ^7.1.0
656 silly fetch manifest color-convert@^2.0.1
657 silly fetch manifest has-flag@^4.0.0
658 silly placeDep node_modules/ansi-styles color-convert@ OK for: ansi-styles@4.3.0 want: ^2.0.1
659 silly placeDep node_modules/cross-spawn path-key@ OK for: cross-spawn@7.0.3 want: ^3.1.0
660 silly placeDep node_modules/cross-spawn shebang-command@ OK for: cross-spawn@7.0.3 want: ^2.0.0
661 silly placeDep node_modules/cross-spawn which@ OK for: cross-spawn@7.0.3 want: ^2.0.1
662 silly placeDep ROOT array-includes@3.1.8 OK for: eslint-plugin-react@7.36.1 want: ^3.1.8
663 silly placeDep ROOT array.prototype.findlast@1.2.5 OK for: eslint-plugin-react@7.36.1 want: ^1.2.5
664 silly placeDep ROOT array.prototype.flatmap@1.3.2 OK for: eslint-plugin-react@7.36.1 want: ^1.3.2
665 silly placeDep ROOT array.prototype.tosorted@1.1.4 OK for: eslint-plugin-react@7.36.1 want: ^1.1.4
666 silly placeDep node_modules/eslint-plugin-react doctrine@2.1.0 OK for: eslint-plugin-react@7.36.1 want: ^2.1.0
667 silly placeDep ROOT es-iterator-helpers@1.0.19 OK for: eslint-plugin-react@7.36.1 want: ^1.0.19
668 silly placeDep ROOT estraverse@5.3.0 OK for: eslint-plugin-react@7.36.1 want: ^5.3.0
669 silly placeDep ROOT hasown@2.0.2 OK for: eslint-plugin-react@7.36.1 want: ^2.0.2
670 silly placeDep ROOT jsx-ast-utils@3.3.5 OK for: eslint-plugin-react@7.36.1 want: ^2.4.1 || ^3.0.0
671 silly placeDep ROOT object.entries@1.1.8 OK for: eslint-plugin-react@7.36.1 want: ^1.1.8
672 silly placeDep ROOT object.fromentries@2.0.8 OK for: eslint-plugin-react@7.36.1 want: ^2.0.8
673 silly placeDep ROOT object.values@1.2.0 OK for: eslint-plugin-react@7.36.1 want: ^1.2.0
674 silly placeDep ROOT resolve@2.0.0-next.5 OK for: eslint-plugin-react@7.36.1 want: ^2.0.0-next.5
675 silly placeDep ROOT string.prototype.matchall@4.0.11 OK for: eslint-plugin-react@7.36.1 want: ^4.0.11
676 silly placeDep ROOT string.prototype.repeat@1.0.0 OK for: eslint-plugin-react@7.36.1 want: ^1.0.0
677 silly fetch manifest call-bind@^1.0.7
678 silly fetch manifest define-properties@^1.2.1
679 silly fetch manifest es-abstract@^1.23.2
680 silly fetch manifest es-object-atoms@^1.0.0
681 silly fetch manifest get-intrinsic@^1.2.4
682 silly fetch manifest is-string@^1.0.7
683 silly fetch manifest es-errors@^1.3.0
684 silly fetch manifest es-shim-unscopables@^1.0.2
685 silly fetch manifest call-bind@^1.0.2
686 silly fetch manifest define-properties@^1.2.0
687 silly fetch manifest es-abstract@^1.22.1
688 silly fetch manifest es-shim-unscopables@^1.0.0
689 silly fetch manifest es-abstract@^1.23.3
690 http fetch GET 200 https://registry.npmjs.org/define-properties 40ms (cache miss)
691 http fetch GET 200 https://registry.npmjs.org/es-abstract 34ms (cache miss)
692 silly fetch manifest es-set-tostringtag@^2.0.3
693 silly fetch manifest function-bind@^1.1.2
694 silly fetch manifest globalthis@^1.0.3
695 http fetch GET 200 https://registry.npmjs.org/es-abstract 75ms (cache miss)
696 silly fetch manifest has-property-descriptors@^1.0.2
697 silly fetch manifest has-proto@^1.0.3
698 silly fetch manifest has-symbols@^1.0.3
699 silly fetch manifest internal-slot@^1.0.7
700 silly fetch manifest iterator.prototype@^1.1.2
701 silly fetch manifest safe-array-concat@^1.1.2
702 silly fetch manifest array.prototype.flat@^1.3.1
703 silly fetch manifest object.assign@^4.1.4
704 silly fetch manifest object.values@^1.1.6
705 silly fetch manifest is-core-module@^2.13.0
706 silly fetch manifest path-parse@^1.0.7
707 silly fetch manifest supports-preserve-symlinks-flag@^1.0.0
708 silly fetch manifest gopd@^1.0.1
709 http fetch GET 200 https://registry.npmjs.org/is-core-module 53ms (cache revalidated)
710 silly fetch manifest regexp.prototype.flags@^1.5.2
711 silly fetch manifest set-function-name@^2.0.2
712 silly fetch manifest side-channel@^1.0.6
713 silly fetch manifest define-properties@^1.1.3
714 silly fetch manifest es-abstract@^1.17.5
715 silly placeDep node_modules/array-includes call-bind@ OK for: array-includes@3.1.8 want: ^1.0.7
716 silly placeDep node_modules/array-includes define-properties@ OK for: array-includes@3.1.8 want: ^1.2.1
717 silly placeDep node_modules/array-includes es-abstract@ OK for: array-includes@3.1.8 want: ^1.23.2
718 silly placeDep node_modules/array-includes es-object-atoms@ OK for: array-includes@3.1.8 want: ^1.0.0
719 silly placeDep node_modules/array-includes get-intrinsic@ OK for: array-includes@3.1.8 want: ^1.2.4
720 silly placeDep node_modules/array-includes is-string@ OK for: array-includes@3.1.8 want: ^1.0.7
721 silly placeDep node_modules/array.prototype.findlast call-bind@ OK for: array.prototype.findlast@1.2.5 want: ^1.0.7
722 silly placeDep node_modules/array.prototype.findlast define-properties@ OK for: array.prototype.findlast@1.2.5 want: ^1.2.1
723 silly placeDep node_modules/array.prototype.findlast es-abstract@ OK for: array.prototype.findlast@1.2.5 want: ^1.23.2
724 silly placeDep node_modules/array.prototype.findlast es-errors@ OK for: array.prototype.findlast@1.2.5 want: ^1.3.0
725 silly placeDep node_modules/array.prototype.findlast es-object-atoms@ OK for: array.prototype.findlast@1.2.5 want: ^1.0.0
726 silly placeDep node_modules/array.prototype.findlast es-shim-unscopables@ OK for: array.prototype.findlast@1.2.5 want: ^1.0.2
727 silly placeDep node_modules/array.prototype.flatmap call-bind@ OK for: array.prototype.flatmap@1.3.2 want: ^1.0.2
728 silly placeDep ROOT define-properties@1.2.1 OK for: array.prototype.flatmap@1.3.2 want: ^1.2.0
729 silly placeDep ROOT es-abstract@1.23.3 OK for: array.prototype.flatmap@1.3.2 want: ^1.22.1
730 silly placeDep node_modules/array.prototype.flatmap es-shim-unscopables@ OK for: array.prototype.flatmap@1.3.2 want: ^1.0.0
731 silly fetch manifest define-data-property@^1.0.1
732 silly fetch manifest has-property-descriptors@^1.0.0
733 silly fetch manifest object-keys@^1.1.1
734 silly fetch manifest array-buffer-byte-length@^1.0.1
735 silly fetch manifest arraybuffer.prototype.slice@^1.0.3
736 silly fetch manifest available-typed-arrays@^1.0.7
737 silly fetch manifest data-view-buffer@^1.0.1
738 http fetch GET 200 https://registry.npmjs.org/has-property-descriptors 41ms (cache miss)
739 silly fetch manifest data-view-byte-length@^1.0.1
740 silly fetch manifest data-view-byte-offset@^1.0.0
741 silly fetch manifest es-define-property@^1.0.0
742 silly fetch manifest es-to-primitive@^1.2.1
743 silly fetch manifest function.prototype.name@^1.1.6
744 silly fetch manifest get-symbol-description@^1.0.2
745 silly fetch manifest is-array-buffer@^3.0.4
746 silly fetch manifest is-callable@^1.2.7
747 silly fetch manifest is-data-view@^1.0.1
748 silly fetch manifest is-negative-zero@^2.0.3
749 silly fetch manifest is-regex@^1.1.4
750 silly fetch manifest is-shared-array-buffer@^1.0.3
751 silly fetch manifest is-typed-array@^1.1.13
752 silly fetch manifest is-weakref@^1.0.2
753 silly fetch manifest object-inspect@^1.13.1
754 silly fetch manifest object.assign@^4.1.5
755 silly fetch manifest safe-regex-test@^1.0.3
756 silly fetch manifest string.prototype.trim@^1.2.9
757 silly fetch manifest string.prototype.trimend@^1.0.8
758 silly fetch manifest string.prototype.trimstart@^1.0.8
759 silly fetch manifest typed-array-buffer@^1.0.2
760 http fetch GET 200 https://registry.npmjs.org/object.assign 40ms (cache miss)
761 silly fetch manifest typed-array-byte-length@^1.0.1
762 silly fetch manifest typed-array-byte-offset@^1.0.2
763 silly fetch manifest typed-array-length@^1.0.6
764 silly fetch manifest unbox-primitive@^1.0.2
765 silly fetch manifest which-typed-array@^1.1.15
766 silly placeDep node_modules/array.prototype.tosorted call-bind@ OK for: array.prototype.tosorted@1.1.4 want: ^1.0.7
767 silly placeDep node_modules/array.prototype.tosorted es-errors@ OK for: array.prototype.tosorted@1.1.4 want: ^1.3.0
768 silly placeDep node_modules/array.prototype.tosorted es-shim-unscopables@ OK for: array.prototype.tosorted@1.1.4 want: ^1.0.2
769 silly placeDep node_modules/define-properties define-data-property@ OK for: define-properties@1.2.1 want: ^1.0.1
770 silly placeDep ROOT has-property-descriptors@1.0.2 OK for: define-properties@1.2.1 want: ^1.0.0
771 silly placeDep node_modules/define-properties object-keys@ OK for: define-properties@1.2.1 want: ^1.1.1
772 silly placeDep node_modules/es-abstract array-buffer-byte-length@ OK for: es-abstract@1.23.3 want: ^1.0.1
773 silly placeDep node_modules/es-abstract arraybuffer.prototype.slice@ OK for: es-abstract@1.23.3 want: ^1.0.3
774 silly placeDep node_modules/es-abstract available-typed-arrays@ OK for: es-abstract@1.23.3 want: ^1.0.7
775 silly placeDep node_modules/es-abstract call-bind@ OK for: es-abstract@1.23.3 want: ^1.0.7
776 silly placeDep node_modules/es-abstract data-view-buffer@ OK for: es-abstract@1.23.3 want: ^1.0.1
777 silly placeDep node_modules/es-abstract data-view-byte-length@ OK for: es-abstract@1.23.3 want: ^1.0.1
778 silly placeDep node_modules/es-abstract data-view-byte-offset@ OK for: es-abstract@1.23.3 want: ^1.0.0
779 silly placeDep node_modules/es-abstract es-define-property@ OK for: es-abstract@1.23.3 want: ^1.0.0
780 silly placeDep node_modules/es-abstract es-errors@ OK for: es-abstract@1.23.3 want: ^1.3.0
781 silly placeDep node_modules/es-abstract es-object-atoms@ OK for: es-abstract@1.23.3 want: ^1.0.0
782 silly placeDep node_modules/es-abstract es-set-tostringtag@ OK for: es-abstract@1.23.3 want: ^2.0.3
783 silly placeDep node_modules/es-abstract es-to-primitive@ OK for: es-abstract@1.23.3 want: ^1.2.1
784 silly placeDep node_modules/es-abstract function.prototype.name@ OK for: es-abstract@1.23.3 want: ^1.1.6
785 silly placeDep node_modules/es-abstract get-intrinsic@ OK for: es-abstract@1.23.3 want: ^1.2.4
786 silly placeDep node_modules/es-abstract get-symbol-description@ OK for: es-abstract@1.23.3 want: ^1.0.2
787 silly placeDep node_modules/es-abstract globalthis@ OK for: es-abstract@1.23.3 want: ^1.0.3
788 silly placeDep node_modules/es-abstract gopd@ OK for: es-abstract@1.23.3 want: ^1.0.1
789 silly placeDep node_modules/es-abstract has-proto@ OK for: es-abstract@1.23.3 want: ^1.0.3
790 silly placeDep node_modules/es-abstract has-symbols@ OK for: es-abstract@1.23.3 want: ^1.0.3
791 silly placeDep node_modules/es-abstract internal-slot@ OK for: es-abstract@1.23.3 want: ^1.0.7
792 silly placeDep node_modules/es-abstract is-array-buffer@ OK for: es-abstract@1.23.3 want: ^3.0.4
793 silly placeDep node_modules/es-abstract is-callable@ OK for: es-abstract@1.23.3 want: ^1.2.7
794 silly placeDep node_modules/es-abstract is-data-view@ OK for: es-abstract@1.23.3 want: ^1.0.1
795 silly placeDep node_modules/es-abstract is-negative-zero@ OK for: es-abstract@1.23.3 want: ^2.0.3
796 silly placeDep node_modules/es-abstract is-regex@ OK for: es-abstract@1.23.3 want: ^1.1.4
797 silly placeDep node_modules/es-abstract is-shared-array-buffer@ OK for: es-abstract@1.23.3 want: ^1.0.3
798 silly placeDep node_modules/es-abstract is-string@ OK for: es-abstract@1.23.3 want: ^1.0.7
799 silly placeDep node_modules/es-abstract is-typed-array@ OK for: es-abstract@1.23.3 want: ^1.1.13
800 silly placeDep node_modules/es-abstract is-weakref@ OK for: es-abstract@1.23.3 want: ^1.0.2
801 silly placeDep node_modules/es-abstract object-inspect@ OK for: es-abstract@1.23.3 want: ^1.13.1
802 silly placeDep node_modules/es-abstract object-keys@ OK for: es-abstract@1.23.3 want: ^1.1.1
803 silly placeDep ROOT object.assign@4.1.5 OK for: es-abstract@1.23.3 want: ^4.1.5
804 silly placeDep node_modules/es-abstract regexp.prototype.flags@ OK for: es-abstract@1.23.3 want: ^1.5.2
805 silly placeDep node_modules/es-abstract safe-array-concat@ OK for: es-abstract@1.23.3 want: ^1.1.2
806 silly placeDep node_modules/es-abstract safe-regex-test@ OK for: es-abstract@1.23.3 want: ^1.0.3
807 silly placeDep node_modules/es-abstract string.prototype.trim@ OK for: es-abstract@1.23.3 want: ^1.2.9
808 silly placeDep node_modules/es-abstract string.prototype.trimend@ OK for: es-abstract@1.23.3 want: ^1.0.8
809 silly placeDep node_modules/es-abstract string.prototype.trimstart@ OK for: es-abstract@1.23.3 want: ^1.0.8
810 silly placeDep node_modules/es-abstract typed-array-buffer@ OK for: es-abstract@1.23.3 want: ^1.0.2
811 silly placeDep node_modules/es-abstract typed-array-byte-length@ OK for: es-abstract@1.23.3 want: ^1.0.1
812 silly placeDep node_modules/es-abstract typed-array-byte-offset@ OK for: es-abstract@1.23.3 want: ^1.0.2
813 silly placeDep node_modules/es-abstract typed-array-length@ OK for: es-abstract@1.23.3 want: ^1.0.6
814 silly placeDep node_modules/es-abstract unbox-primitive@ OK for: es-abstract@1.23.3 want: ^1.0.2
815 silly placeDep node_modules/es-abstract which-typed-array@ OK for: es-abstract@1.23.3 want: ^1.1.15
816 silly fetch manifest call-bind@^1.0.5
817 http fetch GET 200 https://registry.npmjs.org/call-bind 46ms (cache miss)
818 silly placeDep node_modules/es-iterator-helpers call-bind@ OK for: es-iterator-helpers@1.0.19 want: ^1.0.7
819 silly placeDep node_modules/es-iterator-helpers es-errors@ OK for: es-iterator-helpers@1.0.19 want: ^1.3.0
820 silly placeDep node_modules/es-iterator-helpers es-set-tostringtag@ OK for: es-iterator-helpers@1.0.19 want: ^2.0.3
821 silly placeDep node_modules/es-iterator-helpers function-bind@ OK for: es-iterator-helpers@1.0.19 want: ^1.1.2
822 silly placeDep node_modules/es-iterator-helpers get-intrinsic@ OK for: es-iterator-helpers@1.0.19 want: ^1.2.4
823 silly placeDep node_modules/es-iterator-helpers globalthis@ OK for: es-iterator-helpers@1.0.19 want: ^1.0.3
824 silly placeDep node_modules/es-iterator-helpers has-proto@ OK for: es-iterator-helpers@1.0.19 want: ^1.0.3
825 silly placeDep node_modules/es-iterator-helpers has-symbols@ OK for: es-iterator-helpers@1.0.19 want: ^1.0.3
826 silly placeDep node_modules/es-iterator-helpers internal-slot@ OK for: es-iterator-helpers@1.0.19 want: ^1.0.7
827 silly placeDep node_modules/es-iterator-helpers iterator.prototype@ OK for: es-iterator-helpers@1.0.19 want: ^1.1.2
828 silly placeDep node_modules/es-iterator-helpers safe-array-concat@ OK for: es-iterator-helpers@1.0.19 want: ^1.1.2
829 silly placeDep node_modules/eslint-scope esrecurse@ OK for: eslint-scope@7.2.2 want: ^4.3.0
830 silly placeDep node_modules/espree acorn@ OK for: espree@9.6.1 want: ^8.9.0
831 silly placeDep node_modules/espree acorn-jsx@ OK for: espree@9.6.1 want: ^5.3.2
832 silly placeDep ROOT flat-cache@3.2.0 OK for: file-entry-cache@6.0.1 want: ^3.0.4
833 silly fetch manifest flatted@^3.2.9
834 silly fetch manifest keyv@^4.5.3
835 silly fetch manifest rimraf@^3.0.2
836 http fetch GET 200 https://registry.npmjs.org/keyv 73ms (cache revalidated)
837 silly placeDep node_modules/find-up locate-path@ OK for: find-up@5.0.0 want: ^6.0.0
838 silly placeDep node_modules/find-up path-exists@ OK for: find-up@5.0.0 want: ^4.0.0
839 silly placeDep node_modules/flat-cache flatted@ OK for: flat-cache@3.2.0 want: ^3.2.9
840 silly placeDep ROOT keyv@4.5.4 OK for: flat-cache@3.2.0 want: ^4.5.3
841 silly placeDep node_modules/flat-cache rimraf@ OK for: flat-cache@3.2.0 want: ^3.0.2
842 silly fetch manifest json-buffer@3.0.1
843 silly placeDep node_modules/form-data asynckit@ OK for: form-data@4.0.0 want: ^0.4.0
844 silly placeDep node_modules/form-data combined-stream@ OK for: form-data@4.0.0 want: ^1.0.8
845 silly placeDep ROOT mime-types@2.1.35 OK for: form-data@4.0.0 want: ^2.1.12
846 silly fetch manifest mime-db@1.52.0
847 silly placeDep ROOT @types/hoist-non-react-statics@3.3.5 OK for: formik@2.4.6 want: ^3.3.1
848 silly placeDep node_modules/formik deepmerge@ OK for: formik@2.4.6 want: ^2.1.1
849 silly placeDep ROOT lodash@4.17.21 OK for: formik@2.4.6 want: ^4.17.21
850 silly placeDep node_modules/formik lodash-es@ OK for: formik@2.4.6 want: ^4.17.21
851 silly placeDep node_modules/formik react-fast-compare@ OK for: formik@2.4.6 want: ^2.0.1
852 silly placeDep node_modules/formik tiny-warning@ OK for: formik@2.4.6 want: ^1.0.2
853 silly placeDep ROOT tslib@2.7.0 OK for: formik@2.4.6 want: ^2.0.0
854 silly placeDep node_modules/has-property-descriptors es-define-property@ OK for: has-property-descriptors@1.0.2 want: ^1.0.0
855 silly placeDep node_modules/hasown function-bind@ OK for: hasown@2.0.2 want: ^1.1.2
856 silly placeDep node_modules/hoist-non-react-statics react-is@16.13.1 OK for: hoist-non-react-statics@3.3.2 want: ^16.7.0
857 silly placeDep node_modules/is-glob is-extglob@ OK for: is-glob@4.0.3 want: ^2.1.1
858 silly placeDep node_modules/js-yaml argparse@ OK for: js-yaml@4.1.0 want: ^2.0.1
859 silly placeDep node_modules/jsx-ast-utils array.prototype.flat@ OK for: jsx-ast-utils@3.3.5 want: ^1.3.1
860 silly placeDep node_modules/keyv json-buffer@ OK for: keyv@4.5.4 want: 3.0.1
861 silly placeDep node_modules/levn prelude-ls@ OK for: levn@0.4.1 want: ^1.2.1
862 silly placeDep node_modules/levn type-check@ OK for: levn@0.4.1 want: ~0.4.0
863 silly placeDep node_modules/localforage lie@ OK for: localforage@1.10.0 want: 3.1.1
864 silly placeDep node_modules/match-sorter remove-accents@ OK for: match-sorter@6.3.4 want: 0.5.0
865 silly placeDep node_modules/mime-types mime-db@ OK for: mime-types@2.1.35 want: 1.52.0
866 silly placeDep node_modules/minimatch brace-expansion@ OK for: minimatch@3.1.2 want: ^1.1.7
867 silly placeDep ROOT call-bind@1.0.7 OK for: object.assign@4.1.5 want: ^1.0.5
868 silly placeDep node_modules/object.assign has-symbols@ OK for: object.assign@4.1.5 want: ^1.0.3
869 silly placeDep node_modules/object.assign object-keys@ OK for: object.assign@4.1.5 want: ^1.1.1
870 silly fetch manifest set-function-length@^1.2.1
871 silly placeDep node_modules/call-bind es-define-property@ OK for: call-bind@1.0.7 want: ^1.0.0
872 silly placeDep node_modules/call-bind es-errors@ OK for: call-bind@1.0.7 want: ^1.3.0
873 silly placeDep node_modules/call-bind function-bind@ OK for: call-bind@1.0.7 want: ^1.1.2
874 silly placeDep node_modules/call-bind get-intrinsic@ OK for: call-bind@1.0.7 want: ^1.2.4
875 silly placeDep node_modules/call-bind set-function-length@ OK for: call-bind@1.0.7 want: ^1.2.1
876 silly placeDep node_modules/object.entries es-object-atoms@ OK for: object.entries@1.1.8 want: ^1.0.0
877 silly placeDep node_modules/object.fromentries es-object-atoms@ OK for: object.fromentries@2.0.8 want: ^1.0.0
878 silly placeDep node_modules/object.values es-object-atoms@ OK for: object.values@1.2.0 want: ^1.0.0
879 silly placeDep node_modules/optionator deep-is@ OK for: optionator@0.9.4 want: ^0.1.3
880 silly placeDep node_modules/optionator fast-levenshtein@ OK for: optionator@0.9.4 want: ^2.0.6
881 silly placeDep node_modules/optionator prelude-ls@ OK for: optionator@0.9.4 want: ^1.2.1
882 silly placeDep node_modules/optionator type-check@ OK for: optionator@0.9.4 want: ^0.4.0
883 silly placeDep node_modules/optionator word-wrap@ OK for: optionator@0.9.4 want: ^1.2.5
884 silly placeDep ROOT loose-envify@1.4.0 OK for: prop-types@15.8.1 want: ^1.4.0
885 silly placeDep node_modules/prop-types react-is@16.13.1 OK for: prop-types@15.8.1 want: ^16.13.1
886 silly fetch manifest js-tokens@^3.0.0 || ^4.0.0
887 http fetch GET 200 https://registry.npmjs.org/js-tokens 84ms (cache miss)
888 silly placeDep ROOT js-tokens@4.0.0 OK for: loose-envify@1.4.0 want: ^3.0.0 || ^4.0.0
889 silly placeDep ROOT scheduler@0.23.2 OK for: react-dom@18.3.1 want: ^0.23.2
890 silly placeDep ROOT html-parse-stringify@3.0.1 OK for: react-i18next@14.1.3 want: ^3.0.1
891 silly fetch manifest void-elements@3.1.0
892 silly placeDep node_modules/html-parse-stringify void-elements@ OK for: html-parse-stringify@3.0.1 want: 3.1.0
893 silly placeDep node_modules/react-input-mask invariant@ OK for: react-input-mask@2.0.4 want: ^2.2.4
894 silly placeDep node_modules/react-input-mask warning@ OK for: react-input-mask@2.0.4 want: ^4.0.2
895 silly placeDep node_modules/react-modal exenv@ OK for: react-modal@3.16.1 want: ^1.2.0
896 silly placeDep node_modules/react-modal react-lifecycles-compat@ OK for: react-modal@3.16.1 want: ^3.0.0
897 silly placeDep node_modules/react-modal warning@ OK for: react-modal@3.16.1 want: ^4.0.3
898 silly fetch manifest react@>=16.8
899 silly placeDep ROOT @remix-run/router@1.19.2 OK for: react-router-dom@6.26.2 want: 1.19.2
900 silly placeDep ROOT react-router@6.26.2 OK for: react-router-dom@6.26.2 want: 6.26.2
901 silly fetch manifest react@^16.8.0 || ^17.0.0 || ^18.0.0
902 silly placeDep ROOT @floating-ui/dom@1.6.11 OK for: react-select@5.8.1 want: ^1.0.1
903 silly placeDep ROOT memoize-one@6.0.0 OK for: react-select@5.8.1 want: ^6.0.0
904 silly placeDep ROOT use-isomorphic-layout-effect@1.1.2 OK for: react-select@5.8.1 want: ^1.1.2
905 silly fetch manifest @floating-ui/core@^1.6.0
906 silly fetch manifest @floating-ui/utils@^0.2.8
907 http fetch GET 200 https://registry.npmjs.org/@floating-ui%2fcore 7ms (cache hit)
908 http fetch GET 200 https://registry.npmjs.org/@floating-ui%2futils 9ms (cache hit)
909 silly placeDep ROOT @floating-ui/core@1.6.8 OK for: @floating-ui/dom@1.6.11 want: ^1.6.0
910 silly placeDep ROOT @floating-ui/utils@0.2.8 OK for: @floating-ui/dom@1.6.11 want: ^0.2.8
911 silly placeDep ROOT dom-helpers@5.2.1 OK for: react-transition-group@4.4.5 want: ^5.0.1
912 silly placeDep ROOT is-core-module@2.15.1 OK for: resolve@2.0.0-next.5 want: ^2.13.0
913 silly placeDep node_modules/resolve path-parse@ OK for: resolve@2.0.0-next.5 want: ^1.0.7
914 silly placeDep node_modules/resolve supports-preserve-symlinks-flag@ OK for: resolve@2.0.0-next.5 want: ^1.0.0
915 silly placeDep node_modules/sort-by object-path@ OK for: sort-by@1.2.0 want: 0.6.0
916 silly placeDep node_modules/string.prototype.matchall es-errors@ OK for: string.prototype.matchall@4.0.11 want: ^1.3.0
917 silly placeDep node_modules/string.prototype.matchall es-object-atoms@ OK for: string.prototype.matchall@4.0.11 want: ^1.0.0
918 silly placeDep node_modules/string.prototype.matchall get-intrinsic@ OK for: string.prototype.matchall@4.0.11 want: ^1.2.4
919 silly placeDep node_modules/string.prototype.matchall gopd@ OK for: string.prototype.matchall@4.0.11 want: ^1.0.1
920 silly placeDep node_modules/string.prototype.matchall has-symbols@ OK for: string.prototype.matchall@4.0.11 want: ^1.0.3
921 silly placeDep node_modules/string.prototype.matchall internal-slot@ OK for: string.prototype.matchall@4.0.11 want: ^1.0.7
922 silly placeDep node_modules/string.prototype.matchall regexp.prototype.flags@ OK for: string.prototype.matchall@4.0.11 want: ^1.5.2
923 silly placeDep node_modules/string.prototype.matchall set-function-name@ OK for: string.prototype.matchall@4.0.11 want: ^2.0.2
924 silly placeDep node_modules/string.prototype.matchall side-channel@ OK for: string.prototype.matchall@4.0.11 want: ^1.0.6
925 silly placeDep ROOT ansi-regex@5.0.1 OK for: strip-ansi@6.0.1 want: ^5.0.1
926 silly placeDep node_modules/styled-components @emotion/is-prop-valid@1.2.2 OK for: styled-components@6.1.13 want: 1.2.2
927 silly placeDep node_modules/styled-components @emotion/unitless@0.8.1 OK for: styled-components@6.1.13 want: 0.8.1
928 silly placeDep ROOT @types/stylis@4.2.5 OK for: styled-components@6.1.13 want: 4.2.5
929 silly placeDep ROOT css-to-react-native@3.2.0 OK for: styled-components@6.1.13 want: 3.2.0
930 silly placeDep ROOT postcss@8.4.38 OK for: styled-components@6.1.13 want: 8.4.38
931 silly placeDep ROOT shallowequal@1.1.0 OK for: styled-components@6.1.13 want: 1.1.0
932 silly placeDep node_modules/styled-components stylis@4.3.2 OK for: styled-components@6.1.13 want: 4.3.2
933 silly placeDep node_modules/styled-components tslib@2.6.2 OK for: styled-components@6.1.13 want: 2.6.2
934 silly fetch manifest @emotion/memoize@^0.8.1
935 silly fetch manifest camelize@^1.0.0
936 silly fetch manifest css-color-keywords@^1.0.0
937 silly fetch manifest postcss-value-parser@^4.0.2
938 silly fetch manifest nanoid@^3.3.7
939 silly fetch manifest picocolors@^1.0.0
940 silly fetch manifest source-map-js@^1.2.0
941 http fetch GET 200 https://registry.npmjs.org/source-map-js 12ms (cache hit)
942 http fetch GET 200 https://registry.npmjs.org/picocolors 14ms (cache hit)
943 http fetch GET 200 https://registry.npmjs.org/nanoid 76ms (cache miss)
944 silly placeDep node_modules/css-to-react-native camelize@ OK for: css-to-react-native@3.2.0 want: ^1.0.0
945 silly placeDep node_modules/css-to-react-native css-color-keywords@ OK for: css-to-react-native@3.2.0 want: ^1.0.0
946 silly placeDep node_modules/css-to-react-native postcss-value-parser@ OK for: css-to-react-native@3.2.0 want: ^4.0.2
947 silly placeDep ROOT nanoid@3.3.7 OK for: postcss@8.4.38 want: ^3.3.7
948 silly placeDep ROOT picocolors@1.1.0 OK for: postcss@8.4.38 want: ^1.0.0
949 silly placeDep ROOT source-map-js@1.2.1 OK for: postcss@8.4.38 want: ^1.2.0
950 silly placeDep node_modules/supports-color has-flag@ OK for: supports-color@7.2.0 want: ^4.0.0
951 silly placeDep ROOT esbuild@0.21.5 OK for: vite@5.4.8 want: ^0.21.3
952 silly placeDep ROOT fsevents@2.3.3 OK for: vite@5.4.8 want: ~2.3.3
953 silly placeDep node_modules/vite postcss@8.4.47 OK for: vite@5.4.8 want: ^8.4.43
954 silly placeDep ROOT rollup@4.22.4 OK for: vite@5.4.8 want: ^4.20.0
955 silly fetch manifest @esbuild/aix-ppc64@0.21.5
956 silly fetch manifest @esbuild/linux-arm@0.21.5
957 silly fetch manifest @esbuild/linux-x64@0.21.5
958 silly fetch manifest @esbuild/sunos-x64@0.21.5
959 silly fetch manifest @esbuild/win32-x64@0.21.5
960 silly fetch manifest @esbuild/darwin-x64@0.21.5
961 silly fetch manifest @esbuild/linux-ia32@0.21.5
962 http fetch GET 200 https://registry.npmjs.org/@esbuild%2faix-ppc64 17ms (cache hit)
963 silly fetch manifest @esbuild/netbsd-x64@0.21.5
964 http fetch GET 200 https://registry.npmjs.org/@esbuild%2flinux-arm 19ms (cache hit)
965 silly fetch manifest @esbuild/win32-ia32@0.21.5
966 http fetch GET 200 https://registry.npmjs.org/@esbuild%2flinux-x64 23ms (cache hit)
967 silly fetch manifest @esbuild/android-arm@0.21.5
968 http fetch GET 200 https://registry.npmjs.org/@esbuild%2fsunos-x64 24ms (cache hit)
969 silly fetch manifest @esbuild/android-x64@0.21.5
970 http fetch GET 200 https://registry.npmjs.org/@esbuild%2fwin32-x64 27ms (cache hit)
971 silly fetch manifest @esbuild/freebsd-x64@0.21.5
972 http fetch GET 200 https://registry.npmjs.org/@esbuild%2fdarwin-x64 30ms (cache hit)
973 silly fetch manifest @esbuild/linux-arm64@0.21.5
974 http fetch GET 200 https://registry.npmjs.org/@esbuild%2flinux-ia32 33ms (cache hit)
975 silly fetch manifest @esbuild/linux-ppc64@0.21.5
976 http fetch GET 200 https://registry.npmjs.org/@esbuild%2fnetbsd-x64 31ms (cache hit)
977 silly fetch manifest @esbuild/linux-s390x@0.21.5
978 http fetch GET 200 https://registry.npmjs.org/@esbuild%2fwin32-ia32 31ms (cache hit)
979 silly fetch manifest @esbuild/openbsd-x64@0.21.5
980 http fetch GET 200 https://registry.npmjs.org/@esbuild%2fandroid-arm 31ms (cache hit)
981 silly fetch manifest @esbuild/win32-arm64@0.21.5
982 http fetch GET 200 https://registry.npmjs.org/@esbuild%2fandroid-x64 32ms (cache hit)
983 silly fetch manifest @esbuild/darwin-arm64@0.21.5
984 http fetch GET 200 https://registry.npmjs.org/@esbuild%2ffreebsd-x64 32ms (cache hit)
985 silly fetch manifest @esbuild/android-arm64@0.21.5
986 http fetch GET 200 https://registry.npmjs.org/@esbuild%2flinux-arm64 31ms (cache hit)
987 silly fetch manifest @esbuild/freebsd-arm64@0.21.5
988 http fetch GET 200 https://registry.npmjs.org/@esbuild%2flinux-ppc64 31ms (cache hit)
989 silly fetch manifest @esbuild/linux-loong64@0.21.5
990 http fetch GET 200 https://registry.npmjs.org/@esbuild%2fopenbsd-x64 26ms (cache hit)
991 silly fetch manifest @esbuild/linux-riscv64@0.21.5
992 http fetch GET 200 https://registry.npmjs.org/@esbuild%2flinux-s390x 32ms (cache hit)
993 silly fetch manifest @esbuild/linux-mips64el@0.21.5
994 http fetch GET 200 https://registry.npmjs.org/@esbuild%2fwin32-arm64 28ms (cache hit)
995 silly fetch manifest @types/estree@1.0.5
996 http fetch GET 200 https://registry.npmjs.org/@esbuild%2fdarwin-arm64 27ms (cache hit)
997 silly fetch manifest @rollup/rollup-darwin-x64@4.22.4
998 http fetch GET 200 https://registry.npmjs.org/@esbuild%2fandroid-arm64 27ms (cache hit)
999 silly fetch manifest @rollup/rollup-darwin-arm64@4.22.4
1000 http fetch GET 200 https://registry.npmjs.org/@esbuild%2ffreebsd-arm64 27ms (cache hit)
1001 silly fetch manifest @rollup/rollup-android-arm64@4.22.4
1002 http fetch GET 200 https://registry.npmjs.org/@esbuild%2flinux-loong64 27ms (cache hit)
1003 silly fetch manifest @rollup/rollup-linux-x64-gnu@4.22.4
1004 http fetch GET 200 https://registry.npmjs.org/@esbuild%2flinux-riscv64 28ms (cache hit)
1005 silly fetch manifest @rollup/rollup-linux-x64-musl@4.22.4
1006 http fetch GET 200 https://registry.npmjs.org/@rollup%2frollup-darwin-x64 23ms (cache hit)
1007 silly fetch manifest @rollup/rollup-win32-x64-msvc@4.22.4
1008 http fetch GET 200 https://registry.npmjs.org/@types%2festree 28ms (cache hit)
1009 silly fetch manifest @rollup/rollup-linux-arm64-gnu@4.22.4
1010 http fetch GET 200 https://registry.npmjs.org/@esbuild%2flinux-mips64el 34ms (cache hit)
1011 silly fetch manifest @rollup/rollup-linux-s390x-gnu@4.22.4
1012 http fetch GET 200 https://registry.npmjs.org/@rollup%2frollup-darwin-arm64 31ms (cache hit)
1013 silly fetch manifest @rollup/rollup-win32-ia32-msvc@4.22.4
1014 http fetch GET 200 https://registry.npmjs.org/@rollup%2frollup-android-arm64 32ms (cache hit)
1015 silly fetch manifest @rollup/rollup-android-arm-eabi@4.22.4
1016 http fetch GET 200 https://registry.npmjs.org/@rollup%2frollup-linux-x64-gnu 31ms (cache hit)
1017 silly fetch manifest @rollup/rollup-linux-arm64-musl@4.22.4
1018 http fetch GET 200 https://registry.npmjs.org/@rollup%2frollup-linux-x64-musl 33ms (cache hit)
1019 silly fetch manifest @rollup/rollup-win32-arm64-msvc@4.22.4
1020 http fetch GET 200 https://registry.npmjs.org/@rollup%2frollup-linux-arm64-gnu 31ms (cache hit)
1021 silly fetch manifest @rollup/rollup-linux-riscv64-gnu@4.22.4
1022 http fetch GET 200 https://registry.npmjs.org/@rollup%2frollup-win32-x64-msvc 35ms (cache hit)
1023 silly fetch manifest @rollup/rollup-linux-arm-gnueabihf@4.22.4
1024 http fetch GET 200 https://registry.npmjs.org/@rollup%2frollup-linux-s390x-gnu 34ms (cache hit)
1025 silly fetch manifest @rollup/rollup-linux-arm-musleabihf@4.22.4
1026 http fetch GET 200 https://registry.npmjs.org/@rollup%2frollup-win32-ia32-msvc 31ms (cache hit)
1027 silly fetch manifest @rollup/rollup-linux-powerpc64le-gnu@4.22.4
1028 http fetch GET 200 https://registry.npmjs.org/@rollup%2frollup-android-arm-eabi 31ms (cache hit)
1029 http fetch GET 200 https://registry.npmjs.org/@rollup%2frollup-linux-arm64-musl 31ms (cache hit)
1030 http fetch GET 200 https://registry.npmjs.org/@rollup%2frollup-win32-arm64-msvc 25ms (cache hit)
1031 http fetch GET 200 https://registry.npmjs.org/@rollup%2frollup-linux-riscv64-gnu 25ms (cache hit)
1032 http fetch GET 200 https://registry.npmjs.org/@rollup%2frollup-linux-arm-gnueabihf 24ms (cache hit)
1033 http fetch GET 200 https://registry.npmjs.org/@rollup%2frollup-linux-arm-musleabihf 23ms (cache hit)
1034 http fetch GET 200 https://registry.npmjs.org/@rollup%2frollup-linux-powerpc64le-gnu 21ms (cache hit)
1035 silly placeDep ROOT @esbuild/aix-ppc64@0.21.5 OK for: esbuild@0.21.5 want: 0.21.5
1036 silly placeDep ROOT @esbuild/android-arm@0.21.5 OK for: esbuild@0.21.5 want: 0.21.5
1037 silly placeDep ROOT @esbuild/android-arm64@0.21.5 OK for: esbuild@0.21.5 want: 0.21.5
1038 silly placeDep ROOT @esbuild/android-x64@0.21.5 OK for: esbuild@0.21.5 want: 0.21.5
1039 silly placeDep ROOT @esbuild/darwin-arm64@0.21.5 OK for: esbuild@0.21.5 want: 0.21.5
1040 silly placeDep ROOT @esbuild/darwin-x64@0.21.5 OK for: esbuild@0.21.5 want: 0.21.5
1041 silly placeDep ROOT @esbuild/freebsd-arm64@0.21.5 OK for: esbuild@0.21.5 want: 0.21.5
1042 silly placeDep ROOT @esbuild/freebsd-x64@0.21.5 OK for: esbuild@0.21.5 want: 0.21.5
1043 silly placeDep ROOT @esbuild/linux-arm@0.21.5 OK for: esbuild@0.21.5 want: 0.21.5
1044 silly placeDep ROOT @esbuild/linux-arm64@0.21.5 OK for: esbuild@0.21.5 want: 0.21.5
1045 silly placeDep ROOT @esbuild/linux-ia32@0.21.5 OK for: esbuild@0.21.5 want: 0.21.5
1046 silly placeDep ROOT @esbuild/linux-loong64@0.21.5 OK for: esbuild@0.21.5 want: 0.21.5
1047 silly placeDep ROOT @esbuild/linux-mips64el@0.21.5 OK for: esbuild@0.21.5 want: 0.21.5
1048 silly placeDep ROOT @esbuild/linux-ppc64@0.21.5 OK for: esbuild@0.21.5 want: 0.21.5
1049 silly placeDep ROOT @esbuild/linux-riscv64@0.21.5 OK for: esbuild@0.21.5 want: 0.21.5
1050 silly placeDep ROOT @esbuild/linux-s390x@0.21.5 OK for: esbuild@0.21.5 want: 0.21.5
1051 silly placeDep ROOT @esbuild/linux-x64@0.21.5 OK for: esbuild@0.21.5 want: 0.21.5
1052 silly placeDep ROOT @esbuild/netbsd-x64@0.21.5 OK for: esbuild@0.21.5 want: 0.21.5
1053 silly placeDep ROOT @esbuild/openbsd-x64@0.21.5 OK for: esbuild@0.21.5 want: 0.21.5
1054 silly placeDep ROOT @esbuild/sunos-x64@0.21.5 OK for: esbuild@0.21.5 want: 0.21.5
1055 silly placeDep ROOT @esbuild/win32-arm64@0.21.5 OK for: esbuild@0.21.5 want: 0.21.5
1056 silly placeDep ROOT @esbuild/win32-ia32@0.21.5 OK for: esbuild@0.21.5 want: 0.21.5
1057 silly placeDep ROOT @esbuild/win32-x64@0.21.5 OK for: esbuild@0.21.5 want: 0.21.5
1058 silly placeDep ROOT @rollup/rollup-android-arm-eabi@4.22.4 OK for: rollup@4.22.4 want: 4.22.4
1059 silly placeDep ROOT @rollup/rollup-android-arm64@4.22.4 OK for: rollup@4.22.4 want: 4.22.4
1060 silly placeDep ROOT @rollup/rollup-darwin-arm64@4.22.4 OK for: rollup@4.22.4 want: 4.22.4
1061 silly placeDep ROOT @rollup/rollup-darwin-x64@4.22.4 OK for: rollup@4.22.4 want: 4.22.4
1062 silly placeDep ROOT @rollup/rollup-linux-arm-gnueabihf@4.22.4 OK for: rollup@4.22.4 want: 4.22.4
1063 silly placeDep ROOT @rollup/rollup-linux-arm-musleabihf@4.22.4 OK for: rollup@4.22.4 want: 4.22.4
1064 silly placeDep ROOT @rollup/rollup-linux-arm64-gnu@4.22.4 OK for: rollup@4.22.4 want: 4.22.4
1065 silly placeDep ROOT @rollup/rollup-linux-arm64-musl@4.22.4 OK for: rollup@4.22.4 want: 4.22.4
1066 silly placeDep ROOT @rollup/rollup-linux-powerpc64le-gnu@4.22.4 OK for: rollup@4.22.4 want: 4.22.4
1067 silly placeDep ROOT @rollup/rollup-linux-riscv64-gnu@4.22.4 OK for: rollup@4.22.4 want: 4.22.4
1068 silly placeDep ROOT @rollup/rollup-linux-s390x-gnu@4.22.4 OK for: rollup@4.22.4 want: 4.22.4
1069 silly placeDep ROOT @rollup/rollup-linux-x64-gnu@4.22.4 OK for: rollup@4.22.4 want: 4.22.4
1070 silly placeDep ROOT @rollup/rollup-linux-x64-musl@4.22.4 OK for: rollup@4.22.4 want: 4.22.4
1071 silly placeDep ROOT @rollup/rollup-win32-arm64-msvc@4.22.4 OK for: rollup@4.22.4 want: 4.22.4
1072 silly placeDep ROOT @rollup/rollup-win32-ia32-msvc@4.22.4 OK for: rollup@4.22.4 want: 4.22.4
1073 silly placeDep ROOT @rollup/rollup-win32-x64-msvc@4.22.4 OK for: rollup@4.22.4 want: 4.22.4
1074 silly placeDep ROOT @types/estree@1.0.5 OK for: rollup@4.22.4 want: 1.0.5
1075 silly placeDep node_modules/yup property-expr@ OK for: yup@1.4.0 want: ^2.0.5
1076 silly placeDep node_modules/yup tiny-case@ OK for: yup@1.4.0 want: ^1.0.3
1077 silly placeDep node_modules/yup toposort@ OK for: yup@1.4.0 want: ^2.0.2
1078 silly placeDep ROOT type-fest@2.19.0 OK for: yup@1.4.0 want: ^2.19.0
1079 silly placeDep node_modules/@eslint/eslintrc type-fest@0.20.2 OK for: globals@13.24.0 want: ^0.20.2
1080 silly placeDep node_modules/eslint type-fest@0.20.2 OK for: globals@13.24.0 want: ^0.20.2
1081 silly placeDep node_modules/styled-components @emotion/memoize@0.8.1 OK for: @emotion/is-prop-valid@1.2.2 want: ^0.8.1
1082 verbose type system
1083 verbose stack FetchError: Invalid response body while trying to fetch https://registry.npmjs.org/@babel%2fhelper-module-imports: ENOENT: no such file or directory, stat 'C:\Users\JuanR\Downloads\git\Commom-League\UsersJuanRAppDataRoamingnpm-cache\_cacache\content-v2\sha512\cc\ae\6fedbf0f09fc6cea23f118192ac60cda38f3baeede77d5d476e54851e3ae32d53c7c7b5f1c972eca81764f9fc00ab71e1f6111c68e716577be334e59e8a1'
1083 verbose stack     at C:\Users\JuanR\AppData\Roaming\npm\node_modules\npm\node_modules\minipass-fetch\lib\body.js:170:15
1083 verbose stack     at async Response.json (C:\Users\JuanR\AppData\Roaming\npm\node_modules\npm\node_modules\minipass-fetch\lib\body.js:75:17)
1083 verbose stack     at async RegistryFetcher.packument (C:\Users\JuanR\AppData\Roaming\npm\node_modules\npm\node_modules\pacote\lib\registry.js:98:25)
1083 verbose stack     at async RegistryFetcher.manifest (C:\Users\JuanR\AppData\Roaming\npm\node_modules\npm\node_modules\pacote\lib\registry.js:129:23)
1084 verbose cwd C:\Users\JuanR\Downloads\git\Commom-League
1085 verbose Windows_NT 10.0.19045
1086 verbose node v21.5.0
1087 verbose npm  v10.7.0
1088 error code ENOENT
1089 error syscall stat
1090 error path C:\Users\JuanR\Downloads\git\Commom-League\UsersJuanRAppDataRoamingnpm-cache\_cacache\content-v2\sha512\cc\ae\6fedbf0f09fc6cea23f118192ac60cda38f3baeede77d5d476e54851e3ae32d53c7c7b5f1c972eca81764f9fc00ab71e1f6111c68e716577be334e59e8a1
1091 error errno ENOENT
1092 error enoent Invalid response body while trying to fetch https://registry.npmjs.org/@babel%2fhelper-module-imports: ENOENT: no such file or directory, stat 'C:\Users\JuanR\Downloads\git\Commom-League\UsersJuanRAppDataRoamingnpm-cache\_cacache\content-v2\sha512\cc\ae\6fedbf0f09fc6cea23f118192ac60cda38f3baeede77d5d476e54851e3ae32d53c7c7b5f1c972eca81764f9fc00ab71e1f6111c68e716577be334e59e8a1'
1093 error enoent This is related to npm not being able to find a file.
1093 error enoent
1094 verbose exit 1
1095 verbose code 1
1096 silly unfinished npm timer reify 1727275511161
1097 silly unfinished npm timer reify:loadTrees 1727275511170
1098 error A complete log of this run can be found in: C:\Users\JuanR\Downloads\git\Commom-League\UsersJuanRAppDataRoamingnpm-cache\_logs\2024-09-25T14_45_10_453Z-debug-0.log
